<?xml version="1.0" encoding="UTF-8"?>
<testsuites>
  <testsuite name="/app/phpunit-ci.xml" tests="129" assertions="2780" errors="0" failures="0" skipped="0" time="19.406616">
    <testsuite name="Unit" tests="39" assertions="64" errors="0" failures="0" skipped="0" time="1.653761">
      <testsuite name="Tests\Unit\Playground\Directory\Api\Http\Requests\FormRequest\InstanceTest" file="/app/tests/Unit/Http/Requests/FormRequest/InstanceTest.php" tests="5" assertions="6" errors="0" failures="0" skipped="0" time="0.404562">
        <testcase name="test_FormRequest_authorize_without_user" file="/app/tests/Unit/Http/Requests/FormRequest/InstanceTest.php" line="21" class="Tests\Unit\Playground\Directory\Api\Http\Requests\FormRequest\InstanceTest" classname="Tests.Unit.Playground.Directory.Api.Http.Requests.FormRequest.InstanceTest" assertions="1" time="0.263123"/>
        <testcase name="test_RULES_is_empty_by_default" file="/app/tests/Unit/Http/Requests/FormRequest/InstanceTest.php" line="28" class="Tests\Unit\Playground\Directory\Api\Http\Requests\FormRequest\InstanceTest" classname="Tests.Unit.Playground.Directory.Api.Http.Requests.FormRequest.InstanceTest" assertions="2" time="0.029715"/>
        <testcase name="test_userHasAdminPrivileges_without_user" file="/app/tests/Unit/Http/Requests/FormRequest/InstanceTest.php" line="36" class="Tests\Unit\Playground\Directory\Api\Http\Requests\FormRequest\InstanceTest" classname="Tests.Unit.Playground.Directory.Api.Http.Requests.FormRequest.InstanceTest" assertions="1" time="0.027955"/>
        <testcase name="test_userHasAdminPrivileges_with_admin" file="/app/tests/Unit/Http/Requests/FormRequest/InstanceTest.php" line="43" class="Tests\Unit\Playground\Directory\Api\Http\Requests\FormRequest\InstanceTest" classname="Tests.Unit.Playground.Directory.Api.Http.Requests.FormRequest.InstanceTest" assertions="1" time="0.051199"/>
        <testcase name="test_userHasAdminPrivileges_with_default_laravel_user" file="/app/tests/Unit/Http/Requests/FormRequest/InstanceTest.php" line="55" class="Tests\Unit\Playground\Directory\Api\Http\Requests\FormRequest\InstanceTest" classname="Tests.Unit.Playground.Directory.Api.Http.Requests.FormRequest.InstanceTest" assertions="1" time="0.032571"/>
      </testsuite>
      <testsuite name="Tests\Unit\Playground\Directory\Api\Http\Requests\Location\CreateRequestTest" file="/app/tests/Unit/Http/Requests/Location/CreateRequestTest.php" tests="1" assertions="1" errors="0" failures="0" skipped="0" time="0.044925">
        <testcase name="test_request_instance" file="/app/vendor/gammamatrix/playground-test/src/Unit/Http/Requests/RequestCase.php" line="41" class="Tests\Unit\Playground\Directory\Api\Http\Requests\Location\CreateRequestTest" classname="Tests.Unit.Playground.Directory.Api.Http.Requests.Location.CreateRequestTest" assertions="1" time="0.044925"/>
      </testsuite>
      <testsuite name="Tests\Unit\Playground\Directory\Api\Http\Requests\Location\DestroyRequestTest" file="/app/tests/Unit/Http/Requests/Location/DestroyRequestTest.php" tests="1" assertions="1" errors="0" failures="0" skipped="0" time="0.032276">
        <testcase name="test_request_instance" file="/app/vendor/gammamatrix/playground-test/src/Unit/Http/Requests/RequestCase.php" line="41" class="Tests\Unit\Playground\Directory\Api\Http\Requests\Location\DestroyRequestTest" classname="Tests.Unit.Playground.Directory.Api.Http.Requests.Location.DestroyRequestTest" assertions="1" time="0.032276"/>
      </testsuite>
      <testsuite name="Tests\Unit\Playground\Directory\Api\Http\Requests\Location\EditRequestTest" file="/app/tests/Unit/Http/Requests/Location/EditRequestTest.php" tests="1" assertions="1" errors="0" failures="0" skipped="0" time="0.046088">
        <testcase name="test_request_instance" file="/app/vendor/gammamatrix/playground-test/src/Unit/Http/Requests/RequestCase.php" line="41" class="Tests\Unit\Playground\Directory\Api\Http\Requests\Location\EditRequestTest" classname="Tests.Unit.Playground.Directory.Api.Http.Requests.Location.EditRequestTest" assertions="1" time="0.046088"/>
      </testsuite>
      <testsuite name="Tests\Unit\Playground\Directory\Api\Http\Requests\Location\IndexRequestTest" file="/app/tests/Unit/Http/Requests/Location/IndexRequestTest.php" tests="1" assertions="1" errors="0" failures="0" skipped="0" time="0.091175">
        <testcase name="test_request_instance" file="/app/vendor/gammamatrix/playground-test/src/Unit/Http/Requests/RequestCase.php" line="41" class="Tests\Unit\Playground\Directory\Api\Http\Requests\Location\IndexRequestTest" classname="Tests.Unit.Playground.Directory.Api.Http.Requests.Location.IndexRequestTest" assertions="1" time="0.091175"/>
      </testsuite>
      <testsuite name="Tests\Unit\Playground\Directory\Api\Http\Requests\Location\LockRequestTest" file="/app/tests/Unit/Http/Requests/Location/LockRequestTest.php" tests="1" assertions="1" errors="0" failures="0" skipped="0" time="0.029549">
        <testcase name="test_request_instance" file="/app/vendor/gammamatrix/playground-test/src/Unit/Http/Requests/RequestCase.php" line="41" class="Tests\Unit\Playground\Directory\Api\Http\Requests\Location\LockRequestTest" classname="Tests.Unit.Playground.Directory.Api.Http.Requests.Location.LockRequestTest" assertions="1" time="0.029549"/>
      </testsuite>
      <testsuite name="Tests\Unit\Playground\Directory\Api\Http\Requests\Location\RestoreRequestTest" file="/app/tests/Unit/Http/Requests/Location/RestoreRequestTest.php" tests="1" assertions="1" errors="0" failures="0" skipped="0" time="0.029199">
        <testcase name="test_request_instance" file="/app/vendor/gammamatrix/playground-test/src/Unit/Http/Requests/RequestCase.php" line="41" class="Tests\Unit\Playground\Directory\Api\Http\Requests\Location\RestoreRequestTest" classname="Tests.Unit.Playground.Directory.Api.Http.Requests.Location.RestoreRequestTest" assertions="1" time="0.029199"/>
      </testsuite>
      <testsuite name="Tests\Unit\Playground\Directory\Api\Http\Requests\Location\ShowRequestTest" file="/app/tests/Unit/Http/Requests/Location/ShowRequestTest.php" tests="1" assertions="1" errors="0" failures="0" skipped="0" time="0.028804">
        <testcase name="test_request_instance" file="/app/vendor/gammamatrix/playground-test/src/Unit/Http/Requests/RequestCase.php" line="41" class="Tests\Unit\Playground\Directory\Api\Http\Requests\Location\ShowRequestTest" classname="Tests.Unit.Playground.Directory.Api.Http.Requests.Location.ShowRequestTest" assertions="1" time="0.028804"/>
      </testsuite>
      <testsuite name="Tests\Unit\Playground\Directory\Api\Http\Requests\Location\StoreRequestTest" file="/app/tests/Unit/Http/Requests/Location/StoreRequestTest.php" tests="3" assertions="8" errors="0" failures="0" skipped="0" time="0.103821">
        <testcase name="test_request_instance" file="/app/vendor/gammamatrix/playground-test/src/Unit/Http/Requests/RequestCase.php" line="41" class="Tests\Unit\Playground\Directory\Api\Http\Requests\Location\StoreRequestTest" classname="Tests.Unit.Playground.Directory.Api.Http.Requests.Location.StoreRequestTest" assertions="1" time="0.048362"/>
        <testcase name="test_StoreRequest_rules_with_optional_revisions_disabled" file="/app/tests/Unit/Http/Requests/Location/StoreRequestTest.php" line="19" class="Tests\Unit\Playground\Directory\Api\Http\Requests\Location\StoreRequestTest" classname="Tests.Unit.Playground.Directory.Api.Http.Requests.Location.StoreRequestTest" assertions="3" time="0.027650"/>
        <testcase name="test_StoreRequest_rules_with_optional_revisions_enabled" file="/app/tests/Unit/Http/Requests/Location/StoreRequestTest.php" line="29" class="Tests\Unit\Playground\Directory\Api\Http\Requests\Location\StoreRequestTest" classname="Tests.Unit.Playground.Directory.Api.Http.Requests.Location.StoreRequestTest" assertions="4" time="0.027809"/>
      </testsuite>
      <testsuite name="Tests\Unit\Playground\Directory\Api\Http\Requests\Location\UnlockRequestTest" file="/app/tests/Unit/Http/Requests/Location/UnlockRequestTest.php" tests="1" assertions="1" errors="0" failures="0" skipped="0" time="0.029693">
        <testcase name="test_request_instance" file="/app/vendor/gammamatrix/playground-test/src/Unit/Http/Requests/RequestCase.php" line="41" class="Tests\Unit\Playground\Directory\Api\Http\Requests\Location\UnlockRequestTest" classname="Tests.Unit.Playground.Directory.Api.Http.Requests.Location.UnlockRequestTest" assertions="1" time="0.029693"/>
      </testsuite>
      <testsuite name="Tests\Unit\Playground\Directory\Api\Http\Requests\Location\UpdateRequestTest" file="/app/tests/Unit/Http/Requests/Location/UpdateRequestTest.php" tests="3" assertions="8" errors="0" failures="0" skipped="0" time="0.105563">
        <testcase name="test_request_instance" file="/app/vendor/gammamatrix/playground-test/src/Unit/Http/Requests/RequestCase.php" line="41" class="Tests\Unit\Playground\Directory\Api\Http\Requests\Location\UpdateRequestTest" classname="Tests.Unit.Playground.Directory.Api.Http.Requests.Location.UpdateRequestTest" assertions="1" time="0.049404"/>
        <testcase name="test_UpdateRequest_rules_with_optional_revisions_disabled" file="/app/tests/Unit/Http/Requests/Location/UpdateRequestTest.php" line="19" class="Tests\Unit\Playground\Directory\Api\Http\Requests\Location\UpdateRequestTest" classname="Tests.Unit.Playground.Directory.Api.Http.Requests.Location.UpdateRequestTest" assertions="3" time="0.028117"/>
        <testcase name="test_UpdateRequest_rules_with_optional_revisions_enabled" file="/app/tests/Unit/Http/Requests/Location/UpdateRequestTest.php" line="29" class="Tests\Unit\Playground\Directory\Api\Http\Requests\Location\UpdateRequestTest" classname="Tests.Unit.Playground.Directory.Api.Http.Requests.Location.UpdateRequestTest" assertions="4" time="0.028042"/>
      </testsuite>
      <testsuite name="Tests\Unit\Playground\Directory\Api\Http\Requests\Sublocation\CreateRequestTest" file="/app/tests/Unit/Http/Requests/Sublocation/CreateRequestTest.php" tests="1" assertions="1" errors="0" failures="0" skipped="0" time="0.044941">
        <testcase name="test_request_instance" file="/app/vendor/gammamatrix/playground-test/src/Unit/Http/Requests/RequestCase.php" line="41" class="Tests\Unit\Playground\Directory\Api\Http\Requests\Sublocation\CreateRequestTest" classname="Tests.Unit.Playground.Directory.Api.Http.Requests.Sublocation.CreateRequestTest" assertions="1" time="0.044941"/>
      </testsuite>
      <testsuite name="Tests\Unit\Playground\Directory\Api\Http\Requests\Sublocation\DestroyRequestTest" file="/app/tests/Unit/Http/Requests/Sublocation/DestroyRequestTest.php" tests="1" assertions="1" errors="0" failures="0" skipped="0" time="0.030907">
        <testcase name="test_request_instance" file="/app/vendor/gammamatrix/playground-test/src/Unit/Http/Requests/RequestCase.php" line="41" class="Tests\Unit\Playground\Directory\Api\Http\Requests\Sublocation\DestroyRequestTest" classname="Tests.Unit.Playground.Directory.Api.Http.Requests.Sublocation.DestroyRequestTest" assertions="1" time="0.030907"/>
      </testsuite>
      <testsuite name="Tests\Unit\Playground\Directory\Api\Http\Requests\Sublocation\EditRequestTest" file="/app/tests/Unit/Http/Requests/Sublocation/EditRequestTest.php" tests="1" assertions="1" errors="0" failures="0" skipped="0" time="0.044726">
        <testcase name="test_request_instance" file="/app/vendor/gammamatrix/playground-test/src/Unit/Http/Requests/RequestCase.php" line="41" class="Tests\Unit\Playground\Directory\Api\Http\Requests\Sublocation\EditRequestTest" classname="Tests.Unit.Playground.Directory.Api.Http.Requests.Sublocation.EditRequestTest" assertions="1" time="0.044726"/>
      </testsuite>
      <testsuite name="Tests\Unit\Playground\Directory\Api\Http\Requests\Sublocation\IndexRequestTest" file="/app/tests/Unit/Http/Requests/Sublocation/IndexRequestTest.php" tests="1" assertions="1" errors="0" failures="0" skipped="0" time="0.088315">
        <testcase name="test_request_instance" file="/app/vendor/gammamatrix/playground-test/src/Unit/Http/Requests/RequestCase.php" line="41" class="Tests\Unit\Playground\Directory\Api\Http\Requests\Sublocation\IndexRequestTest" classname="Tests.Unit.Playground.Directory.Api.Http.Requests.Sublocation.IndexRequestTest" assertions="1" time="0.088315"/>
      </testsuite>
      <testsuite name="Tests\Unit\Playground\Directory\Api\Http\Requests\Sublocation\LockRequestTest" file="/app/tests/Unit/Http/Requests/Sublocation/LockRequestTest.php" tests="1" assertions="1" errors="0" failures="0" skipped="0" time="0.029792">
        <testcase name="test_request_instance" file="/app/vendor/gammamatrix/playground-test/src/Unit/Http/Requests/RequestCase.php" line="41" class="Tests\Unit\Playground\Directory\Api\Http\Requests\Sublocation\LockRequestTest" classname="Tests.Unit.Playground.Directory.Api.Http.Requests.Sublocation.LockRequestTest" assertions="1" time="0.029792"/>
      </testsuite>
      <testsuite name="Tests\Unit\Playground\Directory\Api\Http\Requests\Sublocation\RestoreRequestTest" file="/app/tests/Unit/Http/Requests/Sublocation/RestoreRequestTest.php" tests="1" assertions="1" errors="0" failures="0" skipped="0" time="0.029143">
        <testcase name="test_request_instance" file="/app/vendor/gammamatrix/playground-test/src/Unit/Http/Requests/RequestCase.php" line="41" class="Tests\Unit\Playground\Directory\Api\Http\Requests\Sublocation\RestoreRequestTest" classname="Tests.Unit.Playground.Directory.Api.Http.Requests.Sublocation.RestoreRequestTest" assertions="1" time="0.029143"/>
      </testsuite>
      <testsuite name="Tests\Unit\Playground\Directory\Api\Http\Requests\Sublocation\ShowRequestTest" file="/app/tests/Unit/Http/Requests/Sublocation/ShowRequestTest.php" tests="1" assertions="1" errors="0" failures="0" skipped="0" time="0.028894">
        <testcase name="test_request_instance" file="/app/vendor/gammamatrix/playground-test/src/Unit/Http/Requests/RequestCase.php" line="41" class="Tests\Unit\Playground\Directory\Api\Http\Requests\Sublocation\ShowRequestTest" classname="Tests.Unit.Playground.Directory.Api.Http.Requests.Sublocation.ShowRequestTest" assertions="1" time="0.028894"/>
      </testsuite>
      <testsuite name="Tests\Unit\Playground\Directory\Api\Http\Requests\Sublocation\StoreRequestTest" file="/app/tests/Unit/Http/Requests/Sublocation/StoreRequestTest.php" tests="3" assertions="8" errors="0" failures="0" skipped="0" time="0.106520">
        <testcase name="test_request_instance" file="/app/vendor/gammamatrix/playground-test/src/Unit/Http/Requests/RequestCase.php" line="41" class="Tests\Unit\Playground\Directory\Api\Http\Requests\Sublocation\StoreRequestTest" classname="Tests.Unit.Playground.Directory.Api.Http.Requests.Sublocation.StoreRequestTest" assertions="1" time="0.049067"/>
        <testcase name="test_StoreRequest_rules_with_optional_revisions_disabled" file="/app/tests/Unit/Http/Requests/Sublocation/StoreRequestTest.php" line="19" class="Tests\Unit\Playground\Directory\Api\Http\Requests\Sublocation\StoreRequestTest" classname="Tests.Unit.Playground.Directory.Api.Http.Requests.Sublocation.StoreRequestTest" assertions="3" time="0.029209"/>
        <testcase name="test_StoreRequest_rules_with_optional_revisions_enabled" file="/app/tests/Unit/Http/Requests/Sublocation/StoreRequestTest.php" line="29" class="Tests\Unit\Playground\Directory\Api\Http\Requests\Sublocation\StoreRequestTest" classname="Tests.Unit.Playground.Directory.Api.Http.Requests.Sublocation.StoreRequestTest" assertions="4" time="0.028243"/>
      </testsuite>
      <testsuite name="Tests\Unit\Playground\Directory\Api\Http\Requests\Sublocation\UnlockRequestTest" file="/app/tests/Unit/Http/Requests/Sublocation/UnlockRequestTest.php" tests="1" assertions="1" errors="0" failures="0" skipped="0" time="0.031542">
        <testcase name="test_request_instance" file="/app/vendor/gammamatrix/playground-test/src/Unit/Http/Requests/RequestCase.php" line="41" class="Tests\Unit\Playground\Directory\Api\Http\Requests\Sublocation\UnlockRequestTest" classname="Tests.Unit.Playground.Directory.Api.Http.Requests.Sublocation.UnlockRequestTest" assertions="1" time="0.031542"/>
      </testsuite>
      <testsuite name="Tests\Unit\Playground\Directory\Api\Http\Requests\Sublocation\UpdateRequestTest" file="/app/tests/Unit/Http/Requests/Sublocation/UpdateRequestTest.php" tests="3" assertions="8" errors="0" failures="0" skipped="0" time="0.104616">
        <testcase name="test_request_instance" file="/app/vendor/gammamatrix/playground-test/src/Unit/Http/Requests/RequestCase.php" line="41" class="Tests\Unit\Playground\Directory\Api\Http\Requests\Sublocation\UpdateRequestTest" classname="Tests.Unit.Playground.Directory.Api.Http.Requests.Sublocation.UpdateRequestTest" assertions="1" time="0.048059"/>
        <testcase name="test_UpdateRequest_rules_with_optional_revisions_disabled" file="/app/tests/Unit/Http/Requests/Sublocation/UpdateRequestTest.php" line="19" class="Tests\Unit\Playground\Directory\Api\Http\Requests\Sublocation\UpdateRequestTest" classname="Tests.Unit.Playground.Directory.Api.Http.Requests.Sublocation.UpdateRequestTest" assertions="3" time="0.028395"/>
        <testcase name="test_UpdateRequest_rules_with_optional_revisions_enabled" file="/app/tests/Unit/Http/Requests/Sublocation/UpdateRequestTest.php" line="29" class="Tests\Unit\Playground\Directory\Api\Http\Requests\Sublocation\UpdateRequestTest" classname="Tests.Unit.Playground.Directory.Api.Http.Requests.Sublocation.UpdateRequestTest" assertions="4" time="0.028162"/>
      </testsuite>
      <testsuite name="Tests\Unit\Playground\Directory\Api\Policies\LocationPolicy\PolicyTest" file="/app/tests/Unit/Policies/LocationPolicy/PolicyTest.php" tests="1" assertions="1" errors="0" failures="0" skipped="0" time="0.027159">
        <testcase name="test_policy_instance" file="/app/tests/Unit/Policies/LocationPolicy/PolicyTest.php" line="19" class="Tests\Unit\Playground\Directory\Api\Policies\LocationPolicy\PolicyTest" classname="Tests.Unit.Playground.Directory.Api.Policies.LocationPolicy.PolicyTest" assertions="1" time="0.027159"/>
      </testsuite>
      <testsuite name="Tests\Unit\Playground\Directory\Api\Policies\SublocationPolicy\PolicyTest" file="/app/tests/Unit/Policies/SublocationPolicy/PolicyTest.php" tests="1" assertions="1" errors="0" failures="0" skipped="0" time="0.027323">
        <testcase name="test_policy_instance" file="/app/tests/Unit/Policies/SublocationPolicy/PolicyTest.php" line="19" class="Tests\Unit\Playground\Directory\Api\Policies\SublocationPolicy\PolicyTest" classname="Tests.Unit.Playground.Directory.Api.Policies.SublocationPolicy.PolicyTest" assertions="1" time="0.027323"/>
      </testsuite>
      <testsuite name="Tests\Unit\Playground\Directory\Api\ServiceProvider\InstanceTest" file="/app/tests/Unit/ServiceProvider/InstanceTest.php" tests="4" assertions="8" errors="0" failures="0" skipped="0" time="0.114230">
        <testcase name="test_version_matches" file="/app/tests/Unit/ServiceProvider/InstanceTest.php" line="20" class="Tests\Unit\Playground\Directory\Api\ServiceProvider\InstanceTest" classname="Tests.Unit.Playground.Directory.Api.ServiceProvider.InstanceTest" assertions="3" time="0.027370"/>
        <testcase name="test_setPolicies_with_empty_array" file="/app/tests/Unit/ServiceProvider/InstanceTest.php" line="29" class="Tests\Unit\Playground\Directory\Api\ServiceProvider\InstanceTest" classname="Tests.Unit.Playground.Directory.Api.ServiceProvider.InstanceTest" assertions="1" time="0.028784"/>
        <testcase name="test_setPolicies_with_invalid_model" file="/app/tests/Unit/ServiceProvider/InstanceTest.php" line="43" class="Tests\Unit\Playground\Directory\Api\ServiceProvider\InstanceTest" classname="Tests.Unit.Playground.Directory.Api.ServiceProvider.InstanceTest" assertions="2" time="0.030158"/>
        <testcase name="test_setPolicies_with_invalid_policy" file="/app/tests/Unit/ServiceProvider/InstanceTest.php" line="72" class="Tests\Unit\Playground\Directory\Api\ServiceProvider\InstanceTest" classname="Tests.Unit.Playground.Directory.Api.ServiceProvider.InstanceTest" assertions="2" time="0.027919"/>
      </testsuite>
    </testsuite>
    <testsuite name="Feature" tests="90" assertions="2716" errors="0" failures="0" skipped="0" time="17.752854">
      <testsuite name="Tests\Feature\Playground\Directory\Api\Console\Commands\About\CommandTest" file="/app/tests/Feature/Console/Commands/About/CommandTest.php" tests="1" assertions="2" errors="0" failures="0" skipped="0" time="0.339245">
        <testcase name="test_command_about_displays_package_information_and_succeed" file="/app/tests/Feature/Console/Commands/About/CommandTest.php" line="20" class="Tests\Feature\Playground\Directory\Api\Console\Commands\About\CommandTest" classname="Tests.Feature.Playground.Directory.Api.Console.Commands.About.CommandTest" assertions="2" time="0.339245"/>
      </testsuite>
      <testsuite name="Tests\Feature\Playground\Directory\Api\Http\Controllers\Playground\LocationRouteTest" file="/app/tests/Feature/Http/Controllers/Playground/LocationRouteTest.php" tests="44" assertions="1350" errors="0" failures="0" skipped="0" time="8.678624">
        <testcase name="test_json_guest_cannot_get_create_info" file="/app/vendor/gammamatrix/playground-test/src/Feature/Http/Controllers/Resource/Playground/CreateJsonTrait.php" line="38" class="Tests\Feature\Playground\Directory\Api\Http\Controllers\Playground\LocationRouteTest" classname="Tests.Feature.Playground.Directory.Api.Http.Controllers.Playground.LocationRouteTest" assertions="1" time="0.227090"/>
        <testcase name="test_json_admin_can_get_create_info" file="/app/vendor/gammamatrix/playground-test/src/Feature/Http/Controllers/Resource/Playground/CreateJsonTrait.php" line="53" class="Tests\Feature\Playground\Directory\Api\Http\Controllers\Playground\LocationRouteTest" classname="Tests.Feature.Playground.Directory.Api.Http.Controllers.Playground.LocationRouteTest" assertions="94" time="0.206584"/>
        <testcase name="test_json_get_create_info_as_admin_with_invalid_parameter_and_fail_validation" file="/app/vendor/gammamatrix/playground-test/src/Feature/Http/Controllers/Resource/Playground/CreateJsonTrait.php" line="73" class="Tests\Feature\Playground\Directory\Api\Http\Controllers\Playground\LocationRouteTest" classname="Tests.Feature.Playground.Directory.Api.Http.Controllers.Playground.LocationRouteTest" assertions="4" time="0.174431"/>
        <testcase name="test_json_guest_cannot_destroy" file="/app/vendor/gammamatrix/playground-test/src/Feature/Http/Controllers/Resource/Playground/DestroyJsonTrait.php" line="31" class="Tests\Feature\Playground\Directory\Api\Http\Controllers\Playground\LocationRouteTest" classname="Tests.Feature.Playground.Directory.Api.Http.Controllers.Playground.LocationRouteTest" assertions="3" time="0.173327"/>
        <testcase name="test_json_destroy_as_admin_and_succeed" file="/app/vendor/gammamatrix/playground-test/src/Feature/Http/Controllers/Resource/Playground/DestroyJsonTrait.php" line="61" class="Tests\Feature\Playground\Directory\Api\Http\Controllers\Playground\LocationRouteTest" classname="Tests.Feature.Playground.Directory.Api.Http.Controllers.Playground.LocationRouteTest" assertions="5" time="0.177182"/>
        <testcase name="test_json_destroy_as_admin_and_succeed_with_force_delete" file="/app/vendor/gammamatrix/playground-test/src/Feature/Http/Controllers/Resource/Playground/DestroyJsonTrait.php" line="100" class="Tests\Feature\Playground\Directory\Api\Http\Controllers\Playground\LocationRouteTest" classname="Tests.Feature.Playground.Directory.Api.Http.Controllers.Playground.LocationRouteTest" assertions="4" time="0.178613"/>
        <testcase name="test_json_destroy_as_admin_and_succeed_with_no_content" file="/app/vendor/gammamatrix/playground-test/src/Feature/Http/Controllers/Resource/Playground/DestroyJsonTrait.php" line="132" class="Tests\Feature\Playground\Directory\Api\Http\Controllers\Playground\LocationRouteTest" classname="Tests.Feature.Playground.Directory.Api.Http.Controllers.Playground.LocationRouteTest" assertions="5" time="0.186535"/>
        <testcase name="test_json_destroy_as_admin_and_succeed_and_ignore_redirect" file="/app/vendor/gammamatrix/playground-test/src/Feature/Http/Controllers/Resource/Playground/DestroyJsonTrait.php" line="167" class="Tests\Feature\Playground\Directory\Api\Http\Controllers\Playground\LocationRouteTest" classname="Tests.Feature.Playground.Directory.Api.Http.Controllers.Playground.LocationRouteTest" assertions="5" time="0.190425"/>
        <testcase name="test_json_destroy_as_user_and_get_denied_and_no_force_delete_allowed" file="/app/vendor/gammamatrix/playground-test/src/Feature/Http/Controllers/Resource/Playground/DestroyJsonTrait.php" line="209" class="Tests\Feature\Playground\Directory\Api\Http\Controllers\Playground\LocationRouteTest" classname="Tests.Feature.Playground.Directory.Api.Http.Controllers.Playground.LocationRouteTest" assertions="3" time="0.181684"/>
        <testcase name="test_json_guest_cannot_get_edit_info" file="/app/vendor/gammamatrix/playground-test/src/Feature/Http/Controllers/Resource/Playground/EditJsonTrait.php" line="38" class="Tests\Feature\Playground\Directory\Api\Http\Controllers\Playground\LocationRouteTest" classname="Tests.Feature.Playground.Directory.Api.Http.Controllers.Playground.LocationRouteTest" assertions="1" time="0.177480"/>
        <testcase name="test_json_admin_can_get_edit_info" file="/app/vendor/gammamatrix/playground-test/src/Feature/Http/Controllers/Resource/Playground/EditJsonTrait.php" line="58" class="Tests\Feature\Playground\Directory\Api\Http\Controllers\Playground\LocationRouteTest" classname="Tests.Feature.Playground.Directory.Api.Http.Controllers.Playground.LocationRouteTest" assertions="4" time="0.192415"/>
        <testcase name="test_json_edit_as_admin_and_fail_validation_with_invalid_parameter" file="/app/vendor/gammamatrix/playground-test/src/Feature/Http/Controllers/Resource/Playground/EditJsonTrait.php" line="87" class="Tests\Feature\Playground\Directory\Api\Http\Controllers\Playground\LocationRouteTest" classname="Tests.Feature.Playground.Directory.Api.Http.Controllers.Playground.LocationRouteTest" assertions="4" time="0.185993"/>
        <testcase name="test_json_guest_cannot_get_index" file="/app/vendor/gammamatrix/playground-test/src/Feature/Http/Controllers/Resource/Playground/IndexJsonTrait.php" line="34" class="Tests\Feature\Playground\Directory\Api\Http\Controllers\Playground\LocationRouteTest" classname="Tests.Feature.Playground.Directory.Api.Http.Controllers.Playground.LocationRouteTest" assertions="1" time="0.169559"/>
        <testcase name="test_json_admin_can_get_index" file="/app/vendor/gammamatrix/playground-test/src/Feature/Http/Controllers/Resource/Playground/IndexJsonTrait.php" line="49" class="Tests\Feature\Playground\Directory\Api\Http\Controllers\Playground\LocationRouteTest" classname="Tests.Feature.Playground.Directory.Api.Http.Controllers.Playground.LocationRouteTest" assertions="101" time="0.208663"/>
        <testcase name="test_json_admin_can_get_index_with_filters" file="/app/vendor/gammamatrix/playground-test/src/Feature/Http/Controllers/Resource/Playground/IndexJsonTrait.php" line="85" class="Tests\Feature\Playground\Directory\Api\Http\Controllers\Playground\LocationRouteTest" classname="Tests.Feature.Playground.Directory.Api.Http.Controllers.Playground.LocationRouteTest" assertions="3" time="0.206416"/>
        <testcase name="test_json_guest_cannot_lock" file="/app/vendor/gammamatrix/playground-test/src/Feature/Http/Controllers/Resource/Playground/LockJsonTrait.php" line="36" class="Tests\Feature\Playground\Directory\Api\Http\Controllers\Playground\LocationRouteTest" classname="Tests.Feature.Playground.Directory.Api.Http.Controllers.Playground.LocationRouteTest" assertions="3" time="0.171822"/>
        <testcase name="test_json_lock_as_admin_and_succeed" file="/app/vendor/gammamatrix/playground-test/src/Feature/Http/Controllers/Resource/Playground/LockJsonTrait.php" line="66" class="Tests\Feature\Playground\Directory\Api\Http\Controllers\Playground\LocationRouteTest" classname="Tests.Feature.Playground.Directory.Api.Http.Controllers.Playground.LocationRouteTest" assertions="3" time="0.192849"/>
        <testcase name="test_json_lock_as_admin_and_succeed_with_no_redirect" file="/app/vendor/gammamatrix/playground-test/src/Feature/Http/Controllers/Resource/Playground/LockJsonTrait.php" line="98" class="Tests\Feature\Playground\Directory\Api\Http\Controllers\Playground\LocationRouteTest" classname="Tests.Feature.Playground.Directory.Api.Http.Controllers.Playground.LocationRouteTest" assertions="96" time="0.191409"/>
        <testcase name="test_json_lock_as_user_and_get_denied" file="/app/vendor/gammamatrix/playground-test/src/Feature/Http/Controllers/Resource/Playground/LockJsonTrait.php" line="143" class="Tests\Feature\Playground\Directory\Api\Http\Controllers\Playground\LocationRouteTest" classname="Tests.Feature.Playground.Directory.Api.Http.Controllers.Playground.LocationRouteTest" assertions="3" time="0.180199"/>
        <testcase name="test_json_guest_cannot_restore" file="/app/vendor/gammamatrix/playground-test/src/Feature/Http/Controllers/Resource/Playground/RestoreJsonTrait.php" line="32" class="Tests\Feature\Playground\Directory\Api\Http\Controllers\Playground\LocationRouteTest" classname="Tests.Feature.Playground.Directory.Api.Http.Controllers.Playground.LocationRouteTest" assertions="3" time="0.171735"/>
        <testcase name="test_json_restore_as_admin_and_succeed" file="/app/vendor/gammamatrix/playground-test/src/Feature/Http/Controllers/Resource/Playground/RestoreJsonTrait.php" line="64" class="Tests\Feature\Playground\Directory\Api\Http\Controllers\Playground\LocationRouteTest" classname="Tests.Feature.Playground.Directory.Api.Http.Controllers.Playground.LocationRouteTest" assertions="96" time="0.192459"/>
        <testcase name="test_json_restore_as_admin_and_succeed_with_no_redirect" file="/app/vendor/gammamatrix/playground-test/src/Feature/Http/Controllers/Resource/Playground/RestoreJsonTrait.php" line="100" class="Tests\Feature\Playground\Directory\Api\Http\Controllers\Playground\LocationRouteTest" classname="Tests.Feature.Playground.Directory.Api.Http.Controllers.Playground.LocationRouteTest" assertions="96" time="0.194341"/>
        <testcase name="test_json_restore_as_user_and_get_denied" file="/app/vendor/gammamatrix/playground-test/src/Feature/Http/Controllers/Resource/Playground/RestoreJsonTrait.php" line="143" class="Tests\Feature\Playground\Directory\Api\Http\Controllers\Playground\LocationRouteTest" classname="Tests.Feature.Playground.Directory.Api.Http.Controllers.Playground.LocationRouteTest" assertions="3" time="0.186428"/>
        <testcase name="test_json_guest_cannot_restore_revision" file="/app/vendor/gammamatrix/playground-test/src/Feature/Http/Controllers/Resource/Playground/RestoreRevisionJsonTrait.php" line="43" class="Tests\Feature\Playground\Directory\Api\Http\Controllers\Playground\LocationRouteTest" classname="Tests.Feature.Playground.Directory.Api.Http.Controllers.Playground.LocationRouteTest" assertions="3" time="0.183746"/>
        <testcase name="test_json_restore_revision_as_admin_and_succeed" file="/app/vendor/gammamatrix/playground-test/src/Feature/Http/Controllers/Resource/Playground/RestoreRevisionJsonTrait.php" line="79" class="Tests\Feature\Playground\Directory\Api\Http\Controllers\Playground\LocationRouteTest" classname="Tests.Feature.Playground.Directory.Api.Http.Controllers.Playground.LocationRouteTest" assertions="96" time="0.254930"/>
        <testcase name="test_json_restore_revision_as_admin_and_succeed_without_redirect" file="/app/vendor/gammamatrix/playground-test/src/Feature/Http/Controllers/Resource/Playground/RestoreRevisionJsonTrait.php" line="119" class="Tests\Feature\Playground\Directory\Api\Http\Controllers\Playground\LocationRouteTest" classname="Tests.Feature.Playground.Directory.Api.Http.Controllers.Playground.LocationRouteTest" assertions="96" time="0.250477"/>
        <testcase name="test_json_restore_revision_as_user_and_get_denied" file="/app/vendor/gammamatrix/playground-test/src/Feature/Http/Controllers/Resource/Playground/RestoreRevisionJsonTrait.php" line="171" class="Tests\Feature\Playground\Directory\Api\Http\Controllers\Playground\LocationRouteTest" classname="Tests.Feature.Playground.Directory.Api.Http.Controllers.Playground.LocationRouteTest" assertions="3" time="0.195128"/>
        <testcase name="test_json_guest_cannot_render_revision_view" file="/app/vendor/gammamatrix/playground-test/src/Feature/Http/Controllers/Resource/Playground/RevisionJsonTrait.php" line="38" class="Tests\Feature\Playground\Directory\Api\Http\Controllers\Playground\LocationRouteTest" classname="Tests.Feature.Playground.Directory.Api.Http.Controllers.Playground.LocationRouteTest" assertions="2" time="0.183346"/>
        <testcase name="test_json_admin_can_get_revision_info" file="/app/vendor/gammamatrix/playground-test/src/Feature/Http/Controllers/Resource/Playground/RevisionJsonTrait.php" line="69" class="Tests\Feature\Playground\Directory\Api\Http\Controllers\Playground\LocationRouteTest" classname="Tests.Feature.Playground.Directory.Api.Http.Controllers.Playground.LocationRouteTest" assertions="95" time="0.210529"/>
        <testcase name="test_json_guest_cannot_get_revisions" file="/app/vendor/gammamatrix/playground-test/src/Feature/Http/Controllers/Resource/Playground/RevisionsJsonTrait.php" line="34" class="Tests\Feature\Playground\Directory\Api\Http\Controllers\Playground\LocationRouteTest" classname="Tests.Feature.Playground.Directory.Api.Http.Controllers.Playground.LocationRouteTest" assertions="2" time="0.183089"/>
        <testcase name="test_json_admin_can_get_revisions" file="/app/vendor/gammamatrix/playground-test/src/Feature/Http/Controllers/Resource/Playground/RevisionsJsonTrait.php" line="63" class="Tests\Feature\Playground\Directory\Api\Http\Controllers\Playground\LocationRouteTest" classname="Tests.Feature.Playground.Directory.Api.Http.Controllers.Playground.LocationRouteTest" assertions="2" time="0.276779"/>
        <testcase name="test_json_admin_can_get_revisions_with_filters" file="/app/vendor/gammamatrix/playground-test/src/Feature/Http/Controllers/Resource/Playground/RevisionsJsonTrait.php" line="104" class="Tests\Feature\Playground\Directory\Api\Http\Controllers\Playground\LocationRouteTest" classname="Tests.Feature.Playground.Directory.Api.Http.Controllers.Playground.LocationRouteTest" assertions="102" time="0.211085"/>
        <testcase name="test_json_guest_cannot_see_info" file="/app/vendor/gammamatrix/playground-test/src/Feature/Http/Controllers/Resource/Playground/ShowJsonTrait.php" line="29" class="Tests\Feature\Playground\Directory\Api\Http\Controllers\Playground\LocationRouteTest" classname="Tests.Feature.Playground.Directory.Api.Http.Controllers.Playground.LocationRouteTest" assertions="1" time="0.176148"/>
        <testcase name="test_json_show_info_for_admin" file="/app/vendor/gammamatrix/playground-test/src/Feature/Http/Controllers/Resource/Playground/ShowJsonTrait.php" line="49" class="Tests\Feature\Playground\Directory\Api\Http\Controllers\Playground\LocationRouteTest" classname="Tests.Feature.Playground.Directory.Api.Http.Controllers.Playground.LocationRouteTest" assertions="95" time="0.189626"/>
        <testcase name="test_json_guest_cannot_store" file="/app/vendor/gammamatrix/playground-test/src/Feature/Http/Controllers/Resource/Playground/StoreJsonTrait.php" line="43" class="Tests\Feature\Playground\Directory\Api\Http\Controllers\Playground\LocationRouteTest" classname="Tests.Feature.Playground.Directory.Api.Http.Controllers.Playground.LocationRouteTest" assertions="3" time="0.173436"/>
        <testcase name="test_json_store_as_admin_without_payload_and_fail_validation" file="/app/vendor/gammamatrix/playground-test/src/Feature/Http/Controllers/Resource/Playground/StoreJsonTrait.php" line="66" class="Tests\Feature\Playground\Directory\Api\Http\Controllers\Playground\LocationRouteTest" classname="Tests.Feature.Playground.Directory.Api.Http.Controllers.Playground.LocationRouteTest" assertions="5" time="0.184977"/>
        <testcase name="test_json_store_as_admin_and_succeed" file="/app/vendor/gammamatrix/playground-test/src/Feature/Http/Controllers/Resource/Playground/StoreJsonTrait.php" line="92" class="Tests\Feature\Playground\Directory\Api\Http\Controllers\Playground\LocationRouteTest" classname="Tests.Feature.Playground.Directory.Api.Http.Controllers.Playground.LocationRouteTest" assertions="3" time="0.248803"/>
        <testcase name="test_json_guest_cannot_unlock" file="/app/vendor/gammamatrix/playground-test/src/Feature/Http/Controllers/Resource/Playground/UnlockJsonTrait.php" line="36" class="Tests\Feature\Playground\Directory\Api\Http\Controllers\Playground\LocationRouteTest" classname="Tests.Feature.Playground.Directory.Api.Http.Controllers.Playground.LocationRouteTest" assertions="3" time="0.177132"/>
        <testcase name="test_json_unlock_as_admin_and_succeed" file="/app/vendor/gammamatrix/playground-test/src/Feature/Http/Controllers/Resource/Playground/UnlockJsonTrait.php" line="68" class="Tests\Feature\Playground\Directory\Api\Http\Controllers\Playground\LocationRouteTest" classname="Tests.Feature.Playground.Directory.Api.Http.Controllers.Playground.LocationRouteTest" assertions="96" time="0.203108"/>
        <testcase name="test_json_unlock_as_admin_and_succeed_with_no_redirect" file="/app/vendor/gammamatrix/playground-test/src/Feature/Http/Controllers/Resource/Playground/UnlockJsonTrait.php" line="104" class="Tests\Feature\Playground\Directory\Api\Http\Controllers\Playground\LocationRouteTest" classname="Tests.Feature.Playground.Directory.Api.Http.Controllers.Playground.LocationRouteTest" assertions="96" time="0.203281"/>
        <testcase name="test_json_unlock_as_user_and_get_denied" file="/app/vendor/gammamatrix/playground-test/src/Feature/Http/Controllers/Resource/Playground/UnlockJsonTrait.php" line="145" class="Tests\Feature\Playground\Directory\Api\Http\Controllers\Playground\LocationRouteTest" classname="Tests.Feature.Playground.Directory.Api.Http.Controllers.Playground.LocationRouteTest" assertions="3" time="0.194010"/>
        <testcase name="test_json_guest_cannot_update" file="/app/vendor/gammamatrix/playground-test/src/Feature/Http/Controllers/Resource/Playground/UpdateJsonTrait.php" line="45" class="Tests\Feature\Playground\Directory\Api\Http\Controllers\Playground\LocationRouteTest" classname="Tests.Feature.Playground.Directory.Api.Http.Controllers.Playground.LocationRouteTest" assertions="1" time="0.180977"/>
        <testcase name="test_json_update_as_admin_without_payload_and_fail_validation" file="/app/vendor/gammamatrix/playground-test/src/Feature/Http/Controllers/Resource/Playground/UpdateJsonTrait.php" line="65" class="Tests\Feature\Playground\Directory\Api\Http\Controllers\Playground\LocationRouteTest" classname="Tests.Feature.Playground.Directory.Api.Http.Controllers.Playground.LocationRouteTest" assertions="4" time="0.211514"/>
        <testcase name="test_json_admin_can_update" file="/app/vendor/gammamatrix/playground-test/src/Feature/Http/Controllers/Resource/Playground/UpdateJsonTrait.php" line="90" class="Tests\Feature\Playground\Directory\Api\Http\Controllers\Playground\LocationRouteTest" classname="Tests.Feature.Playground.Directory.Api.Http.Controllers.Playground.LocationRouteTest" assertions="98" time="0.268865"/>
      </testsuite>
      <testsuite name="Tests\Feature\Playground\Directory\Api\Http\Controllers\Playground\SublocationRouteTest" file="/app/tests/Feature/Http/Controllers/Playground/SublocationRouteTest.php" tests="44" assertions="1363" errors="0" failures="0" skipped="0" time="8.568428">
        <testcase name="test_json_guest_cannot_get_create_info" file="/app/vendor/gammamatrix/playground-test/src/Feature/Http/Controllers/Resource/Playground/CreateJsonTrait.php" line="38" class="Tests\Feature\Playground\Directory\Api\Http\Controllers\Playground\SublocationRouteTest" classname="Tests.Feature.Playground.Directory.Api.Http.Controllers.Playground.SublocationRouteTest" assertions="1" time="0.209382"/>
        <testcase name="test_json_admin_can_get_create_info" file="/app/vendor/gammamatrix/playground-test/src/Feature/Http/Controllers/Resource/Playground/CreateJsonTrait.php" line="53" class="Tests\Feature\Playground\Directory\Api\Http\Controllers\Playground\SublocationRouteTest" classname="Tests.Feature.Playground.Directory.Api.Http.Controllers.Playground.SublocationRouteTest" assertions="95" time="0.181375"/>
        <testcase name="test_json_get_create_info_as_admin_with_invalid_parameter_and_fail_validation" file="/app/vendor/gammamatrix/playground-test/src/Feature/Http/Controllers/Resource/Playground/CreateJsonTrait.php" line="73" class="Tests\Feature\Playground\Directory\Api\Http\Controllers\Playground\SublocationRouteTest" classname="Tests.Feature.Playground.Directory.Api.Http.Controllers.Playground.SublocationRouteTest" assertions="4" time="0.177571"/>
        <testcase name="test_json_guest_cannot_destroy" file="/app/vendor/gammamatrix/playground-test/src/Feature/Http/Controllers/Resource/Playground/DestroyJsonTrait.php" line="31" class="Tests\Feature\Playground\Directory\Api\Http\Controllers\Playground\SublocationRouteTest" classname="Tests.Feature.Playground.Directory.Api.Http.Controllers.Playground.SublocationRouteTest" assertions="3" time="0.164251"/>
        <testcase name="test_json_destroy_as_admin_and_succeed" file="/app/vendor/gammamatrix/playground-test/src/Feature/Http/Controllers/Resource/Playground/DestroyJsonTrait.php" line="61" class="Tests\Feature\Playground\Directory\Api\Http\Controllers\Playground\SublocationRouteTest" classname="Tests.Feature.Playground.Directory.Api.Http.Controllers.Playground.SublocationRouteTest" assertions="5" time="0.175951"/>
        <testcase name="test_json_destroy_as_admin_and_succeed_with_force_delete" file="/app/vendor/gammamatrix/playground-test/src/Feature/Http/Controllers/Resource/Playground/DestroyJsonTrait.php" line="100" class="Tests\Feature\Playground\Directory\Api\Http\Controllers\Playground\SublocationRouteTest" classname="Tests.Feature.Playground.Directory.Api.Http.Controllers.Playground.SublocationRouteTest" assertions="4" time="0.176863"/>
        <testcase name="test_json_destroy_as_admin_and_succeed_with_no_content" file="/app/vendor/gammamatrix/playground-test/src/Feature/Http/Controllers/Resource/Playground/DestroyJsonTrait.php" line="132" class="Tests\Feature\Playground\Directory\Api\Http\Controllers\Playground\SublocationRouteTest" classname="Tests.Feature.Playground.Directory.Api.Http.Controllers.Playground.SublocationRouteTest" assertions="5" time="0.183191"/>
        <testcase name="test_json_destroy_as_admin_and_succeed_and_ignore_redirect" file="/app/vendor/gammamatrix/playground-test/src/Feature/Http/Controllers/Resource/Playground/DestroyJsonTrait.php" line="167" class="Tests\Feature\Playground\Directory\Api\Http\Controllers\Playground\SublocationRouteTest" classname="Tests.Feature.Playground.Directory.Api.Http.Controllers.Playground.SublocationRouteTest" assertions="5" time="0.182060"/>
        <testcase name="test_json_destroy_as_user_and_get_denied_and_no_force_delete_allowed" file="/app/vendor/gammamatrix/playground-test/src/Feature/Http/Controllers/Resource/Playground/DestroyJsonTrait.php" line="209" class="Tests\Feature\Playground\Directory\Api\Http\Controllers\Playground\SublocationRouteTest" classname="Tests.Feature.Playground.Directory.Api.Http.Controllers.Playground.SublocationRouteTest" assertions="3" time="0.179696"/>
        <testcase name="test_json_guest_cannot_get_edit_info" file="/app/vendor/gammamatrix/playground-test/src/Feature/Http/Controllers/Resource/Playground/EditJsonTrait.php" line="38" class="Tests\Feature\Playground\Directory\Api\Http\Controllers\Playground\SublocationRouteTest" classname="Tests.Feature.Playground.Directory.Api.Http.Controllers.Playground.SublocationRouteTest" assertions="1" time="0.166551"/>
        <testcase name="test_json_admin_can_get_edit_info" file="/app/vendor/gammamatrix/playground-test/src/Feature/Http/Controllers/Resource/Playground/EditJsonTrait.php" line="58" class="Tests\Feature\Playground\Directory\Api\Http\Controllers\Playground\SublocationRouteTest" classname="Tests.Feature.Playground.Directory.Api.Http.Controllers.Playground.SublocationRouteTest" assertions="4" time="0.189486"/>
        <testcase name="test_json_edit_as_admin_and_fail_validation_with_invalid_parameter" file="/app/vendor/gammamatrix/playground-test/src/Feature/Http/Controllers/Resource/Playground/EditJsonTrait.php" line="87" class="Tests\Feature\Playground\Directory\Api\Http\Controllers\Playground\SublocationRouteTest" classname="Tests.Feature.Playground.Directory.Api.Http.Controllers.Playground.SublocationRouteTest" assertions="4" time="0.185288"/>
        <testcase name="test_json_guest_cannot_get_index" file="/app/vendor/gammamatrix/playground-test/src/Feature/Http/Controllers/Resource/Playground/IndexJsonTrait.php" line="34" class="Tests\Feature\Playground\Directory\Api\Http\Controllers\Playground\SublocationRouteTest" classname="Tests.Feature.Playground.Directory.Api.Http.Controllers.Playground.SublocationRouteTest" assertions="1" time="0.165901"/>
        <testcase name="test_json_admin_can_get_index" file="/app/vendor/gammamatrix/playground-test/src/Feature/Http/Controllers/Resource/Playground/IndexJsonTrait.php" line="49" class="Tests\Feature\Playground\Directory\Api\Http\Controllers\Playground\SublocationRouteTest" classname="Tests.Feature.Playground.Directory.Api.Http.Controllers.Playground.SublocationRouteTest" assertions="102" time="0.193731"/>
        <testcase name="test_json_admin_can_get_index_with_filters" file="/app/vendor/gammamatrix/playground-test/src/Feature/Http/Controllers/Resource/Playground/IndexJsonTrait.php" line="85" class="Tests\Feature\Playground\Directory\Api\Http\Controllers\Playground\SublocationRouteTest" classname="Tests.Feature.Playground.Directory.Api.Http.Controllers.Playground.SublocationRouteTest" assertions="3" time="0.195142"/>
        <testcase name="test_json_guest_cannot_lock" file="/app/vendor/gammamatrix/playground-test/src/Feature/Http/Controllers/Resource/Playground/LockJsonTrait.php" line="36" class="Tests\Feature\Playground\Directory\Api\Http\Controllers\Playground\SublocationRouteTest" classname="Tests.Feature.Playground.Directory.Api.Http.Controllers.Playground.SublocationRouteTest" assertions="3" time="0.168952"/>
        <testcase name="test_json_lock_as_admin_and_succeed" file="/app/vendor/gammamatrix/playground-test/src/Feature/Http/Controllers/Resource/Playground/LockJsonTrait.php" line="66" class="Tests\Feature\Playground\Directory\Api\Http\Controllers\Playground\SublocationRouteTest" classname="Tests.Feature.Playground.Directory.Api.Http.Controllers.Playground.SublocationRouteTest" assertions="3" time="0.206835"/>
        <testcase name="test_json_lock_as_admin_and_succeed_with_no_redirect" file="/app/vendor/gammamatrix/playground-test/src/Feature/Http/Controllers/Resource/Playground/LockJsonTrait.php" line="98" class="Tests\Feature\Playground\Directory\Api\Http\Controllers\Playground\SublocationRouteTest" classname="Tests.Feature.Playground.Directory.Api.Http.Controllers.Playground.SublocationRouteTest" assertions="97" time="0.191780"/>
        <testcase name="test_json_lock_as_user_and_get_denied" file="/app/vendor/gammamatrix/playground-test/src/Feature/Http/Controllers/Resource/Playground/LockJsonTrait.php" line="143" class="Tests\Feature\Playground\Directory\Api\Http\Controllers\Playground\SublocationRouteTest" classname="Tests.Feature.Playground.Directory.Api.Http.Controllers.Playground.SublocationRouteTest" assertions="3" time="0.178281"/>
        <testcase name="test_json_guest_cannot_restore" file="/app/vendor/gammamatrix/playground-test/src/Feature/Http/Controllers/Resource/Playground/RestoreJsonTrait.php" line="32" class="Tests\Feature\Playground\Directory\Api\Http\Controllers\Playground\SublocationRouteTest" classname="Tests.Feature.Playground.Directory.Api.Http.Controllers.Playground.SublocationRouteTest" assertions="3" time="0.174222"/>
        <testcase name="test_json_restore_as_admin_and_succeed" file="/app/vendor/gammamatrix/playground-test/src/Feature/Http/Controllers/Resource/Playground/RestoreJsonTrait.php" line="64" class="Tests\Feature\Playground\Directory\Api\Http\Controllers\Playground\SublocationRouteTest" classname="Tests.Feature.Playground.Directory.Api.Http.Controllers.Playground.SublocationRouteTest" assertions="97" time="0.191507"/>
        <testcase name="test_json_restore_as_admin_and_succeed_with_no_redirect" file="/app/vendor/gammamatrix/playground-test/src/Feature/Http/Controllers/Resource/Playground/RestoreJsonTrait.php" line="100" class="Tests\Feature\Playground\Directory\Api\Http\Controllers\Playground\SublocationRouteTest" classname="Tests.Feature.Playground.Directory.Api.Http.Controllers.Playground.SublocationRouteTest" assertions="97" time="0.192758"/>
        <testcase name="test_json_restore_as_user_and_get_denied" file="/app/vendor/gammamatrix/playground-test/src/Feature/Http/Controllers/Resource/Playground/RestoreJsonTrait.php" line="143" class="Tests\Feature\Playground\Directory\Api\Http\Controllers\Playground\SublocationRouteTest" classname="Tests.Feature.Playground.Directory.Api.Http.Controllers.Playground.SublocationRouteTest" assertions="3" time="0.179923"/>
        <testcase name="test_json_guest_cannot_restore_revision" file="/app/vendor/gammamatrix/playground-test/src/Feature/Http/Controllers/Resource/Playground/RestoreRevisionJsonTrait.php" line="43" class="Tests\Feature\Playground\Directory\Api\Http\Controllers\Playground\SublocationRouteTest" classname="Tests.Feature.Playground.Directory.Api.Http.Controllers.Playground.SublocationRouteTest" assertions="3" time="0.179671"/>
        <testcase name="test_json_restore_revision_as_admin_and_succeed" file="/app/vendor/gammamatrix/playground-test/src/Feature/Http/Controllers/Resource/Playground/RestoreRevisionJsonTrait.php" line="79" class="Tests\Feature\Playground\Directory\Api\Http\Controllers\Playground\SublocationRouteTest" classname="Tests.Feature.Playground.Directory.Api.Http.Controllers.Playground.SublocationRouteTest" assertions="97" time="0.328455"/>
        <testcase name="test_json_restore_revision_as_admin_and_succeed_without_redirect" file="/app/vendor/gammamatrix/playground-test/src/Feature/Http/Controllers/Resource/Playground/RestoreRevisionJsonTrait.php" line="119" class="Tests\Feature\Playground\Directory\Api\Http\Controllers\Playground\SublocationRouteTest" classname="Tests.Feature.Playground.Directory.Api.Http.Controllers.Playground.SublocationRouteTest" assertions="97" time="0.246881"/>
        <testcase name="test_json_restore_revision_as_user_and_get_denied" file="/app/vendor/gammamatrix/playground-test/src/Feature/Http/Controllers/Resource/Playground/RestoreRevisionJsonTrait.php" line="171" class="Tests\Feature\Playground\Directory\Api\Http\Controllers\Playground\SublocationRouteTest" classname="Tests.Feature.Playground.Directory.Api.Http.Controllers.Playground.SublocationRouteTest" assertions="3" time="0.193536"/>
        <testcase name="test_json_guest_cannot_render_revision_view" file="/app/vendor/gammamatrix/playground-test/src/Feature/Http/Controllers/Resource/Playground/RevisionJsonTrait.php" line="38" class="Tests\Feature\Playground\Directory\Api\Http\Controllers\Playground\SublocationRouteTest" classname="Tests.Feature.Playground.Directory.Api.Http.Controllers.Playground.SublocationRouteTest" assertions="2" time="0.183387"/>
        <testcase name="test_json_admin_can_get_revision_info" file="/app/vendor/gammamatrix/playground-test/src/Feature/Http/Controllers/Resource/Playground/RevisionJsonTrait.php" line="69" class="Tests\Feature\Playground\Directory\Api\Http\Controllers\Playground\SublocationRouteTest" classname="Tests.Feature.Playground.Directory.Api.Http.Controllers.Playground.SublocationRouteTest" assertions="96" time="0.204188"/>
        <testcase name="test_json_guest_cannot_get_revisions" file="/app/vendor/gammamatrix/playground-test/src/Feature/Http/Controllers/Resource/Playground/RevisionsJsonTrait.php" line="34" class="Tests\Feature\Playground\Directory\Api\Http\Controllers\Playground\SublocationRouteTest" classname="Tests.Feature.Playground.Directory.Api.Http.Controllers.Playground.SublocationRouteTest" assertions="2" time="0.186225"/>
        <testcase name="test_json_admin_can_get_revisions" file="/app/vendor/gammamatrix/playground-test/src/Feature/Http/Controllers/Resource/Playground/RevisionsJsonTrait.php" line="63" class="Tests\Feature\Playground\Directory\Api\Http\Controllers\Playground\SublocationRouteTest" classname="Tests.Feature.Playground.Directory.Api.Http.Controllers.Playground.SublocationRouteTest" assertions="2" time="0.274291"/>
        <testcase name="test_json_admin_can_get_revisions_with_filters" file="/app/vendor/gammamatrix/playground-test/src/Feature/Http/Controllers/Resource/Playground/RevisionsJsonTrait.php" line="104" class="Tests\Feature\Playground\Directory\Api\Http\Controllers\Playground\SublocationRouteTest" classname="Tests.Feature.Playground.Directory.Api.Http.Controllers.Playground.SublocationRouteTest" assertions="103" time="0.228557"/>
        <testcase name="test_json_guest_cannot_see_info" file="/app/vendor/gammamatrix/playground-test/src/Feature/Http/Controllers/Resource/Playground/ShowJsonTrait.php" line="29" class="Tests\Feature\Playground\Directory\Api\Http\Controllers\Playground\SublocationRouteTest" classname="Tests.Feature.Playground.Directory.Api.Http.Controllers.Playground.SublocationRouteTest" assertions="1" time="0.173613"/>
        <testcase name="test_json_show_info_for_admin" file="/app/vendor/gammamatrix/playground-test/src/Feature/Http/Controllers/Resource/Playground/ShowJsonTrait.php" line="49" class="Tests\Feature\Playground\Directory\Api\Http\Controllers\Playground\SublocationRouteTest" classname="Tests.Feature.Playground.Directory.Api.Http.Controllers.Playground.SublocationRouteTest" assertions="96" time="0.191703"/>
        <testcase name="test_json_guest_cannot_store" file="/app/vendor/gammamatrix/playground-test/src/Feature/Http/Controllers/Resource/Playground/StoreJsonTrait.php" line="43" class="Tests\Feature\Playground\Directory\Api\Http\Controllers\Playground\SublocationRouteTest" classname="Tests.Feature.Playground.Directory.Api.Http.Controllers.Playground.SublocationRouteTest" assertions="3" time="0.171486"/>
        <testcase name="test_json_store_as_admin_without_payload_and_fail_validation" file="/app/vendor/gammamatrix/playground-test/src/Feature/Http/Controllers/Resource/Playground/StoreJsonTrait.php" line="66" class="Tests\Feature\Playground\Directory\Api\Http\Controllers\Playground\SublocationRouteTest" classname="Tests.Feature.Playground.Directory.Api.Http.Controllers.Playground.SublocationRouteTest" assertions="5" time="0.190660"/>
        <testcase name="test_json_store_as_admin_and_succeed" file="/app/vendor/gammamatrix/playground-test/src/Feature/Http/Controllers/Resource/Playground/StoreJsonTrait.php" line="92" class="Tests\Feature\Playground\Directory\Api\Http\Controllers\Playground\SublocationRouteTest" classname="Tests.Feature.Playground.Directory.Api.Http.Controllers.Playground.SublocationRouteTest" assertions="3" time="0.212481"/>
        <testcase name="test_json_guest_cannot_unlock" file="/app/vendor/gammamatrix/playground-test/src/Feature/Http/Controllers/Resource/Playground/UnlockJsonTrait.php" line="36" class="Tests\Feature\Playground\Directory\Api\Http\Controllers\Playground\SublocationRouteTest" classname="Tests.Feature.Playground.Directory.Api.Http.Controllers.Playground.SublocationRouteTest" assertions="3" time="0.172270"/>
        <testcase name="test_json_unlock_as_admin_and_succeed" file="/app/vendor/gammamatrix/playground-test/src/Feature/Http/Controllers/Resource/Playground/UnlockJsonTrait.php" line="68" class="Tests\Feature\Playground\Directory\Api\Http\Controllers\Playground\SublocationRouteTest" classname="Tests.Feature.Playground.Directory.Api.Http.Controllers.Playground.SublocationRouteTest" assertions="97" time="0.196158"/>
        <testcase name="test_json_unlock_as_admin_and_succeed_with_no_redirect" file="/app/vendor/gammamatrix/playground-test/src/Feature/Http/Controllers/Resource/Playground/UnlockJsonTrait.php" line="104" class="Tests\Feature\Playground\Directory\Api\Http\Controllers\Playground\SublocationRouteTest" classname="Tests.Feature.Playground.Directory.Api.Http.Controllers.Playground.SublocationRouteTest" assertions="97" time="0.201594"/>
        <testcase name="test_json_unlock_as_user_and_get_denied" file="/app/vendor/gammamatrix/playground-test/src/Feature/Http/Controllers/Resource/Playground/UnlockJsonTrait.php" line="145" class="Tests\Feature\Playground\Directory\Api\Http\Controllers\Playground\SublocationRouteTest" classname="Tests.Feature.Playground.Directory.Api.Http.Controllers.Playground.SublocationRouteTest" assertions="3" time="0.188138"/>
        <testcase name="test_json_guest_cannot_update" file="/app/vendor/gammamatrix/playground-test/src/Feature/Http/Controllers/Resource/Playground/UpdateJsonTrait.php" line="45" class="Tests\Feature\Playground\Directory\Api\Http\Controllers\Playground\SublocationRouteTest" classname="Tests.Feature.Playground.Directory.Api.Http.Controllers.Playground.SublocationRouteTest" assertions="1" time="0.176250"/>
        <testcase name="test_json_update_as_admin_without_payload_and_fail_validation" file="/app/vendor/gammamatrix/playground-test/src/Feature/Http/Controllers/Resource/Playground/UpdateJsonTrait.php" line="65" class="Tests\Feature\Playground\Directory\Api\Http\Controllers\Playground\SublocationRouteTest" classname="Tests.Feature.Playground.Directory.Api.Http.Controllers.Playground.SublocationRouteTest" assertions="4" time="0.197574"/>
        <testcase name="test_json_admin_can_update" file="/app/vendor/gammamatrix/playground-test/src/Feature/Http/Controllers/Resource/Playground/UpdateJsonTrait.php" line="90" class="Tests\Feature\Playground\Directory\Api\Http\Controllers\Playground\SublocationRouteTest" classname="Tests.Feature.Playground.Directory.Api.Http.Controllers.Playground.SublocationRouteTest" assertions="99" time="0.260614"/>
      </testsuite>
      <testsuite name="Tests\Feature\Playground\Directory\Api\Http\Requests\FormRequest\InstanceTest" file="/app/tests/Feature/Http/Requests/FormRequest/InstanceTest.php" tests="1" assertions="1" errors="0" failures="0" skipped="0" time="0.166558">
        <testcase name="test_FormRequest_authorize_with_admin" file="/app/tests/Feature/Http/Requests/FormRequest/InstanceTest.php" line="21" class="Tests\Feature\Playground\Directory\Api\Http\Requests\FormRequest\InstanceTest" classname="Tests.Feature.Playground.Directory.Api.Http.Requests.FormRequest.InstanceTest" assertions="1" time="0.166558"/>
      </testsuite>
    </testsuite>
  </testsuite>
</testsuites>
