<?xml version="1.0" encoding="UTF-8"?>
<testsuites>
  <testsuite name="/app/phpunit-ci.xml" tests="129" assertions="2780" errors="0" failures="0" skipped="0" time="19.385473">
    <testsuite name="Unit" tests="39" assertions="64" errors="0" failures="0" skipped="0" time="1.711559">
      <testsuite name="Tests\Unit\Playground\Directory\Api\Http\Requests\FormRequest\InstanceTest" file="/app/tests/Unit/Http/Requests/FormRequest/InstanceTest.php" tests="5" assertions="6" errors="0" failures="0" skipped="0" time="0.408245">
        <testcase name="test_FormRequest_authorize_without_user" file="/app/tests/Unit/Http/Requests/FormRequest/InstanceTest.php" line="21" class="Tests\Unit\Playground\Directory\Api\Http\Requests\FormRequest\InstanceTest" classname="Tests.Unit.Playground.Directory.Api.Http.Requests.FormRequest.InstanceTest" assertions="1" time="0.265088"/>
        <testcase name="test_RULES_is_empty_by_default" file="/app/tests/Unit/Http/Requests/FormRequest/InstanceTest.php" line="28" class="Tests\Unit\Playground\Directory\Api\Http\Requests\FormRequest\InstanceTest" classname="Tests.Unit.Playground.Directory.Api.Http.Requests.FormRequest.InstanceTest" assertions="2" time="0.029603"/>
        <testcase name="test_userHasAdminPrivileges_without_user" file="/app/tests/Unit/Http/Requests/FormRequest/InstanceTest.php" line="36" class="Tests\Unit\Playground\Directory\Api\Http\Requests\FormRequest\InstanceTest" classname="Tests.Unit.Playground.Directory.Api.Http.Requests.FormRequest.InstanceTest" assertions="1" time="0.028514"/>
        <testcase name="test_userHasAdminPrivileges_with_admin" file="/app/tests/Unit/Http/Requests/FormRequest/InstanceTest.php" line="43" class="Tests\Unit\Playground\Directory\Api\Http\Requests\FormRequest\InstanceTest" classname="Tests.Unit.Playground.Directory.Api.Http.Requests.FormRequest.InstanceTest" assertions="1" time="0.051576"/>
        <testcase name="test_userHasAdminPrivileges_with_default_laravel_user" file="/app/tests/Unit/Http/Requests/FormRequest/InstanceTest.php" line="55" class="Tests\Unit\Playground\Directory\Api\Http\Requests\FormRequest\InstanceTest" classname="Tests.Unit.Playground.Directory.Api.Http.Requests.FormRequest.InstanceTest" assertions="1" time="0.033463"/>
      </testsuite>
      <testsuite name="Tests\Unit\Playground\Directory\Api\Http\Requests\Location\CreateRequestTest" file="/app/tests/Unit/Http/Requests/Location/CreateRequestTest.php" tests="1" assertions="1" errors="0" failures="0" skipped="0" time="0.045020">
        <testcase name="test_request_instance" file="/app/vendor/gammamatrix/playground-test/src/Unit/Http/Requests/RequestCase.php" line="41" class="Tests\Unit\Playground\Directory\Api\Http\Requests\Location\CreateRequestTest" classname="Tests.Unit.Playground.Directory.Api.Http.Requests.Location.CreateRequestTest" assertions="1" time="0.045020"/>
      </testsuite>
      <testsuite name="Tests\Unit\Playground\Directory\Api\Http\Requests\Location\DestroyRequestTest" file="/app/tests/Unit/Http/Requests/Location/DestroyRequestTest.php" tests="1" assertions="1" errors="0" failures="0" skipped="0" time="0.032634">
        <testcase name="test_request_instance" file="/app/vendor/gammamatrix/playground-test/src/Unit/Http/Requests/RequestCase.php" line="41" class="Tests\Unit\Playground\Directory\Api\Http\Requests\Location\DestroyRequestTest" classname="Tests.Unit.Playground.Directory.Api.Http.Requests.Location.DestroyRequestTest" assertions="1" time="0.032634"/>
      </testsuite>
      <testsuite name="Tests\Unit\Playground\Directory\Api\Http\Requests\Location\EditRequestTest" file="/app/tests/Unit/Http/Requests/Location/EditRequestTest.php" tests="1" assertions="1" errors="0" failures="0" skipped="0" time="0.048038">
        <testcase name="test_request_instance" file="/app/vendor/gammamatrix/playground-test/src/Unit/Http/Requests/RequestCase.php" line="41" class="Tests\Unit\Playground\Directory\Api\Http\Requests\Location\EditRequestTest" classname="Tests.Unit.Playground.Directory.Api.Http.Requests.Location.EditRequestTest" assertions="1" time="0.048038"/>
      </testsuite>
      <testsuite name="Tests\Unit\Playground\Directory\Api\Http\Requests\Location\IndexRequestTest" file="/app/tests/Unit/Http/Requests/Location/IndexRequestTest.php" tests="1" assertions="1" errors="0" failures="0" skipped="0" time="0.095568">
        <testcase name="test_request_instance" file="/app/vendor/gammamatrix/playground-test/src/Unit/Http/Requests/RequestCase.php" line="41" class="Tests\Unit\Playground\Directory\Api\Http\Requests\Location\IndexRequestTest" classname="Tests.Unit.Playground.Directory.Api.Http.Requests.Location.IndexRequestTest" assertions="1" time="0.095568"/>
      </testsuite>
      <testsuite name="Tests\Unit\Playground\Directory\Api\Http\Requests\Location\LockRequestTest" file="/app/tests/Unit/Http/Requests/Location/LockRequestTest.php" tests="1" assertions="1" errors="0" failures="0" skipped="0" time="0.030713">
        <testcase name="test_request_instance" file="/app/vendor/gammamatrix/playground-test/src/Unit/Http/Requests/RequestCase.php" line="41" class="Tests\Unit\Playground\Directory\Api\Http\Requests\Location\LockRequestTest" classname="Tests.Unit.Playground.Directory.Api.Http.Requests.Location.LockRequestTest" assertions="1" time="0.030713"/>
      </testsuite>
      <testsuite name="Tests\Unit\Playground\Directory\Api\Http\Requests\Location\RestoreRequestTest" file="/app/tests/Unit/Http/Requests/Location/RestoreRequestTest.php" tests="1" assertions="1" errors="0" failures="0" skipped="0" time="0.030824">
        <testcase name="test_request_instance" file="/app/vendor/gammamatrix/playground-test/src/Unit/Http/Requests/RequestCase.php" line="41" class="Tests\Unit\Playground\Directory\Api\Http\Requests\Location\RestoreRequestTest" classname="Tests.Unit.Playground.Directory.Api.Http.Requests.Location.RestoreRequestTest" assertions="1" time="0.030824"/>
      </testsuite>
      <testsuite name="Tests\Unit\Playground\Directory\Api\Http\Requests\Location\ShowRequestTest" file="/app/tests/Unit/Http/Requests/Location/ShowRequestTest.php" tests="1" assertions="1" errors="0" failures="0" skipped="0" time="0.030565">
        <testcase name="test_request_instance" file="/app/vendor/gammamatrix/playground-test/src/Unit/Http/Requests/RequestCase.php" line="41" class="Tests\Unit\Playground\Directory\Api\Http\Requests\Location\ShowRequestTest" classname="Tests.Unit.Playground.Directory.Api.Http.Requests.Location.ShowRequestTest" assertions="1" time="0.030565"/>
      </testsuite>
      <testsuite name="Tests\Unit\Playground\Directory\Api\Http\Requests\Location\StoreRequestTest" file="/app/tests/Unit/Http/Requests/Location/StoreRequestTest.php" tests="3" assertions="8" errors="0" failures="0" skipped="0" time="0.106066">
        <testcase name="test_request_instance" file="/app/vendor/gammamatrix/playground-test/src/Unit/Http/Requests/RequestCase.php" line="41" class="Tests\Unit\Playground\Directory\Api\Http\Requests\Location\StoreRequestTest" classname="Tests.Unit.Playground.Directory.Api.Http.Requests.Location.StoreRequestTest" assertions="1" time="0.049132"/>
        <testcase name="test_StoreRequest_rules_with_optional_revisions_disabled" file="/app/tests/Unit/Http/Requests/Location/StoreRequestTest.php" line="19" class="Tests\Unit\Playground\Directory\Api\Http\Requests\Location\StoreRequestTest" classname="Tests.Unit.Playground.Directory.Api.Http.Requests.Location.StoreRequestTest" assertions="3" time="0.028126"/>
        <testcase name="test_StoreRequest_rules_with_optional_revisions_enabled" file="/app/tests/Unit/Http/Requests/Location/StoreRequestTest.php" line="29" class="Tests\Unit\Playground\Directory\Api\Http\Requests\Location\StoreRequestTest" classname="Tests.Unit.Playground.Directory.Api.Http.Requests.Location.StoreRequestTest" assertions="4" time="0.028808"/>
      </testsuite>
      <testsuite name="Tests\Unit\Playground\Directory\Api\Http\Requests\Location\UnlockRequestTest" file="/app/tests/Unit/Http/Requests/Location/UnlockRequestTest.php" tests="1" assertions="1" errors="0" failures="0" skipped="0" time="0.030609">
        <testcase name="test_request_instance" file="/app/vendor/gammamatrix/playground-test/src/Unit/Http/Requests/RequestCase.php" line="41" class="Tests\Unit\Playground\Directory\Api\Http\Requests\Location\UnlockRequestTest" classname="Tests.Unit.Playground.Directory.Api.Http.Requests.Location.UnlockRequestTest" assertions="1" time="0.030609"/>
      </testsuite>
      <testsuite name="Tests\Unit\Playground\Directory\Api\Http\Requests\Location\UpdateRequestTest" file="/app/tests/Unit/Http/Requests/Location/UpdateRequestTest.php" tests="3" assertions="8" errors="0" failures="0" skipped="0" time="0.114224">
        <testcase name="test_request_instance" file="/app/vendor/gammamatrix/playground-test/src/Unit/Http/Requests/RequestCase.php" line="41" class="Tests\Unit\Playground\Directory\Api\Http\Requests\Location\UpdateRequestTest" classname="Tests.Unit.Playground.Directory.Api.Http.Requests.Location.UpdateRequestTest" assertions="1" time="0.053076"/>
        <testcase name="test_UpdateRequest_rules_with_optional_revisions_disabled" file="/app/tests/Unit/Http/Requests/Location/UpdateRequestTest.php" line="19" class="Tests\Unit\Playground\Directory\Api\Http\Requests\Location\UpdateRequestTest" classname="Tests.Unit.Playground.Directory.Api.Http.Requests.Location.UpdateRequestTest" assertions="3" time="0.030274"/>
        <testcase name="test_UpdateRequest_rules_with_optional_revisions_enabled" file="/app/tests/Unit/Http/Requests/Location/UpdateRequestTest.php" line="29" class="Tests\Unit\Playground\Directory\Api\Http\Requests\Location\UpdateRequestTest" classname="Tests.Unit.Playground.Directory.Api.Http.Requests.Location.UpdateRequestTest" assertions="4" time="0.030874"/>
      </testsuite>
      <testsuite name="Tests\Unit\Playground\Directory\Api\Http\Requests\Sublocation\CreateRequestTest" file="/app/tests/Unit/Http/Requests/Sublocation/CreateRequestTest.php" tests="1" assertions="1" errors="0" failures="0" skipped="0" time="0.048770">
        <testcase name="test_request_instance" file="/app/vendor/gammamatrix/playground-test/src/Unit/Http/Requests/RequestCase.php" line="41" class="Tests\Unit\Playground\Directory\Api\Http\Requests\Sublocation\CreateRequestTest" classname="Tests.Unit.Playground.Directory.Api.Http.Requests.Sublocation.CreateRequestTest" assertions="1" time="0.048770"/>
      </testsuite>
      <testsuite name="Tests\Unit\Playground\Directory\Api\Http\Requests\Sublocation\DestroyRequestTest" file="/app/tests/Unit/Http/Requests/Sublocation/DestroyRequestTest.php" tests="1" assertions="1" errors="0" failures="0" skipped="0" time="0.033188">
        <testcase name="test_request_instance" file="/app/vendor/gammamatrix/playground-test/src/Unit/Http/Requests/RequestCase.php" line="41" class="Tests\Unit\Playground\Directory\Api\Http\Requests\Sublocation\DestroyRequestTest" classname="Tests.Unit.Playground.Directory.Api.Http.Requests.Sublocation.DestroyRequestTest" assertions="1" time="0.033188"/>
      </testsuite>
      <testsuite name="Tests\Unit\Playground\Directory\Api\Http\Requests\Sublocation\EditRequestTest" file="/app/tests/Unit/Http/Requests/Sublocation/EditRequestTest.php" tests="1" assertions="1" errors="0" failures="0" skipped="0" time="0.047083">
        <testcase name="test_request_instance" file="/app/vendor/gammamatrix/playground-test/src/Unit/Http/Requests/RequestCase.php" line="41" class="Tests\Unit\Playground\Directory\Api\Http\Requests\Sublocation\EditRequestTest" classname="Tests.Unit.Playground.Directory.Api.Http.Requests.Sublocation.EditRequestTest" assertions="1" time="0.047083"/>
      </testsuite>
      <testsuite name="Tests\Unit\Playground\Directory\Api\Http\Requests\Sublocation\IndexRequestTest" file="/app/tests/Unit/Http/Requests/Sublocation/IndexRequestTest.php" tests="1" assertions="1" errors="0" failures="0" skipped="0" time="0.092578">
        <testcase name="test_request_instance" file="/app/vendor/gammamatrix/playground-test/src/Unit/Http/Requests/RequestCase.php" line="41" class="Tests\Unit\Playground\Directory\Api\Http\Requests\Sublocation\IndexRequestTest" classname="Tests.Unit.Playground.Directory.Api.Http.Requests.Sublocation.IndexRequestTest" assertions="1" time="0.092578"/>
      </testsuite>
      <testsuite name="Tests\Unit\Playground\Directory\Api\Http\Requests\Sublocation\LockRequestTest" file="/app/tests/Unit/Http/Requests/Sublocation/LockRequestTest.php" tests="1" assertions="1" errors="0" failures="0" skipped="0" time="0.032541">
        <testcase name="test_request_instance" file="/app/vendor/gammamatrix/playground-test/src/Unit/Http/Requests/RequestCase.php" line="41" class="Tests\Unit\Playground\Directory\Api\Http\Requests\Sublocation\LockRequestTest" classname="Tests.Unit.Playground.Directory.Api.Http.Requests.Sublocation.LockRequestTest" assertions="1" time="0.032541"/>
      </testsuite>
      <testsuite name="Tests\Unit\Playground\Directory\Api\Http\Requests\Sublocation\RestoreRequestTest" file="/app/tests/Unit/Http/Requests/Sublocation/RestoreRequestTest.php" tests="1" assertions="1" errors="0" failures="0" skipped="0" time="0.032015">
        <testcase name="test_request_instance" file="/app/vendor/gammamatrix/playground-test/src/Unit/Http/Requests/RequestCase.php" line="41" class="Tests\Unit\Playground\Directory\Api\Http\Requests\Sublocation\RestoreRequestTest" classname="Tests.Unit.Playground.Directory.Api.Http.Requests.Sublocation.RestoreRequestTest" assertions="1" time="0.032015"/>
      </testsuite>
      <testsuite name="Tests\Unit\Playground\Directory\Api\Http\Requests\Sublocation\ShowRequestTest" file="/app/tests/Unit/Http/Requests/Sublocation/ShowRequestTest.php" tests="1" assertions="1" errors="0" failures="0" skipped="0" time="0.031166">
        <testcase name="test_request_instance" file="/app/vendor/gammamatrix/playground-test/src/Unit/Http/Requests/RequestCase.php" line="41" class="Tests\Unit\Playground\Directory\Api\Http\Requests\Sublocation\ShowRequestTest" classname="Tests.Unit.Playground.Directory.Api.Http.Requests.Sublocation.ShowRequestTest" assertions="1" time="0.031166"/>
      </testsuite>
      <testsuite name="Tests\Unit\Playground\Directory\Api\Http\Requests\Sublocation\StoreRequestTest" file="/app/tests/Unit/Http/Requests/Sublocation/StoreRequestTest.php" tests="3" assertions="8" errors="0" failures="0" skipped="0" time="0.108881">
        <testcase name="test_request_instance" file="/app/vendor/gammamatrix/playground-test/src/Unit/Http/Requests/RequestCase.php" line="41" class="Tests\Unit\Playground\Directory\Api\Http\Requests\Sublocation\StoreRequestTest" classname="Tests.Unit.Playground.Directory.Api.Http.Requests.Sublocation.StoreRequestTest" assertions="1" time="0.051185"/>
        <testcase name="test_StoreRequest_rules_with_optional_revisions_disabled" file="/app/tests/Unit/Http/Requests/Sublocation/StoreRequestTest.php" line="19" class="Tests\Unit\Playground\Directory\Api\Http\Requests\Sublocation\StoreRequestTest" classname="Tests.Unit.Playground.Directory.Api.Http.Requests.Sublocation.StoreRequestTest" assertions="3" time="0.029006"/>
        <testcase name="test_StoreRequest_rules_with_optional_revisions_enabled" file="/app/tests/Unit/Http/Requests/Sublocation/StoreRequestTest.php" line="29" class="Tests\Unit\Playground\Directory\Api\Http\Requests\Sublocation\StoreRequestTest" classname="Tests.Unit.Playground.Directory.Api.Http.Requests.Sublocation.StoreRequestTest" assertions="4" time="0.028690"/>
      </testsuite>
      <testsuite name="Tests\Unit\Playground\Directory\Api\Http\Requests\Sublocation\UnlockRequestTest" file="/app/tests/Unit/Http/Requests/Sublocation/UnlockRequestTest.php" tests="1" assertions="1" errors="0" failures="0" skipped="0" time="0.032554">
        <testcase name="test_request_instance" file="/app/vendor/gammamatrix/playground-test/src/Unit/Http/Requests/RequestCase.php" line="41" class="Tests\Unit\Playground\Directory\Api\Http\Requests\Sublocation\UnlockRequestTest" classname="Tests.Unit.Playground.Directory.Api.Http.Requests.Sublocation.UnlockRequestTest" assertions="1" time="0.032554"/>
      </testsuite>
      <testsuite name="Tests\Unit\Playground\Directory\Api\Http\Requests\Sublocation\UpdateRequestTest" file="/app/tests/Unit/Http/Requests/Sublocation/UpdateRequestTest.php" tests="3" assertions="8" errors="0" failures="0" skipped="0" time="0.106245">
        <testcase name="test_request_instance" file="/app/vendor/gammamatrix/playground-test/src/Unit/Http/Requests/RequestCase.php" line="41" class="Tests\Unit\Playground\Directory\Api\Http\Requests\Sublocation\UpdateRequestTest" classname="Tests.Unit.Playground.Directory.Api.Http.Requests.Sublocation.UpdateRequestTest" assertions="1" time="0.047954"/>
        <testcase name="test_UpdateRequest_rules_with_optional_revisions_disabled" file="/app/tests/Unit/Http/Requests/Sublocation/UpdateRequestTest.php" line="19" class="Tests\Unit\Playground\Directory\Api\Http\Requests\Sublocation\UpdateRequestTest" classname="Tests.Unit.Playground.Directory.Api.Http.Requests.Sublocation.UpdateRequestTest" assertions="3" time="0.029316"/>
        <testcase name="test_UpdateRequest_rules_with_optional_revisions_enabled" file="/app/tests/Unit/Http/Requests/Sublocation/UpdateRequestTest.php" line="29" class="Tests\Unit\Playground\Directory\Api\Http\Requests\Sublocation\UpdateRequestTest" classname="Tests.Unit.Playground.Directory.Api.Http.Requests.Sublocation.UpdateRequestTest" assertions="4" time="0.028974"/>
      </testsuite>
      <testsuite name="Tests\Unit\Playground\Directory\Api\Policies\LocationPolicy\PolicyTest" file="/app/tests/Unit/Policies/LocationPolicy/PolicyTest.php" tests="1" assertions="1" errors="0" failures="0" skipped="0" time="0.027443">
        <testcase name="test_policy_instance" file="/app/tests/Unit/Policies/LocationPolicy/PolicyTest.php" line="19" class="Tests\Unit\Playground\Directory\Api\Policies\LocationPolicy\PolicyTest" classname="Tests.Unit.Playground.Directory.Api.Policies.LocationPolicy.PolicyTest" assertions="1" time="0.027443"/>
      </testsuite>
      <testsuite name="Tests\Unit\Playground\Directory\Api\Policies\SublocationPolicy\PolicyTest" file="/app/tests/Unit/Policies/SublocationPolicy/PolicyTest.php" tests="1" assertions="1" errors="0" failures="0" skipped="0" time="0.027416">
        <testcase name="test_policy_instance" file="/app/tests/Unit/Policies/SublocationPolicy/PolicyTest.php" line="19" class="Tests\Unit\Playground\Directory\Api\Policies\SublocationPolicy\PolicyTest" classname="Tests.Unit.Playground.Directory.Api.Policies.SublocationPolicy.PolicyTest" assertions="1" time="0.027416"/>
      </testsuite>
      <testsuite name="Tests\Unit\Playground\Directory\Api\ServiceProvider\InstanceTest" file="/app/tests/Unit/ServiceProvider/InstanceTest.php" tests="4" assertions="8" errors="0" failures="0" skipped="0" time="0.119174">
        <testcase name="test_version_matches" file="/app/tests/Unit/ServiceProvider/InstanceTest.php" line="20" class="Tests\Unit\Playground\Directory\Api\ServiceProvider\InstanceTest" classname="Tests.Unit.Playground.Directory.Api.ServiceProvider.InstanceTest" assertions="3" time="0.029563"/>
        <testcase name="test_setPolicies_with_empty_array" file="/app/tests/Unit/ServiceProvider/InstanceTest.php" line="29" class="Tests\Unit\Playground\Directory\Api\ServiceProvider\InstanceTest" classname="Tests.Unit.Playground.Directory.Api.ServiceProvider.InstanceTest" assertions="1" time="0.029110"/>
        <testcase name="test_setPolicies_with_invalid_model" file="/app/tests/Unit/ServiceProvider/InstanceTest.php" line="43" class="Tests\Unit\Playground\Directory\Api\ServiceProvider\InstanceTest" classname="Tests.Unit.Playground.Directory.Api.ServiceProvider.InstanceTest" assertions="2" time="0.031502"/>
        <testcase name="test_setPolicies_with_invalid_policy" file="/app/tests/Unit/ServiceProvider/InstanceTest.php" line="72" class="Tests\Unit\Playground\Directory\Api\ServiceProvider\InstanceTest" classname="Tests.Unit.Playground.Directory.Api.ServiceProvider.InstanceTest" assertions="2" time="0.028999"/>
      </testsuite>
    </testsuite>
    <testsuite name="Feature" tests="90" assertions="2716" errors="0" failures="0" skipped="0" time="17.673914">
      <testsuite name="Tests\Feature\Playground\Directory\Api\Console\Commands\About\CommandTest" file="/app/tests/Feature/Console/Commands/About/CommandTest.php" tests="1" assertions="2" errors="0" failures="0" skipped="0" time="0.342315">
        <testcase name="test_command_about_displays_package_information_and_succeed" file="/app/tests/Feature/Console/Commands/About/CommandTest.php" line="20" class="Tests\Feature\Playground\Directory\Api\Console\Commands\About\CommandTest" classname="Tests.Feature.Playground.Directory.Api.Console.Commands.About.CommandTest" assertions="2" time="0.342315"/>
      </testsuite>
      <testsuite name="Tests\Feature\Playground\Directory\Api\Http\Controllers\Playground\LocationRouteTest" file="/app/tests/Feature/Http/Controllers/Playground/LocationRouteTest.php" tests="44" assertions="1350" errors="0" failures="0" skipped="0" time="8.653834">
        <testcase name="test_json_guest_cannot_get_create_info" file="/app/vendor/gammamatrix/playground-test/src/Feature/Http/Controllers/Resource/Playground/CreateJsonTrait.php" line="38" class="Tests\Feature\Playground\Directory\Api\Http\Controllers\Playground\LocationRouteTest" classname="Tests.Feature.Playground.Directory.Api.Http.Controllers.Playground.LocationRouteTest" assertions="1" time="0.227263"/>
        <testcase name="test_json_admin_can_get_create_info" file="/app/vendor/gammamatrix/playground-test/src/Feature/Http/Controllers/Resource/Playground/CreateJsonTrait.php" line="53" class="Tests\Feature\Playground\Directory\Api\Http\Controllers\Playground\LocationRouteTest" classname="Tests.Feature.Playground.Directory.Api.Http.Controllers.Playground.LocationRouteTest" assertions="94" time="0.207163"/>
        <testcase name="test_json_get_create_info_as_admin_with_invalid_parameter_and_fail_validation" file="/app/vendor/gammamatrix/playground-test/src/Feature/Http/Controllers/Resource/Playground/CreateJsonTrait.php" line="73" class="Tests\Feature\Playground\Directory\Api\Http\Controllers\Playground\LocationRouteTest" classname="Tests.Feature.Playground.Directory.Api.Http.Controllers.Playground.LocationRouteTest" assertions="4" time="0.174941"/>
        <testcase name="test_json_guest_cannot_destroy" file="/app/vendor/gammamatrix/playground-test/src/Feature/Http/Controllers/Resource/Playground/DestroyJsonTrait.php" line="31" class="Tests\Feature\Playground\Directory\Api\Http\Controllers\Playground\LocationRouteTest" classname="Tests.Feature.Playground.Directory.Api.Http.Controllers.Playground.LocationRouteTest" assertions="3" time="0.174493"/>
        <testcase name="test_json_destroy_as_admin_and_succeed" file="/app/vendor/gammamatrix/playground-test/src/Feature/Http/Controllers/Resource/Playground/DestroyJsonTrait.php" line="61" class="Tests\Feature\Playground\Directory\Api\Http\Controllers\Playground\LocationRouteTest" classname="Tests.Feature.Playground.Directory.Api.Http.Controllers.Playground.LocationRouteTest" assertions="5" time="0.178738"/>
        <testcase name="test_json_destroy_as_admin_and_succeed_with_force_delete" file="/app/vendor/gammamatrix/playground-test/src/Feature/Http/Controllers/Resource/Playground/DestroyJsonTrait.php" line="100" class="Tests\Feature\Playground\Directory\Api\Http\Controllers\Playground\LocationRouteTest" classname="Tests.Feature.Playground.Directory.Api.Http.Controllers.Playground.LocationRouteTest" assertions="4" time="0.185733"/>
        <testcase name="test_json_destroy_as_admin_and_succeed_with_no_content" file="/app/vendor/gammamatrix/playground-test/src/Feature/Http/Controllers/Resource/Playground/DestroyJsonTrait.php" line="132" class="Tests\Feature\Playground\Directory\Api\Http\Controllers\Playground\LocationRouteTest" classname="Tests.Feature.Playground.Directory.Api.Http.Controllers.Playground.LocationRouteTest" assertions="5" time="0.190263"/>
        <testcase name="test_json_destroy_as_admin_and_succeed_and_ignore_redirect" file="/app/vendor/gammamatrix/playground-test/src/Feature/Http/Controllers/Resource/Playground/DestroyJsonTrait.php" line="167" class="Tests\Feature\Playground\Directory\Api\Http\Controllers\Playground\LocationRouteTest" classname="Tests.Feature.Playground.Directory.Api.Http.Controllers.Playground.LocationRouteTest" assertions="5" time="0.193140"/>
        <testcase name="test_json_destroy_as_user_and_get_denied_and_no_force_delete_allowed" file="/app/vendor/gammamatrix/playground-test/src/Feature/Http/Controllers/Resource/Playground/DestroyJsonTrait.php" line="209" class="Tests\Feature\Playground\Directory\Api\Http\Controllers\Playground\LocationRouteTest" classname="Tests.Feature.Playground.Directory.Api.Http.Controllers.Playground.LocationRouteTest" assertions="3" time="0.181738"/>
        <testcase name="test_json_guest_cannot_get_edit_info" file="/app/vendor/gammamatrix/playground-test/src/Feature/Http/Controllers/Resource/Playground/EditJsonTrait.php" line="38" class="Tests\Feature\Playground\Directory\Api\Http\Controllers\Playground\LocationRouteTest" classname="Tests.Feature.Playground.Directory.Api.Http.Controllers.Playground.LocationRouteTest" assertions="1" time="0.180494"/>
        <testcase name="test_json_admin_can_get_edit_info" file="/app/vendor/gammamatrix/playground-test/src/Feature/Http/Controllers/Resource/Playground/EditJsonTrait.php" line="58" class="Tests\Feature\Playground\Directory\Api\Http\Controllers\Playground\LocationRouteTest" classname="Tests.Feature.Playground.Directory.Api.Http.Controllers.Playground.LocationRouteTest" assertions="4" time="0.192172"/>
        <testcase name="test_json_edit_as_admin_and_fail_validation_with_invalid_parameter" file="/app/vendor/gammamatrix/playground-test/src/Feature/Http/Controllers/Resource/Playground/EditJsonTrait.php" line="87" class="Tests\Feature\Playground\Directory\Api\Http\Controllers\Playground\LocationRouteTest" classname="Tests.Feature.Playground.Directory.Api.Http.Controllers.Playground.LocationRouteTest" assertions="4" time="0.183238"/>
        <testcase name="test_json_guest_cannot_get_index" file="/app/vendor/gammamatrix/playground-test/src/Feature/Http/Controllers/Resource/Playground/IndexJsonTrait.php" line="34" class="Tests\Feature\Playground\Directory\Api\Http\Controllers\Playground\LocationRouteTest" classname="Tests.Feature.Playground.Directory.Api.Http.Controllers.Playground.LocationRouteTest" assertions="1" time="0.167496"/>
        <testcase name="test_json_admin_can_get_index" file="/app/vendor/gammamatrix/playground-test/src/Feature/Http/Controllers/Resource/Playground/IndexJsonTrait.php" line="49" class="Tests\Feature\Playground\Directory\Api\Http\Controllers\Playground\LocationRouteTest" classname="Tests.Feature.Playground.Directory.Api.Http.Controllers.Playground.LocationRouteTest" assertions="101" time="0.199251"/>
        <testcase name="test_json_admin_can_get_index_with_filters" file="/app/vendor/gammamatrix/playground-test/src/Feature/Http/Controllers/Resource/Playground/IndexJsonTrait.php" line="85" class="Tests\Feature\Playground\Directory\Api\Http\Controllers\Playground\LocationRouteTest" classname="Tests.Feature.Playground.Directory.Api.Http.Controllers.Playground.LocationRouteTest" assertions="3" time="0.193496"/>
        <testcase name="test_json_guest_cannot_lock" file="/app/vendor/gammamatrix/playground-test/src/Feature/Http/Controllers/Resource/Playground/LockJsonTrait.php" line="36" class="Tests\Feature\Playground\Directory\Api\Http\Controllers\Playground\LocationRouteTest" classname="Tests.Feature.Playground.Directory.Api.Http.Controllers.Playground.LocationRouteTest" assertions="3" time="0.170192"/>
        <testcase name="test_json_lock_as_admin_and_succeed" file="/app/vendor/gammamatrix/playground-test/src/Feature/Http/Controllers/Resource/Playground/LockJsonTrait.php" line="66" class="Tests\Feature\Playground\Directory\Api\Http\Controllers\Playground\LocationRouteTest" classname="Tests.Feature.Playground.Directory.Api.Http.Controllers.Playground.LocationRouteTest" assertions="3" time="0.190524"/>
        <testcase name="test_json_lock_as_admin_and_succeed_with_no_redirect" file="/app/vendor/gammamatrix/playground-test/src/Feature/Http/Controllers/Resource/Playground/LockJsonTrait.php" line="98" class="Tests\Feature\Playground\Directory\Api\Http\Controllers\Playground\LocationRouteTest" classname="Tests.Feature.Playground.Directory.Api.Http.Controllers.Playground.LocationRouteTest" assertions="96" time="0.190484"/>
        <testcase name="test_json_lock_as_user_and_get_denied" file="/app/vendor/gammamatrix/playground-test/src/Feature/Http/Controllers/Resource/Playground/LockJsonTrait.php" line="143" class="Tests\Feature\Playground\Directory\Api\Http\Controllers\Playground\LocationRouteTest" classname="Tests.Feature.Playground.Directory.Api.Http.Controllers.Playground.LocationRouteTest" assertions="3" time="0.178554"/>
        <testcase name="test_json_guest_cannot_restore" file="/app/vendor/gammamatrix/playground-test/src/Feature/Http/Controllers/Resource/Playground/RestoreJsonTrait.php" line="32" class="Tests\Feature\Playground\Directory\Api\Http\Controllers\Playground\LocationRouteTest" classname="Tests.Feature.Playground.Directory.Api.Http.Controllers.Playground.LocationRouteTest" assertions="3" time="0.169619"/>
        <testcase name="test_json_restore_as_admin_and_succeed" file="/app/vendor/gammamatrix/playground-test/src/Feature/Http/Controllers/Resource/Playground/RestoreJsonTrait.php" line="64" class="Tests\Feature\Playground\Directory\Api\Http\Controllers\Playground\LocationRouteTest" classname="Tests.Feature.Playground.Directory.Api.Http.Controllers.Playground.LocationRouteTest" assertions="96" time="0.192706"/>
        <testcase name="test_json_restore_as_admin_and_succeed_with_no_redirect" file="/app/vendor/gammamatrix/playground-test/src/Feature/Http/Controllers/Resource/Playground/RestoreJsonTrait.php" line="100" class="Tests\Feature\Playground\Directory\Api\Http\Controllers\Playground\LocationRouteTest" classname="Tests.Feature.Playground.Directory.Api.Http.Controllers.Playground.LocationRouteTest" assertions="96" time="0.194604"/>
        <testcase name="test_json_restore_as_user_and_get_denied" file="/app/vendor/gammamatrix/playground-test/src/Feature/Http/Controllers/Resource/Playground/RestoreJsonTrait.php" line="143" class="Tests\Feature\Playground\Directory\Api\Http\Controllers\Playground\LocationRouteTest" classname="Tests.Feature.Playground.Directory.Api.Http.Controllers.Playground.LocationRouteTest" assertions="3" time="0.190120"/>
        <testcase name="test_json_guest_cannot_restore_revision" file="/app/vendor/gammamatrix/playground-test/src/Feature/Http/Controllers/Resource/Playground/RestoreRevisionJsonTrait.php" line="43" class="Tests\Feature\Playground\Directory\Api\Http\Controllers\Playground\LocationRouteTest" classname="Tests.Feature.Playground.Directory.Api.Http.Controllers.Playground.LocationRouteTest" assertions="3" time="0.184975"/>
        <testcase name="test_json_restore_revision_as_admin_and_succeed" file="/app/vendor/gammamatrix/playground-test/src/Feature/Http/Controllers/Resource/Playground/RestoreRevisionJsonTrait.php" line="79" class="Tests\Feature\Playground\Directory\Api\Http\Controllers\Playground\LocationRouteTest" classname="Tests.Feature.Playground.Directory.Api.Http.Controllers.Playground.LocationRouteTest" assertions="96" time="0.254200"/>
        <testcase name="test_json_restore_revision_as_admin_and_succeed_without_redirect" file="/app/vendor/gammamatrix/playground-test/src/Feature/Http/Controllers/Resource/Playground/RestoreRevisionJsonTrait.php" line="119" class="Tests\Feature\Playground\Directory\Api\Http\Controllers\Playground\LocationRouteTest" classname="Tests.Feature.Playground.Directory.Api.Http.Controllers.Playground.LocationRouteTest" assertions="96" time="0.252032"/>
        <testcase name="test_json_restore_revision_as_user_and_get_denied" file="/app/vendor/gammamatrix/playground-test/src/Feature/Http/Controllers/Resource/Playground/RestoreRevisionJsonTrait.php" line="171" class="Tests\Feature\Playground\Directory\Api\Http\Controllers\Playground\LocationRouteTest" classname="Tests.Feature.Playground.Directory.Api.Http.Controllers.Playground.LocationRouteTest" assertions="3" time="0.194577"/>
        <testcase name="test_json_guest_cannot_render_revision_view" file="/app/vendor/gammamatrix/playground-test/src/Feature/Http/Controllers/Resource/Playground/RevisionJsonTrait.php" line="38" class="Tests\Feature\Playground\Directory\Api\Http\Controllers\Playground\LocationRouteTest" classname="Tests.Feature.Playground.Directory.Api.Http.Controllers.Playground.LocationRouteTest" assertions="2" time="0.181599"/>
        <testcase name="test_json_admin_can_get_revision_info" file="/app/vendor/gammamatrix/playground-test/src/Feature/Http/Controllers/Resource/Playground/RevisionJsonTrait.php" line="69" class="Tests\Feature\Playground\Directory\Api\Http\Controllers\Playground\LocationRouteTest" classname="Tests.Feature.Playground.Directory.Api.Http.Controllers.Playground.LocationRouteTest" assertions="95" time="0.211087"/>
        <testcase name="test_json_guest_cannot_get_revisions" file="/app/vendor/gammamatrix/playground-test/src/Feature/Http/Controllers/Resource/Playground/RevisionsJsonTrait.php" line="34" class="Tests\Feature\Playground\Directory\Api\Http\Controllers\Playground\LocationRouteTest" classname="Tests.Feature.Playground.Directory.Api.Http.Controllers.Playground.LocationRouteTest" assertions="2" time="0.181985"/>
        <testcase name="test_json_admin_can_get_revisions" file="/app/vendor/gammamatrix/playground-test/src/Feature/Http/Controllers/Resource/Playground/RevisionsJsonTrait.php" line="63" class="Tests\Feature\Playground\Directory\Api\Http\Controllers\Playground\LocationRouteTest" classname="Tests.Feature.Playground.Directory.Api.Http.Controllers.Playground.LocationRouteTest" assertions="2" time="0.273827"/>
        <testcase name="test_json_admin_can_get_revisions_with_filters" file="/app/vendor/gammamatrix/playground-test/src/Feature/Http/Controllers/Resource/Playground/RevisionsJsonTrait.php" line="104" class="Tests\Feature\Playground\Directory\Api\Http\Controllers\Playground\LocationRouteTest" classname="Tests.Feature.Playground.Directory.Api.Http.Controllers.Playground.LocationRouteTest" assertions="102" time="0.206921"/>
        <testcase name="test_json_guest_cannot_see_info" file="/app/vendor/gammamatrix/playground-test/src/Feature/Http/Controllers/Resource/Playground/ShowJsonTrait.php" line="29" class="Tests\Feature\Playground\Directory\Api\Http\Controllers\Playground\LocationRouteTest" classname="Tests.Feature.Playground.Directory.Api.Http.Controllers.Playground.LocationRouteTest" assertions="1" time="0.172604"/>
        <testcase name="test_json_show_info_for_admin" file="/app/vendor/gammamatrix/playground-test/src/Feature/Http/Controllers/Resource/Playground/ShowJsonTrait.php" line="49" class="Tests\Feature\Playground\Directory\Api\Http\Controllers\Playground\LocationRouteTest" classname="Tests.Feature.Playground.Directory.Api.Http.Controllers.Playground.LocationRouteTest" assertions="95" time="0.190318"/>
        <testcase name="test_json_guest_cannot_store" file="/app/vendor/gammamatrix/playground-test/src/Feature/Http/Controllers/Resource/Playground/StoreJsonTrait.php" line="43" class="Tests\Feature\Playground\Directory\Api\Http\Controllers\Playground\LocationRouteTest" classname="Tests.Feature.Playground.Directory.Api.Http.Controllers.Playground.LocationRouteTest" assertions="3" time="0.180865"/>
        <testcase name="test_json_store_as_admin_without_payload_and_fail_validation" file="/app/vendor/gammamatrix/playground-test/src/Feature/Http/Controllers/Resource/Playground/StoreJsonTrait.php" line="66" class="Tests\Feature\Playground\Directory\Api\Http\Controllers\Playground\LocationRouteTest" classname="Tests.Feature.Playground.Directory.Api.Http.Controllers.Playground.LocationRouteTest" assertions="5" time="0.187717"/>
        <testcase name="test_json_store_as_admin_and_succeed" file="/app/vendor/gammamatrix/playground-test/src/Feature/Http/Controllers/Resource/Playground/StoreJsonTrait.php" line="92" class="Tests\Feature\Playground\Directory\Api\Http\Controllers\Playground\LocationRouteTest" classname="Tests.Feature.Playground.Directory.Api.Http.Controllers.Playground.LocationRouteTest" assertions="3" time="0.250592"/>
        <testcase name="test_json_guest_cannot_unlock" file="/app/vendor/gammamatrix/playground-test/src/Feature/Http/Controllers/Resource/Playground/UnlockJsonTrait.php" line="36" class="Tests\Feature\Playground\Directory\Api\Http\Controllers\Playground\LocationRouteTest" classname="Tests.Feature.Playground.Directory.Api.Http.Controllers.Playground.LocationRouteTest" assertions="3" time="0.181716"/>
        <testcase name="test_json_unlock_as_admin_and_succeed" file="/app/vendor/gammamatrix/playground-test/src/Feature/Http/Controllers/Resource/Playground/UnlockJsonTrait.php" line="68" class="Tests\Feature\Playground\Directory\Api\Http\Controllers\Playground\LocationRouteTest" classname="Tests.Feature.Playground.Directory.Api.Http.Controllers.Playground.LocationRouteTest" assertions="96" time="0.198779"/>
        <testcase name="test_json_unlock_as_admin_and_succeed_with_no_redirect" file="/app/vendor/gammamatrix/playground-test/src/Feature/Http/Controllers/Resource/Playground/UnlockJsonTrait.php" line="104" class="Tests\Feature\Playground\Directory\Api\Http\Controllers\Playground\LocationRouteTest" classname="Tests.Feature.Playground.Directory.Api.Http.Controllers.Playground.LocationRouteTest" assertions="96" time="0.202279"/>
        <testcase name="test_json_unlock_as_user_and_get_denied" file="/app/vendor/gammamatrix/playground-test/src/Feature/Http/Controllers/Resource/Playground/UnlockJsonTrait.php" line="145" class="Tests\Feature\Playground\Directory\Api\Http\Controllers\Playground\LocationRouteTest" classname="Tests.Feature.Playground.Directory.Api.Http.Controllers.Playground.LocationRouteTest" assertions="3" time="0.190059"/>
        <testcase name="test_json_guest_cannot_update" file="/app/vendor/gammamatrix/playground-test/src/Feature/Http/Controllers/Resource/Playground/UpdateJsonTrait.php" line="45" class="Tests\Feature\Playground\Directory\Api\Http\Controllers\Playground\LocationRouteTest" classname="Tests.Feature.Playground.Directory.Api.Http.Controllers.Playground.LocationRouteTest" assertions="1" time="0.181057"/>
        <testcase name="test_json_update_as_admin_without_payload_and_fail_validation" file="/app/vendor/gammamatrix/playground-test/src/Feature/Http/Controllers/Resource/Playground/UpdateJsonTrait.php" line="65" class="Tests\Feature\Playground\Directory\Api\Http\Controllers\Playground\LocationRouteTest" classname="Tests.Feature.Playground.Directory.Api.Http.Controllers.Playground.LocationRouteTest" assertions="4" time="0.203689"/>
        <testcase name="test_json_admin_can_update" file="/app/vendor/gammamatrix/playground-test/src/Feature/Http/Controllers/Resource/Playground/UpdateJsonTrait.php" line="90" class="Tests\Feature\Playground\Directory\Api\Http\Controllers\Playground\LocationRouteTest" classname="Tests.Feature.Playground.Directory.Api.Http.Controllers.Playground.LocationRouteTest" assertions="98" time="0.266536"/>
      </testsuite>
      <testsuite name="Tests\Feature\Playground\Directory\Api\Http\Controllers\Playground\SublocationRouteTest" file="/app/tests/Feature/Http/Controllers/Playground/SublocationRouteTest.php" tests="44" assertions="1363" errors="0" failures="0" skipped="0" time="8.518657">
        <testcase name="test_json_guest_cannot_get_create_info" file="/app/vendor/gammamatrix/playground-test/src/Feature/Http/Controllers/Resource/Playground/CreateJsonTrait.php" line="38" class="Tests\Feature\Playground\Directory\Api\Http\Controllers\Playground\SublocationRouteTest" classname="Tests.Feature.Playground.Directory.Api.Http.Controllers.Playground.SublocationRouteTest" assertions="1" time="0.202348"/>
        <testcase name="test_json_admin_can_get_create_info" file="/app/vendor/gammamatrix/playground-test/src/Feature/Http/Controllers/Resource/Playground/CreateJsonTrait.php" line="53" class="Tests\Feature\Playground\Directory\Api\Http\Controllers\Playground\SublocationRouteTest" classname="Tests.Feature.Playground.Directory.Api.Http.Controllers.Playground.SublocationRouteTest" assertions="95" time="0.182586"/>
        <testcase name="test_json_get_create_info_as_admin_with_invalid_parameter_and_fail_validation" file="/app/vendor/gammamatrix/playground-test/src/Feature/Http/Controllers/Resource/Playground/CreateJsonTrait.php" line="73" class="Tests\Feature\Playground\Directory\Api\Http\Controllers\Playground\SublocationRouteTest" classname="Tests.Feature.Playground.Directory.Api.Http.Controllers.Playground.SublocationRouteTest" assertions="4" time="0.173780"/>
        <testcase name="test_json_guest_cannot_destroy" file="/app/vendor/gammamatrix/playground-test/src/Feature/Http/Controllers/Resource/Playground/DestroyJsonTrait.php" line="31" class="Tests\Feature\Playground\Directory\Api\Http\Controllers\Playground\SublocationRouteTest" classname="Tests.Feature.Playground.Directory.Api.Http.Controllers.Playground.SublocationRouteTest" assertions="3" time="0.168604"/>
        <testcase name="test_json_destroy_as_admin_and_succeed" file="/app/vendor/gammamatrix/playground-test/src/Feature/Http/Controllers/Resource/Playground/DestroyJsonTrait.php" line="61" class="Tests\Feature\Playground\Directory\Api\Http\Controllers\Playground\SublocationRouteTest" classname="Tests.Feature.Playground.Directory.Api.Http.Controllers.Playground.SublocationRouteTest" assertions="5" time="0.178621"/>
        <testcase name="test_json_destroy_as_admin_and_succeed_with_force_delete" file="/app/vendor/gammamatrix/playground-test/src/Feature/Http/Controllers/Resource/Playground/DestroyJsonTrait.php" line="100" class="Tests\Feature\Playground\Directory\Api\Http\Controllers\Playground\SublocationRouteTest" classname="Tests.Feature.Playground.Directory.Api.Http.Controllers.Playground.SublocationRouteTest" assertions="4" time="0.176935"/>
        <testcase name="test_json_destroy_as_admin_and_succeed_with_no_content" file="/app/vendor/gammamatrix/playground-test/src/Feature/Http/Controllers/Resource/Playground/DestroyJsonTrait.php" line="132" class="Tests\Feature\Playground\Directory\Api\Http\Controllers\Playground\SublocationRouteTest" classname="Tests.Feature.Playground.Directory.Api.Http.Controllers.Playground.SublocationRouteTest" assertions="5" time="0.180303"/>
        <testcase name="test_json_destroy_as_admin_and_succeed_and_ignore_redirect" file="/app/vendor/gammamatrix/playground-test/src/Feature/Http/Controllers/Resource/Playground/DestroyJsonTrait.php" line="167" class="Tests\Feature\Playground\Directory\Api\Http\Controllers\Playground\SublocationRouteTest" classname="Tests.Feature.Playground.Directory.Api.Http.Controllers.Playground.SublocationRouteTest" assertions="5" time="0.182597"/>
        <testcase name="test_json_destroy_as_user_and_get_denied_and_no_force_delete_allowed" file="/app/vendor/gammamatrix/playground-test/src/Feature/Http/Controllers/Resource/Playground/DestroyJsonTrait.php" line="209" class="Tests\Feature\Playground\Directory\Api\Http\Controllers\Playground\SublocationRouteTest" classname="Tests.Feature.Playground.Directory.Api.Http.Controllers.Playground.SublocationRouteTest" assertions="3" time="0.179380"/>
        <testcase name="test_json_guest_cannot_get_edit_info" file="/app/vendor/gammamatrix/playground-test/src/Feature/Http/Controllers/Resource/Playground/EditJsonTrait.php" line="38" class="Tests\Feature\Playground\Directory\Api\Http\Controllers\Playground\SublocationRouteTest" classname="Tests.Feature.Playground.Directory.Api.Http.Controllers.Playground.SublocationRouteTest" assertions="1" time="0.170354"/>
        <testcase name="test_json_admin_can_get_edit_info" file="/app/vendor/gammamatrix/playground-test/src/Feature/Http/Controllers/Resource/Playground/EditJsonTrait.php" line="58" class="Tests\Feature\Playground\Directory\Api\Http\Controllers\Playground\SublocationRouteTest" classname="Tests.Feature.Playground.Directory.Api.Http.Controllers.Playground.SublocationRouteTest" assertions="4" time="0.192125"/>
        <testcase name="test_json_edit_as_admin_and_fail_validation_with_invalid_parameter" file="/app/vendor/gammamatrix/playground-test/src/Feature/Http/Controllers/Resource/Playground/EditJsonTrait.php" line="87" class="Tests\Feature\Playground\Directory\Api\Http\Controllers\Playground\SublocationRouteTest" classname="Tests.Feature.Playground.Directory.Api.Http.Controllers.Playground.SublocationRouteTest" assertions="4" time="0.198809"/>
        <testcase name="test_json_guest_cannot_get_index" file="/app/vendor/gammamatrix/playground-test/src/Feature/Http/Controllers/Resource/Playground/IndexJsonTrait.php" line="34" class="Tests\Feature\Playground\Directory\Api\Http\Controllers\Playground\SublocationRouteTest" classname="Tests.Feature.Playground.Directory.Api.Http.Controllers.Playground.SublocationRouteTest" assertions="1" time="0.164518"/>
        <testcase name="test_json_admin_can_get_index" file="/app/vendor/gammamatrix/playground-test/src/Feature/Http/Controllers/Resource/Playground/IndexJsonTrait.php" line="49" class="Tests\Feature\Playground\Directory\Api\Http\Controllers\Playground\SublocationRouteTest" classname="Tests.Feature.Playground.Directory.Api.Http.Controllers.Playground.SublocationRouteTest" assertions="102" time="0.195489"/>
        <testcase name="test_json_admin_can_get_index_with_filters" file="/app/vendor/gammamatrix/playground-test/src/Feature/Http/Controllers/Resource/Playground/IndexJsonTrait.php" line="85" class="Tests\Feature\Playground\Directory\Api\Http\Controllers\Playground\SublocationRouteTest" classname="Tests.Feature.Playground.Directory.Api.Http.Controllers.Playground.SublocationRouteTest" assertions="3" time="0.204544"/>
        <testcase name="test_json_guest_cannot_lock" file="/app/vendor/gammamatrix/playground-test/src/Feature/Http/Controllers/Resource/Playground/LockJsonTrait.php" line="36" class="Tests\Feature\Playground\Directory\Api\Http\Controllers\Playground\SublocationRouteTest" classname="Tests.Feature.Playground.Directory.Api.Http.Controllers.Playground.SublocationRouteTest" assertions="3" time="0.167609"/>
        <testcase name="test_json_lock_as_admin_and_succeed" file="/app/vendor/gammamatrix/playground-test/src/Feature/Http/Controllers/Resource/Playground/LockJsonTrait.php" line="66" class="Tests\Feature\Playground\Directory\Api\Http\Controllers\Playground\SublocationRouteTest" classname="Tests.Feature.Playground.Directory.Api.Http.Controllers.Playground.SublocationRouteTest" assertions="3" time="0.197336"/>
        <testcase name="test_json_lock_as_admin_and_succeed_with_no_redirect" file="/app/vendor/gammamatrix/playground-test/src/Feature/Http/Controllers/Resource/Playground/LockJsonTrait.php" line="98" class="Tests\Feature\Playground\Directory\Api\Http\Controllers\Playground\SublocationRouteTest" classname="Tests.Feature.Playground.Directory.Api.Http.Controllers.Playground.SublocationRouteTest" assertions="97" time="0.189854"/>
        <testcase name="test_json_lock_as_user_and_get_denied" file="/app/vendor/gammamatrix/playground-test/src/Feature/Http/Controllers/Resource/Playground/LockJsonTrait.php" line="143" class="Tests\Feature\Playground\Directory\Api\Http\Controllers\Playground\SublocationRouteTest" classname="Tests.Feature.Playground.Directory.Api.Http.Controllers.Playground.SublocationRouteTest" assertions="3" time="0.187460"/>
        <testcase name="test_json_guest_cannot_restore" file="/app/vendor/gammamatrix/playground-test/src/Feature/Http/Controllers/Resource/Playground/RestoreJsonTrait.php" line="32" class="Tests\Feature\Playground\Directory\Api\Http\Controllers\Playground\SublocationRouteTest" classname="Tests.Feature.Playground.Directory.Api.Http.Controllers.Playground.SublocationRouteTest" assertions="3" time="0.169819"/>
        <testcase name="test_json_restore_as_admin_and_succeed" file="/app/vendor/gammamatrix/playground-test/src/Feature/Http/Controllers/Resource/Playground/RestoreJsonTrait.php" line="64" class="Tests\Feature\Playground\Directory\Api\Http\Controllers\Playground\SublocationRouteTest" classname="Tests.Feature.Playground.Directory.Api.Http.Controllers.Playground.SublocationRouteTest" assertions="97" time="0.193578"/>
        <testcase name="test_json_restore_as_admin_and_succeed_with_no_redirect" file="/app/vendor/gammamatrix/playground-test/src/Feature/Http/Controllers/Resource/Playground/RestoreJsonTrait.php" line="100" class="Tests\Feature\Playground\Directory\Api\Http\Controllers\Playground\SublocationRouteTest" classname="Tests.Feature.Playground.Directory.Api.Http.Controllers.Playground.SublocationRouteTest" assertions="97" time="0.194233"/>
        <testcase name="test_json_restore_as_user_and_get_denied" file="/app/vendor/gammamatrix/playground-test/src/Feature/Http/Controllers/Resource/Playground/RestoreJsonTrait.php" line="143" class="Tests\Feature\Playground\Directory\Api\Http\Controllers\Playground\SublocationRouteTest" classname="Tests.Feature.Playground.Directory.Api.Http.Controllers.Playground.SublocationRouteTest" assertions="3" time="0.184811"/>
        <testcase name="test_json_guest_cannot_restore_revision" file="/app/vendor/gammamatrix/playground-test/src/Feature/Http/Controllers/Resource/Playground/RestoreRevisionJsonTrait.php" line="43" class="Tests\Feature\Playground\Directory\Api\Http\Controllers\Playground\SublocationRouteTest" classname="Tests.Feature.Playground.Directory.Api.Http.Controllers.Playground.SublocationRouteTest" assertions="3" time="0.179104"/>
        <testcase name="test_json_restore_revision_as_admin_and_succeed" file="/app/vendor/gammamatrix/playground-test/src/Feature/Http/Controllers/Resource/Playground/RestoreRevisionJsonTrait.php" line="79" class="Tests\Feature\Playground\Directory\Api\Http\Controllers\Playground\SublocationRouteTest" classname="Tests.Feature.Playground.Directory.Api.Http.Controllers.Playground.SublocationRouteTest" assertions="97" time="0.253387"/>
        <testcase name="test_json_restore_revision_as_admin_and_succeed_without_redirect" file="/app/vendor/gammamatrix/playground-test/src/Feature/Http/Controllers/Resource/Playground/RestoreRevisionJsonTrait.php" line="119" class="Tests\Feature\Playground\Directory\Api\Http\Controllers\Playground\SublocationRouteTest" classname="Tests.Feature.Playground.Directory.Api.Http.Controllers.Playground.SublocationRouteTest" assertions="97" time="0.256758"/>
        <testcase name="test_json_restore_revision_as_user_and_get_denied" file="/app/vendor/gammamatrix/playground-test/src/Feature/Http/Controllers/Resource/Playground/RestoreRevisionJsonTrait.php" line="171" class="Tests\Feature\Playground\Directory\Api\Http\Controllers\Playground\SublocationRouteTest" classname="Tests.Feature.Playground.Directory.Api.Http.Controllers.Playground.SublocationRouteTest" assertions="3" time="0.197728"/>
        <testcase name="test_json_guest_cannot_render_revision_view" file="/app/vendor/gammamatrix/playground-test/src/Feature/Http/Controllers/Resource/Playground/RevisionJsonTrait.php" line="38" class="Tests\Feature\Playground\Directory\Api\Http\Controllers\Playground\SublocationRouteTest" classname="Tests.Feature.Playground.Directory.Api.Http.Controllers.Playground.SublocationRouteTest" assertions="2" time="0.180990"/>
        <testcase name="test_json_admin_can_get_revision_info" file="/app/vendor/gammamatrix/playground-test/src/Feature/Http/Controllers/Resource/Playground/RevisionJsonTrait.php" line="69" class="Tests\Feature\Playground\Directory\Api\Http\Controllers\Playground\SublocationRouteTest" classname="Tests.Feature.Playground.Directory.Api.Http.Controllers.Playground.SublocationRouteTest" assertions="96" time="0.210378"/>
        <testcase name="test_json_guest_cannot_get_revisions" file="/app/vendor/gammamatrix/playground-test/src/Feature/Http/Controllers/Resource/Playground/RevisionsJsonTrait.php" line="34" class="Tests\Feature\Playground\Directory\Api\Http\Controllers\Playground\SublocationRouteTest" classname="Tests.Feature.Playground.Directory.Api.Http.Controllers.Playground.SublocationRouteTest" assertions="2" time="0.179280"/>
        <testcase name="test_json_admin_can_get_revisions" file="/app/vendor/gammamatrix/playground-test/src/Feature/Http/Controllers/Resource/Playground/RevisionsJsonTrait.php" line="63" class="Tests\Feature\Playground\Directory\Api\Http\Controllers\Playground\SublocationRouteTest" classname="Tests.Feature.Playground.Directory.Api.Http.Controllers.Playground.SublocationRouteTest" assertions="2" time="0.277633"/>
        <testcase name="test_json_admin_can_get_revisions_with_filters" file="/app/vendor/gammamatrix/playground-test/src/Feature/Http/Controllers/Resource/Playground/RevisionsJsonTrait.php" line="104" class="Tests\Feature\Playground\Directory\Api\Http\Controllers\Playground\SublocationRouteTest" classname="Tests.Feature.Playground.Directory.Api.Http.Controllers.Playground.SublocationRouteTest" assertions="103" time="0.209672"/>
        <testcase name="test_json_guest_cannot_see_info" file="/app/vendor/gammamatrix/playground-test/src/Feature/Http/Controllers/Resource/Playground/ShowJsonTrait.php" line="29" class="Tests\Feature\Playground\Directory\Api\Http\Controllers\Playground\SublocationRouteTest" classname="Tests.Feature.Playground.Directory.Api.Http.Controllers.Playground.SublocationRouteTest" assertions="1" time="0.172243"/>
        <testcase name="test_json_show_info_for_admin" file="/app/vendor/gammamatrix/playground-test/src/Feature/Http/Controllers/Resource/Playground/ShowJsonTrait.php" line="49" class="Tests\Feature\Playground\Directory\Api\Http\Controllers\Playground\SublocationRouteTest" classname="Tests.Feature.Playground.Directory.Api.Http.Controllers.Playground.SublocationRouteTest" assertions="96" time="0.187671"/>
        <testcase name="test_json_guest_cannot_store" file="/app/vendor/gammamatrix/playground-test/src/Feature/Http/Controllers/Resource/Playground/StoreJsonTrait.php" line="43" class="Tests\Feature\Playground\Directory\Api\Http\Controllers\Playground\SublocationRouteTest" classname="Tests.Feature.Playground.Directory.Api.Http.Controllers.Playground.SublocationRouteTest" assertions="3" time="0.169701"/>
        <testcase name="test_json_store_as_admin_without_payload_and_fail_validation" file="/app/vendor/gammamatrix/playground-test/src/Feature/Http/Controllers/Resource/Playground/StoreJsonTrait.php" line="66" class="Tests\Feature\Playground\Directory\Api\Http\Controllers\Playground\SublocationRouteTest" classname="Tests.Feature.Playground.Directory.Api.Http.Controllers.Playground.SublocationRouteTest" assertions="5" time="0.192357"/>
        <testcase name="test_json_store_as_admin_and_succeed" file="/app/vendor/gammamatrix/playground-test/src/Feature/Http/Controllers/Resource/Playground/StoreJsonTrait.php" line="92" class="Tests\Feature\Playground\Directory\Api\Http\Controllers\Playground\SublocationRouteTest" classname="Tests.Feature.Playground.Directory.Api.Http.Controllers.Playground.SublocationRouteTest" assertions="3" time="0.219618"/>
        <testcase name="test_json_guest_cannot_unlock" file="/app/vendor/gammamatrix/playground-test/src/Feature/Http/Controllers/Resource/Playground/UnlockJsonTrait.php" line="36" class="Tests\Feature\Playground\Directory\Api\Http\Controllers\Playground\SublocationRouteTest" classname="Tests.Feature.Playground.Directory.Api.Http.Controllers.Playground.SublocationRouteTest" assertions="3" time="0.174363"/>
        <testcase name="test_json_unlock_as_admin_and_succeed" file="/app/vendor/gammamatrix/playground-test/src/Feature/Http/Controllers/Resource/Playground/UnlockJsonTrait.php" line="68" class="Tests\Feature\Playground\Directory\Api\Http\Controllers\Playground\SublocationRouteTest" classname="Tests.Feature.Playground.Directory.Api.Http.Controllers.Playground.SublocationRouteTest" assertions="97" time="0.196993"/>
        <testcase name="test_json_unlock_as_admin_and_succeed_with_no_redirect" file="/app/vendor/gammamatrix/playground-test/src/Feature/Http/Controllers/Resource/Playground/UnlockJsonTrait.php" line="104" class="Tests\Feature\Playground\Directory\Api\Http\Controllers\Playground\SublocationRouteTest" classname="Tests.Feature.Playground.Directory.Api.Http.Controllers.Playground.SublocationRouteTest" assertions="97" time="0.204833"/>
        <testcase name="test_json_unlock_as_user_and_get_denied" file="/app/vendor/gammamatrix/playground-test/src/Feature/Http/Controllers/Resource/Playground/UnlockJsonTrait.php" line="145" class="Tests\Feature\Playground\Directory\Api\Http\Controllers\Playground\SublocationRouteTest" classname="Tests.Feature.Playground.Directory.Api.Http.Controllers.Playground.SublocationRouteTest" assertions="3" time="0.191662"/>
        <testcase name="test_json_guest_cannot_update" file="/app/vendor/gammamatrix/playground-test/src/Feature/Http/Controllers/Resource/Playground/UpdateJsonTrait.php" line="45" class="Tests\Feature\Playground\Directory\Api\Http\Controllers\Playground\SublocationRouteTest" classname="Tests.Feature.Playground.Directory.Api.Http.Controllers.Playground.SublocationRouteTest" assertions="1" time="0.175578"/>
        <testcase name="test_json_update_as_admin_without_payload_and_fail_validation" file="/app/vendor/gammamatrix/playground-test/src/Feature/Http/Controllers/Resource/Playground/UpdateJsonTrait.php" line="65" class="Tests\Feature\Playground\Directory\Api\Http\Controllers\Playground\SublocationRouteTest" classname="Tests.Feature.Playground.Directory.Api.Http.Controllers.Playground.SublocationRouteTest" assertions="4" time="0.194902"/>
        <testcase name="test_json_admin_can_update" file="/app/vendor/gammamatrix/playground-test/src/Feature/Http/Controllers/Resource/Playground/UpdateJsonTrait.php" line="90" class="Tests\Feature\Playground\Directory\Api\Http\Controllers\Playground\SublocationRouteTest" classname="Tests.Feature.Playground.Directory.Api.Http.Controllers.Playground.SublocationRouteTest" assertions="99" time="0.258115"/>
      </testsuite>
      <testsuite name="Tests\Feature\Playground\Directory\Api\Http\Requests\FormRequest\InstanceTest" file="/app/tests/Feature/Http/Requests/FormRequest/InstanceTest.php" tests="1" assertions="1" errors="0" failures="0" skipped="0" time="0.159109">
        <testcase name="test_FormRequest_authorize_with_admin" file="/app/tests/Feature/Http/Requests/FormRequest/InstanceTest.php" line="21" class="Tests\Feature\Playground\Directory\Api\Http\Requests\FormRequest\InstanceTest" classname="Tests.Feature.Playground.Directory.Api.Http.Requests.FormRequest.InstanceTest" assertions="1" time="0.159109"/>
      </testsuite>
    </testsuite>
  </testsuite>
</testsuites>
