<?xml version="1.0" encoding="UTF-8"?>
<testsuites>
  <testsuite name="/app/phpunit-ci.xml" tests="129" assertions="2754" errors="0" failures="0" skipped="0" time="18.668636">
    <testsuite name="Unit" tests="39" assertions="64" errors="0" failures="0" skipped="0" time="1.616594">
      <testsuite name="Tests\Unit\Playground\Directory\Api\Http\Requests\FormRequest\InstanceTest" file="/app/tests/Unit/Http/Requests/FormRequest/InstanceTest.php" tests="5" assertions="6" errors="0" failures="0" skipped="0" time="0.393326">
        <testcase name="test_FormRequest_authorize_without_user" file="/app/tests/Unit/Http/Requests/FormRequest/InstanceTest.php" line="21" class="Tests\Unit\Playground\Directory\Api\Http\Requests\FormRequest\InstanceTest" classname="Tests.Unit.Playground.Directory.Api.Http.Requests.FormRequest.InstanceTest" assertions="1" time="0.255956"/>
        <testcase name="test_RULES_is_empty_by_default" file="/app/tests/Unit/Http/Requests/FormRequest/InstanceTest.php" line="28" class="Tests\Unit\Playground\Directory\Api\Http\Requests\FormRequest\InstanceTest" classname="Tests.Unit.Playground.Directory.Api.Http.Requests.FormRequest.InstanceTest" assertions="2" time="0.028970"/>
        <testcase name="test_userHasAdminPrivileges_without_user" file="/app/tests/Unit/Http/Requests/FormRequest/InstanceTest.php" line="36" class="Tests\Unit\Playground\Directory\Api\Http\Requests\FormRequest\InstanceTest" classname="Tests.Unit.Playground.Directory.Api.Http.Requests.FormRequest.InstanceTest" assertions="1" time="0.027347"/>
        <testcase name="test_userHasAdminPrivileges_with_admin" file="/app/tests/Unit/Http/Requests/FormRequest/InstanceTest.php" line="43" class="Tests\Unit\Playground\Directory\Api\Http\Requests\FormRequest\InstanceTest" classname="Tests.Unit.Playground.Directory.Api.Http.Requests.FormRequest.InstanceTest" assertions="1" time="0.049229"/>
        <testcase name="test_userHasAdminPrivileges_with_default_laravel_user" file="/app/tests/Unit/Http/Requests/FormRequest/InstanceTest.php" line="55" class="Tests\Unit\Playground\Directory\Api\Http\Requests\FormRequest\InstanceTest" classname="Tests.Unit.Playground.Directory.Api.Http.Requests.FormRequest.InstanceTest" assertions="1" time="0.031824"/>
      </testsuite>
      <testsuite name="Tests\Unit\Playground\Directory\Api\Http\Requests\Location\CreateRequestTest" file="/app/tests/Unit/Http/Requests/Location/CreateRequestTest.php" tests="1" assertions="1" errors="0" failures="0" skipped="0" time="0.043785">
        <testcase name="test_request_instance" file="/app/vendor/gammamatrix/playground-test/src/Unit/Http/Requests/RequestCase.php" line="41" class="Tests\Unit\Playground\Directory\Api\Http\Requests\Location\CreateRequestTest" classname="Tests.Unit.Playground.Directory.Api.Http.Requests.Location.CreateRequestTest" assertions="1" time="0.043785"/>
      </testsuite>
      <testsuite name="Tests\Unit\Playground\Directory\Api\Http\Requests\Location\DestroyRequestTest" file="/app/tests/Unit/Http/Requests/Location/DestroyRequestTest.php" tests="1" assertions="1" errors="0" failures="0" skipped="0" time="0.030231">
        <testcase name="test_request_instance" file="/app/vendor/gammamatrix/playground-test/src/Unit/Http/Requests/RequestCase.php" line="41" class="Tests\Unit\Playground\Directory\Api\Http\Requests\Location\DestroyRequestTest" classname="Tests.Unit.Playground.Directory.Api.Http.Requests.Location.DestroyRequestTest" assertions="1" time="0.030231"/>
      </testsuite>
      <testsuite name="Tests\Unit\Playground\Directory\Api\Http\Requests\Location\EditRequestTest" file="/app/tests/Unit/Http/Requests/Location/EditRequestTest.php" tests="1" assertions="1" errors="0" failures="0" skipped="0" time="0.044911">
        <testcase name="test_request_instance" file="/app/vendor/gammamatrix/playground-test/src/Unit/Http/Requests/RequestCase.php" line="41" class="Tests\Unit\Playground\Directory\Api\Http\Requests\Location\EditRequestTest" classname="Tests.Unit.Playground.Directory.Api.Http.Requests.Location.EditRequestTest" assertions="1" time="0.044911"/>
      </testsuite>
      <testsuite name="Tests\Unit\Playground\Directory\Api\Http\Requests\Location\IndexRequestTest" file="/app/tests/Unit/Http/Requests/Location/IndexRequestTest.php" tests="1" assertions="1" errors="0" failures="0" skipped="0" time="0.087409">
        <testcase name="test_request_instance" file="/app/vendor/gammamatrix/playground-test/src/Unit/Http/Requests/RequestCase.php" line="41" class="Tests\Unit\Playground\Directory\Api\Http\Requests\Location\IndexRequestTest" classname="Tests.Unit.Playground.Directory.Api.Http.Requests.Location.IndexRequestTest" assertions="1" time="0.087409"/>
      </testsuite>
      <testsuite name="Tests\Unit\Playground\Directory\Api\Http\Requests\Location\LockRequestTest" file="/app/tests/Unit/Http/Requests/Location/LockRequestTest.php" tests="1" assertions="1" errors="0" failures="0" skipped="0" time="0.029605">
        <testcase name="test_request_instance" file="/app/vendor/gammamatrix/playground-test/src/Unit/Http/Requests/RequestCase.php" line="41" class="Tests\Unit\Playground\Directory\Api\Http\Requests\Location\LockRequestTest" classname="Tests.Unit.Playground.Directory.Api.Http.Requests.Location.LockRequestTest" assertions="1" time="0.029605"/>
      </testsuite>
      <testsuite name="Tests\Unit\Playground\Directory\Api\Http\Requests\Location\RestoreRequestTest" file="/app/tests/Unit/Http/Requests/Location/RestoreRequestTest.php" tests="1" assertions="1" errors="0" failures="0" skipped="0" time="0.028720">
        <testcase name="test_request_instance" file="/app/vendor/gammamatrix/playground-test/src/Unit/Http/Requests/RequestCase.php" line="41" class="Tests\Unit\Playground\Directory\Api\Http\Requests\Location\RestoreRequestTest" classname="Tests.Unit.Playground.Directory.Api.Http.Requests.Location.RestoreRequestTest" assertions="1" time="0.028720"/>
      </testsuite>
      <testsuite name="Tests\Unit\Playground\Directory\Api\Http\Requests\Location\ShowRequestTest" file="/app/tests/Unit/Http/Requests/Location/ShowRequestTest.php" tests="1" assertions="1" errors="0" failures="0" skipped="0" time="0.028191">
        <testcase name="test_request_instance" file="/app/vendor/gammamatrix/playground-test/src/Unit/Http/Requests/RequestCase.php" line="41" class="Tests\Unit\Playground\Directory\Api\Http\Requests\Location\ShowRequestTest" classname="Tests.Unit.Playground.Directory.Api.Http.Requests.Location.ShowRequestTest" assertions="1" time="0.028191"/>
      </testsuite>
      <testsuite name="Tests\Unit\Playground\Directory\Api\Http\Requests\Location\StoreRequestTest" file="/app/tests/Unit/Http/Requests/Location/StoreRequestTest.php" tests="3" assertions="8" errors="0" failures="0" skipped="0" time="0.101483">
        <testcase name="test_request_instance" file="/app/vendor/gammamatrix/playground-test/src/Unit/Http/Requests/RequestCase.php" line="41" class="Tests\Unit\Playground\Directory\Api\Http\Requests\Location\StoreRequestTest" classname="Tests.Unit.Playground.Directory.Api.Http.Requests.Location.StoreRequestTest" assertions="1" time="0.046727"/>
        <testcase name="test_StoreRequest_rules_with_optional_revisions_disabled" file="/app/tests/Unit/Http/Requests/Location/StoreRequestTest.php" line="19" class="Tests\Unit\Playground\Directory\Api\Http\Requests\Location\StoreRequestTest" classname="Tests.Unit.Playground.Directory.Api.Http.Requests.Location.StoreRequestTest" assertions="3" time="0.027253"/>
        <testcase name="test_StoreRequest_rules_with_optional_revisions_enabled" file="/app/tests/Unit/Http/Requests/Location/StoreRequestTest.php" line="29" class="Tests\Unit\Playground\Directory\Api\Http\Requests\Location\StoreRequestTest" classname="Tests.Unit.Playground.Directory.Api.Http.Requests.Location.StoreRequestTest" assertions="4" time="0.027504"/>
      </testsuite>
      <testsuite name="Tests\Unit\Playground\Directory\Api\Http\Requests\Location\UnlockRequestTest" file="/app/tests/Unit/Http/Requests/Location/UnlockRequestTest.php" tests="1" assertions="1" errors="0" failures="0" skipped="0" time="0.028554">
        <testcase name="test_request_instance" file="/app/vendor/gammamatrix/playground-test/src/Unit/Http/Requests/RequestCase.php" line="41" class="Tests\Unit\Playground\Directory\Api\Http\Requests\Location\UnlockRequestTest" classname="Tests.Unit.Playground.Directory.Api.Http.Requests.Location.UnlockRequestTest" assertions="1" time="0.028554"/>
      </testsuite>
      <testsuite name="Tests\Unit\Playground\Directory\Api\Http\Requests\Location\UpdateRequestTest" file="/app/tests/Unit/Http/Requests/Location/UpdateRequestTest.php" tests="3" assertions="8" errors="0" failures="0" skipped="0" time="0.103123">
        <testcase name="test_request_instance" file="/app/vendor/gammamatrix/playground-test/src/Unit/Http/Requests/RequestCase.php" line="41" class="Tests\Unit\Playground\Directory\Api\Http\Requests\Location\UpdateRequestTest" classname="Tests.Unit.Playground.Directory.Api.Http.Requests.Location.UpdateRequestTest" assertions="1" time="0.048452"/>
        <testcase name="test_UpdateRequest_rules_with_optional_revisions_disabled" file="/app/tests/Unit/Http/Requests/Location/UpdateRequestTest.php" line="19" class="Tests\Unit\Playground\Directory\Api\Http\Requests\Location\UpdateRequestTest" classname="Tests.Unit.Playground.Directory.Api.Http.Requests.Location.UpdateRequestTest" assertions="3" time="0.027176"/>
        <testcase name="test_UpdateRequest_rules_with_optional_revisions_enabled" file="/app/tests/Unit/Http/Requests/Location/UpdateRequestTest.php" line="29" class="Tests\Unit\Playground\Directory\Api\Http\Requests\Location\UpdateRequestTest" classname="Tests.Unit.Playground.Directory.Api.Http.Requests.Location.UpdateRequestTest" assertions="4" time="0.027494"/>
      </testsuite>
      <testsuite name="Tests\Unit\Playground\Directory\Api\Http\Requests\Sublocation\CreateRequestTest" file="/app/tests/Unit/Http/Requests/Sublocation/CreateRequestTest.php" tests="1" assertions="1" errors="0" failures="0" skipped="0" time="0.043749">
        <testcase name="test_request_instance" file="/app/vendor/gammamatrix/playground-test/src/Unit/Http/Requests/RequestCase.php" line="41" class="Tests\Unit\Playground\Directory\Api\Http\Requests\Sublocation\CreateRequestTest" classname="Tests.Unit.Playground.Directory.Api.Http.Requests.Sublocation.CreateRequestTest" assertions="1" time="0.043749"/>
      </testsuite>
      <testsuite name="Tests\Unit\Playground\Directory\Api\Http\Requests\Sublocation\DestroyRequestTest" file="/app/tests/Unit/Http/Requests/Sublocation/DestroyRequestTest.php" tests="1" assertions="1" errors="0" failures="0" skipped="0" time="0.029884">
        <testcase name="test_request_instance" file="/app/vendor/gammamatrix/playground-test/src/Unit/Http/Requests/RequestCase.php" line="41" class="Tests\Unit\Playground\Directory\Api\Http\Requests\Sublocation\DestroyRequestTest" classname="Tests.Unit.Playground.Directory.Api.Http.Requests.Sublocation.DestroyRequestTest" assertions="1" time="0.029884"/>
      </testsuite>
      <testsuite name="Tests\Unit\Playground\Directory\Api\Http\Requests\Sublocation\EditRequestTest" file="/app/tests/Unit/Http/Requests/Sublocation/EditRequestTest.php" tests="1" assertions="1" errors="0" failures="0" skipped="0" time="0.043962">
        <testcase name="test_request_instance" file="/app/vendor/gammamatrix/playground-test/src/Unit/Http/Requests/RequestCase.php" line="41" class="Tests\Unit\Playground\Directory\Api\Http\Requests\Sublocation\EditRequestTest" classname="Tests.Unit.Playground.Directory.Api.Http.Requests.Sublocation.EditRequestTest" assertions="1" time="0.043962"/>
      </testsuite>
      <testsuite name="Tests\Unit\Playground\Directory\Api\Http\Requests\Sublocation\IndexRequestTest" file="/app/tests/Unit/Http/Requests/Sublocation/IndexRequestTest.php" tests="1" assertions="1" errors="0" failures="0" skipped="0" time="0.087690">
        <testcase name="test_request_instance" file="/app/vendor/gammamatrix/playground-test/src/Unit/Http/Requests/RequestCase.php" line="41" class="Tests\Unit\Playground\Directory\Api\Http\Requests\Sublocation\IndexRequestTest" classname="Tests.Unit.Playground.Directory.Api.Http.Requests.Sublocation.IndexRequestTest" assertions="1" time="0.087690"/>
      </testsuite>
      <testsuite name="Tests\Unit\Playground\Directory\Api\Http\Requests\Sublocation\LockRequestTest" file="/app/tests/Unit/Http/Requests/Sublocation/LockRequestTest.php" tests="1" assertions="1" errors="0" failures="0" skipped="0" time="0.028786">
        <testcase name="test_request_instance" file="/app/vendor/gammamatrix/playground-test/src/Unit/Http/Requests/RequestCase.php" line="41" class="Tests\Unit\Playground\Directory\Api\Http\Requests\Sublocation\LockRequestTest" classname="Tests.Unit.Playground.Directory.Api.Http.Requests.Sublocation.LockRequestTest" assertions="1" time="0.028786"/>
      </testsuite>
      <testsuite name="Tests\Unit\Playground\Directory\Api\Http\Requests\Sublocation\RestoreRequestTest" file="/app/tests/Unit/Http/Requests/Sublocation/RestoreRequestTest.php" tests="1" assertions="1" errors="0" failures="0" skipped="0" time="0.028832">
        <testcase name="test_request_instance" file="/app/vendor/gammamatrix/playground-test/src/Unit/Http/Requests/RequestCase.php" line="41" class="Tests\Unit\Playground\Directory\Api\Http\Requests\Sublocation\RestoreRequestTest" classname="Tests.Unit.Playground.Directory.Api.Http.Requests.Sublocation.RestoreRequestTest" assertions="1" time="0.028832"/>
      </testsuite>
      <testsuite name="Tests\Unit\Playground\Directory\Api\Http\Requests\Sublocation\ShowRequestTest" file="/app/tests/Unit/Http/Requests/Sublocation/ShowRequestTest.php" tests="1" assertions="1" errors="0" failures="0" skipped="0" time="0.028579">
        <testcase name="test_request_instance" file="/app/vendor/gammamatrix/playground-test/src/Unit/Http/Requests/RequestCase.php" line="41" class="Tests\Unit\Playground\Directory\Api\Http\Requests\Sublocation\ShowRequestTest" classname="Tests.Unit.Playground.Directory.Api.Http.Requests.Sublocation.ShowRequestTest" assertions="1" time="0.028579"/>
      </testsuite>
      <testsuite name="Tests\Unit\Playground\Directory\Api\Http\Requests\Sublocation\StoreRequestTest" file="/app/tests/Unit/Http/Requests/Sublocation/StoreRequestTest.php" tests="3" assertions="8" errors="0" failures="0" skipped="0" time="0.103828">
        <testcase name="test_request_instance" file="/app/vendor/gammamatrix/playground-test/src/Unit/Http/Requests/RequestCase.php" line="41" class="Tests\Unit\Playground\Directory\Api\Http\Requests\Sublocation\StoreRequestTest" classname="Tests.Unit.Playground.Directory.Api.Http.Requests.Sublocation.StoreRequestTest" assertions="1" time="0.048510"/>
        <testcase name="test_StoreRequest_rules_with_optional_revisions_disabled" file="/app/tests/Unit/Http/Requests/Sublocation/StoreRequestTest.php" line="19" class="Tests\Unit\Playground\Directory\Api\Http\Requests\Sublocation\StoreRequestTest" classname="Tests.Unit.Playground.Directory.Api.Http.Requests.Sublocation.StoreRequestTest" assertions="3" time="0.027477"/>
        <testcase name="test_StoreRequest_rules_with_optional_revisions_enabled" file="/app/tests/Unit/Http/Requests/Sublocation/StoreRequestTest.php" line="29" class="Tests\Unit\Playground\Directory\Api\Http\Requests\Sublocation\StoreRequestTest" classname="Tests.Unit.Playground.Directory.Api.Http.Requests.Sublocation.StoreRequestTest" assertions="4" time="0.027841"/>
      </testsuite>
      <testsuite name="Tests\Unit\Playground\Directory\Api\Http\Requests\Sublocation\UnlockRequestTest" file="/app/tests/Unit/Http/Requests/Sublocation/UnlockRequestTest.php" tests="1" assertions="1" errors="0" failures="0" skipped="0" time="0.031905">
        <testcase name="test_request_instance" file="/app/vendor/gammamatrix/playground-test/src/Unit/Http/Requests/RequestCase.php" line="41" class="Tests\Unit\Playground\Directory\Api\Http\Requests\Sublocation\UnlockRequestTest" classname="Tests.Unit.Playground.Directory.Api.Http.Requests.Sublocation.UnlockRequestTest" assertions="1" time="0.031905"/>
      </testsuite>
      <testsuite name="Tests\Unit\Playground\Directory\Api\Http\Requests\Sublocation\UpdateRequestTest" file="/app/tests/Unit/Http/Requests/Sublocation/UpdateRequestTest.php" tests="3" assertions="8" errors="0" failures="0" skipped="0" time="0.104209">
        <testcase name="test_request_instance" file="/app/vendor/gammamatrix/playground-test/src/Unit/Http/Requests/RequestCase.php" line="41" class="Tests\Unit\Playground\Directory\Api\Http\Requests\Sublocation\UpdateRequestTest" classname="Tests.Unit.Playground.Directory.Api.Http.Requests.Sublocation.UpdateRequestTest" assertions="1" time="0.048614"/>
        <testcase name="test_UpdateRequest_rules_with_optional_revisions_disabled" file="/app/tests/Unit/Http/Requests/Sublocation/UpdateRequestTest.php" line="19" class="Tests\Unit\Playground\Directory\Api\Http\Requests\Sublocation\UpdateRequestTest" classname="Tests.Unit.Playground.Directory.Api.Http.Requests.Sublocation.UpdateRequestTest" assertions="3" time="0.027832"/>
        <testcase name="test_UpdateRequest_rules_with_optional_revisions_enabled" file="/app/tests/Unit/Http/Requests/Sublocation/UpdateRequestTest.php" line="29" class="Tests\Unit\Playground\Directory\Api\Http\Requests\Sublocation\UpdateRequestTest" classname="Tests.Unit.Playground.Directory.Api.Http.Requests.Sublocation.UpdateRequestTest" assertions="4" time="0.027763"/>
      </testsuite>
      <testsuite name="Tests\Unit\Playground\Directory\Api\Policies\LocationPolicy\PolicyTest" file="/app/tests/Unit/Policies/LocationPolicy/PolicyTest.php" tests="1" assertions="1" errors="0" failures="0" skipped="0" time="0.026643">
        <testcase name="test_policy_instance" file="/app/tests/Unit/Policies/LocationPolicy/PolicyTest.php" line="19" class="Tests\Unit\Playground\Directory\Api\Policies\LocationPolicy\PolicyTest" classname="Tests.Unit.Playground.Directory.Api.Policies.LocationPolicy.PolicyTest" assertions="1" time="0.026643"/>
      </testsuite>
      <testsuite name="Tests\Unit\Playground\Directory\Api\Policies\SublocationPolicy\PolicyTest" file="/app/tests/Unit/Policies/SublocationPolicy/PolicyTest.php" tests="1" assertions="1" errors="0" failures="0" skipped="0" time="0.026815">
        <testcase name="test_policy_instance" file="/app/tests/Unit/Policies/SublocationPolicy/PolicyTest.php" line="19" class="Tests\Unit\Playground\Directory\Api\Policies\SublocationPolicy\PolicyTest" classname="Tests.Unit.Playground.Directory.Api.Policies.SublocationPolicy.PolicyTest" assertions="1" time="0.026815"/>
      </testsuite>
      <testsuite name="Tests\Unit\Playground\Directory\Api\ServiceProvider\InstanceTest" file="/app/tests/Unit/ServiceProvider/InstanceTest.php" tests="4" assertions="8" errors="0" failures="0" skipped="0" time="0.112373">
        <testcase name="test_version_matches" file="/app/tests/Unit/ServiceProvider/InstanceTest.php" line="20" class="Tests\Unit\Playground\Directory\Api\ServiceProvider\InstanceTest" classname="Tests.Unit.Playground.Directory.Api.ServiceProvider.InstanceTest" assertions="3" time="0.026715"/>
        <testcase name="test_setPolicies_with_empty_array" file="/app/tests/Unit/ServiceProvider/InstanceTest.php" line="29" class="Tests\Unit\Playground\Directory\Api\ServiceProvider\InstanceTest" classname="Tests.Unit.Playground.Directory.Api.ServiceProvider.InstanceTest" assertions="1" time="0.028364"/>
        <testcase name="test_setPolicies_with_invalid_model" file="/app/tests/Unit/ServiceProvider/InstanceTest.php" line="43" class="Tests\Unit\Playground\Directory\Api\ServiceProvider\InstanceTest" classname="Tests.Unit.Playground.Directory.Api.ServiceProvider.InstanceTest" assertions="2" time="0.029747"/>
        <testcase name="test_setPolicies_with_invalid_policy" file="/app/tests/Unit/ServiceProvider/InstanceTest.php" line="72" class="Tests\Unit\Playground\Directory\Api\ServiceProvider\InstanceTest" classname="Tests.Unit.Playground.Directory.Api.ServiceProvider.InstanceTest" assertions="2" time="0.027546"/>
      </testsuite>
    </testsuite>
    <testsuite name="Feature" tests="90" assertions="2690" errors="0" failures="0" skipped="0" time="17.052042">
      <testsuite name="Tests\Feature\Playground\Directory\Api\Console\Commands\About\CommandTest" file="/app/tests/Feature/Console/Commands/About/CommandTest.php" tests="1" assertions="2" errors="0" failures="0" skipped="0" time="0.330868">
        <testcase name="test_command_about_displays_package_information_and_succeed" file="/app/tests/Feature/Console/Commands/About/CommandTest.php" line="20" class="Tests\Feature\Playground\Directory\Api\Console\Commands\About\CommandTest" classname="Tests.Feature.Playground.Directory.Api.Console.Commands.About.CommandTest" assertions="2" time="0.330868"/>
      </testsuite>
      <testsuite name="Tests\Feature\Playground\Directory\Api\Http\Controllers\Playground\LocationRouteTest" file="/app/tests/Feature/Http/Controllers/Playground/LocationRouteTest.php" tests="44" assertions="1337" errors="0" failures="0" skipped="0" time="8.294942">
        <testcase name="test_json_guest_cannot_get_create_info" file="/app/vendor/gammamatrix/playground-test/src/Feature/Http/Controllers/Resource/Playground/CreateJsonTrait.php" line="38" class="Tests\Feature\Playground\Directory\Api\Http\Controllers\Playground\LocationRouteTest" classname="Tests.Feature.Playground.Directory.Api.Http.Controllers.Playground.LocationRouteTest" assertions="1" time="0.220571"/>
        <testcase name="test_json_admin_can_get_create_info" file="/app/vendor/gammamatrix/playground-test/src/Feature/Http/Controllers/Resource/Playground/CreateJsonTrait.php" line="53" class="Tests\Feature\Playground\Directory\Api\Http\Controllers\Playground\LocationRouteTest" classname="Tests.Feature.Playground.Directory.Api.Http.Controllers.Playground.LocationRouteTest" assertions="93" time="0.200823"/>
        <testcase name="test_json_get_create_info_as_admin_with_invalid_parameter_and_fail_validation" file="/app/vendor/gammamatrix/playground-test/src/Feature/Http/Controllers/Resource/Playground/CreateJsonTrait.php" line="73" class="Tests\Feature\Playground\Directory\Api\Http\Controllers\Playground\LocationRouteTest" classname="Tests.Feature.Playground.Directory.Api.Http.Controllers.Playground.LocationRouteTest" assertions="4" time="0.170704"/>
        <testcase name="test_json_guest_cannot_destroy" file="/app/vendor/gammamatrix/playground-test/src/Feature/Http/Controllers/Resource/Playground/DestroyJsonTrait.php" line="31" class="Tests\Feature\Playground\Directory\Api\Http\Controllers\Playground\LocationRouteTest" classname="Tests.Feature.Playground.Directory.Api.Http.Controllers.Playground.LocationRouteTest" assertions="3" time="0.168128"/>
        <testcase name="test_json_destroy_as_admin_and_succeed" file="/app/vendor/gammamatrix/playground-test/src/Feature/Http/Controllers/Resource/Playground/DestroyJsonTrait.php" line="61" class="Tests\Feature\Playground\Directory\Api\Http\Controllers\Playground\LocationRouteTest" classname="Tests.Feature.Playground.Directory.Api.Http.Controllers.Playground.LocationRouteTest" assertions="5" time="0.172939"/>
        <testcase name="test_json_destroy_as_admin_and_succeed_with_force_delete" file="/app/vendor/gammamatrix/playground-test/src/Feature/Http/Controllers/Resource/Playground/DestroyJsonTrait.php" line="100" class="Tests\Feature\Playground\Directory\Api\Http\Controllers\Playground\LocationRouteTest" classname="Tests.Feature.Playground.Directory.Api.Http.Controllers.Playground.LocationRouteTest" assertions="4" time="0.172572"/>
        <testcase name="test_json_destroy_as_admin_and_succeed_with_no_content" file="/app/vendor/gammamatrix/playground-test/src/Feature/Http/Controllers/Resource/Playground/DestroyJsonTrait.php" line="132" class="Tests\Feature\Playground\Directory\Api\Http\Controllers\Playground\LocationRouteTest" classname="Tests.Feature.Playground.Directory.Api.Http.Controllers.Playground.LocationRouteTest" assertions="5" time="0.182085"/>
        <testcase name="test_json_destroy_as_admin_and_succeed_and_ignore_redirect" file="/app/vendor/gammamatrix/playground-test/src/Feature/Http/Controllers/Resource/Playground/DestroyJsonTrait.php" line="167" class="Tests\Feature\Playground\Directory\Api\Http\Controllers\Playground\LocationRouteTest" classname="Tests.Feature.Playground.Directory.Api.Http.Controllers.Playground.LocationRouteTest" assertions="5" time="0.182785"/>
        <testcase name="test_json_destroy_as_user_and_get_denied_and_no_force_delete_allowed" file="/app/vendor/gammamatrix/playground-test/src/Feature/Http/Controllers/Resource/Playground/DestroyJsonTrait.php" line="209" class="Tests\Feature\Playground\Directory\Api\Http\Controllers\Playground\LocationRouteTest" classname="Tests.Feature.Playground.Directory.Api.Http.Controllers.Playground.LocationRouteTest" assertions="3" time="0.175138"/>
        <testcase name="test_json_guest_cannot_get_edit_info" file="/app/vendor/gammamatrix/playground-test/src/Feature/Http/Controllers/Resource/Playground/EditJsonTrait.php" line="38" class="Tests\Feature\Playground\Directory\Api\Http\Controllers\Playground\LocationRouteTest" classname="Tests.Feature.Playground.Directory.Api.Http.Controllers.Playground.LocationRouteTest" assertions="1" time="0.172986"/>
        <testcase name="test_json_admin_can_get_edit_info" file="/app/vendor/gammamatrix/playground-test/src/Feature/Http/Controllers/Resource/Playground/EditJsonTrait.php" line="58" class="Tests\Feature\Playground\Directory\Api\Http\Controllers\Playground\LocationRouteTest" classname="Tests.Feature.Playground.Directory.Api.Http.Controllers.Playground.LocationRouteTest" assertions="4" time="0.185073"/>
        <testcase name="test_json_edit_as_admin_and_fail_validation_with_invalid_parameter" file="/app/vendor/gammamatrix/playground-test/src/Feature/Http/Controllers/Resource/Playground/EditJsonTrait.php" line="87" class="Tests\Feature\Playground\Directory\Api\Http\Controllers\Playground\LocationRouteTest" classname="Tests.Feature.Playground.Directory.Api.Http.Controllers.Playground.LocationRouteTest" assertions="4" time="0.179229"/>
        <testcase name="test_json_guest_cannot_get_index" file="/app/vendor/gammamatrix/playground-test/src/Feature/Http/Controllers/Resource/Playground/IndexJsonTrait.php" line="34" class="Tests\Feature\Playground\Directory\Api\Http\Controllers\Playground\LocationRouteTest" classname="Tests.Feature.Playground.Directory.Api.Http.Controllers.Playground.LocationRouteTest" assertions="1" time="0.161020"/>
        <testcase name="test_json_admin_can_get_index" file="/app/vendor/gammamatrix/playground-test/src/Feature/Http/Controllers/Resource/Playground/IndexJsonTrait.php" line="49" class="Tests\Feature\Playground\Directory\Api\Http\Controllers\Playground\LocationRouteTest" classname="Tests.Feature.Playground.Directory.Api.Http.Controllers.Playground.LocationRouteTest" assertions="100" time="0.189348"/>
        <testcase name="test_json_admin_can_get_index_with_filters" file="/app/vendor/gammamatrix/playground-test/src/Feature/Http/Controllers/Resource/Playground/IndexJsonTrait.php" line="85" class="Tests\Feature\Playground\Directory\Api\Http\Controllers\Playground\LocationRouteTest" classname="Tests.Feature.Playground.Directory.Api.Http.Controllers.Playground.LocationRouteTest" assertions="3" time="0.184771"/>
        <testcase name="test_json_guest_cannot_lock" file="/app/vendor/gammamatrix/playground-test/src/Feature/Http/Controllers/Resource/Playground/LockJsonTrait.php" line="36" class="Tests\Feature\Playground\Directory\Api\Http\Controllers\Playground\LocationRouteTest" classname="Tests.Feature.Playground.Directory.Api.Http.Controllers.Playground.LocationRouteTest" assertions="3" time="0.163522"/>
        <testcase name="test_json_lock_as_admin_and_succeed" file="/app/vendor/gammamatrix/playground-test/src/Feature/Http/Controllers/Resource/Playground/LockJsonTrait.php" line="66" class="Tests\Feature\Playground\Directory\Api\Http\Controllers\Playground\LocationRouteTest" classname="Tests.Feature.Playground.Directory.Api.Http.Controllers.Playground.LocationRouteTest" assertions="3" time="0.185033"/>
        <testcase name="test_json_lock_as_admin_and_succeed_with_no_redirect" file="/app/vendor/gammamatrix/playground-test/src/Feature/Http/Controllers/Resource/Playground/LockJsonTrait.php" line="98" class="Tests\Feature\Playground\Directory\Api\Http\Controllers\Playground\LocationRouteTest" classname="Tests.Feature.Playground.Directory.Api.Http.Controllers.Playground.LocationRouteTest" assertions="95" time="0.184650"/>
        <testcase name="test_json_lock_as_user_and_get_denied" file="/app/vendor/gammamatrix/playground-test/src/Feature/Http/Controllers/Resource/Playground/LockJsonTrait.php" line="143" class="Tests\Feature\Playground\Directory\Api\Http\Controllers\Playground\LocationRouteTest" classname="Tests.Feature.Playground.Directory.Api.Http.Controllers.Playground.LocationRouteTest" assertions="3" time="0.171994"/>
        <testcase name="test_json_guest_cannot_restore" file="/app/vendor/gammamatrix/playground-test/src/Feature/Http/Controllers/Resource/Playground/RestoreJsonTrait.php" line="32" class="Tests\Feature\Playground\Directory\Api\Http\Controllers\Playground\LocationRouteTest" classname="Tests.Feature.Playground.Directory.Api.Http.Controllers.Playground.LocationRouteTest" assertions="3" time="0.163523"/>
        <testcase name="test_json_restore_as_admin_and_succeed" file="/app/vendor/gammamatrix/playground-test/src/Feature/Http/Controllers/Resource/Playground/RestoreJsonTrait.php" line="64" class="Tests\Feature\Playground\Directory\Api\Http\Controllers\Playground\LocationRouteTest" classname="Tests.Feature.Playground.Directory.Api.Http.Controllers.Playground.LocationRouteTest" assertions="95" time="0.183992"/>
        <testcase name="test_json_restore_as_admin_and_succeed_with_no_redirect" file="/app/vendor/gammamatrix/playground-test/src/Feature/Http/Controllers/Resource/Playground/RestoreJsonTrait.php" line="100" class="Tests\Feature\Playground\Directory\Api\Http\Controllers\Playground\LocationRouteTest" classname="Tests.Feature.Playground.Directory.Api.Http.Controllers.Playground.LocationRouteTest" assertions="95" time="0.186005"/>
        <testcase name="test_json_restore_as_user_and_get_denied" file="/app/vendor/gammamatrix/playground-test/src/Feature/Http/Controllers/Resource/Playground/RestoreJsonTrait.php" line="143" class="Tests\Feature\Playground\Directory\Api\Http\Controllers\Playground\LocationRouteTest" classname="Tests.Feature.Playground.Directory.Api.Http.Controllers.Playground.LocationRouteTest" assertions="3" time="0.176774"/>
        <testcase name="test_json_guest_cannot_restore_revision" file="/app/vendor/gammamatrix/playground-test/src/Feature/Http/Controllers/Resource/Playground/RestoreRevisionJsonTrait.php" line="43" class="Tests\Feature\Playground\Directory\Api\Http\Controllers\Playground\LocationRouteTest" classname="Tests.Feature.Playground.Directory.Api.Http.Controllers.Playground.LocationRouteTest" assertions="3" time="0.172610"/>
        <testcase name="test_json_restore_revision_as_admin_and_succeed" file="/app/vendor/gammamatrix/playground-test/src/Feature/Http/Controllers/Resource/Playground/RestoreRevisionJsonTrait.php" line="79" class="Tests\Feature\Playground\Directory\Api\Http\Controllers\Playground\LocationRouteTest" classname="Tests.Feature.Playground.Directory.Api.Http.Controllers.Playground.LocationRouteTest" assertions="95" time="0.245219"/>
        <testcase name="test_json_restore_revision_as_admin_and_succeed_without_redirect" file="/app/vendor/gammamatrix/playground-test/src/Feature/Http/Controllers/Resource/Playground/RestoreRevisionJsonTrait.php" line="119" class="Tests\Feature\Playground\Directory\Api\Http\Controllers\Playground\LocationRouteTest" classname="Tests.Feature.Playground.Directory.Api.Http.Controllers.Playground.LocationRouteTest" assertions="95" time="0.242290"/>
        <testcase name="test_json_restore_revision_as_user_and_get_denied" file="/app/vendor/gammamatrix/playground-test/src/Feature/Http/Controllers/Resource/Playground/RestoreRevisionJsonTrait.php" line="171" class="Tests\Feature\Playground\Directory\Api\Http\Controllers\Playground\LocationRouteTest" classname="Tests.Feature.Playground.Directory.Api.Http.Controllers.Playground.LocationRouteTest" assertions="3" time="0.188218"/>
        <testcase name="test_json_guest_cannot_render_revision_view" file="/app/vendor/gammamatrix/playground-test/src/Feature/Http/Controllers/Resource/Playground/RevisionJsonTrait.php" line="38" class="Tests\Feature\Playground\Directory\Api\Http\Controllers\Playground\LocationRouteTest" classname="Tests.Feature.Playground.Directory.Api.Http.Controllers.Playground.LocationRouteTest" assertions="2" time="0.174827"/>
        <testcase name="test_json_admin_can_get_revision_info" file="/app/vendor/gammamatrix/playground-test/src/Feature/Http/Controllers/Resource/Playground/RevisionJsonTrait.php" line="69" class="Tests\Feature\Playground\Directory\Api\Http\Controllers\Playground\LocationRouteTest" classname="Tests.Feature.Playground.Directory.Api.Http.Controllers.Playground.LocationRouteTest" assertions="94" time="0.202401"/>
        <testcase name="test_json_guest_cannot_get_revisions" file="/app/vendor/gammamatrix/playground-test/src/Feature/Http/Controllers/Resource/Playground/RevisionsJsonTrait.php" line="34" class="Tests\Feature\Playground\Directory\Api\Http\Controllers\Playground\LocationRouteTest" classname="Tests.Feature.Playground.Directory.Api.Http.Controllers.Playground.LocationRouteTest" assertions="2" time="0.172695"/>
        <testcase name="test_json_admin_can_get_revisions" file="/app/vendor/gammamatrix/playground-test/src/Feature/Http/Controllers/Resource/Playground/RevisionsJsonTrait.php" line="63" class="Tests\Feature\Playground\Directory\Api\Http\Controllers\Playground\LocationRouteTest" classname="Tests.Feature.Playground.Directory.Api.Http.Controllers.Playground.LocationRouteTest" assertions="2" time="0.264397"/>
        <testcase name="test_json_admin_can_get_revisions_with_filters" file="/app/vendor/gammamatrix/playground-test/src/Feature/Http/Controllers/Resource/Playground/RevisionsJsonTrait.php" line="104" class="Tests\Feature\Playground\Directory\Api\Http\Controllers\Playground\LocationRouteTest" classname="Tests.Feature.Playground.Directory.Api.Http.Controllers.Playground.LocationRouteTest" assertions="101" time="0.210734"/>
        <testcase name="test_json_guest_cannot_see_info" file="/app/vendor/gammamatrix/playground-test/src/Feature/Http/Controllers/Resource/Playground/ShowJsonTrait.php" line="29" class="Tests\Feature\Playground\Directory\Api\Http\Controllers\Playground\LocationRouteTest" classname="Tests.Feature.Playground.Directory.Api.Http.Controllers.Playground.LocationRouteTest" assertions="1" time="0.167813"/>
        <testcase name="test_json_show_info_for_admin" file="/app/vendor/gammamatrix/playground-test/src/Feature/Http/Controllers/Resource/Playground/ShowJsonTrait.php" line="49" class="Tests\Feature\Playground\Directory\Api\Http\Controllers\Playground\LocationRouteTest" classname="Tests.Feature.Playground.Directory.Api.Http.Controllers.Playground.LocationRouteTest" assertions="94" time="0.182346"/>
        <testcase name="test_json_guest_cannot_store" file="/app/vendor/gammamatrix/playground-test/src/Feature/Http/Controllers/Resource/Playground/StoreJsonTrait.php" line="43" class="Tests\Feature\Playground\Directory\Api\Http\Controllers\Playground\LocationRouteTest" classname="Tests.Feature.Playground.Directory.Api.Http.Controllers.Playground.LocationRouteTest" assertions="3" time="0.165670"/>
        <testcase name="test_json_store_as_admin_without_payload_and_fail_validation" file="/app/vendor/gammamatrix/playground-test/src/Feature/Http/Controllers/Resource/Playground/StoreJsonTrait.php" line="66" class="Tests\Feature\Playground\Directory\Api\Http\Controllers\Playground\LocationRouteTest" classname="Tests.Feature.Playground.Directory.Api.Http.Controllers.Playground.LocationRouteTest" assertions="5" time="0.200140"/>
        <testcase name="test_json_store_as_admin_and_succeed" file="/app/vendor/gammamatrix/playground-test/src/Feature/Http/Controllers/Resource/Playground/StoreJsonTrait.php" line="92" class="Tests\Feature\Playground\Directory\Api\Http\Controllers\Playground\LocationRouteTest" classname="Tests.Feature.Playground.Directory.Api.Http.Controllers.Playground.LocationRouteTest" assertions="3" time="0.238962"/>
        <testcase name="test_json_guest_cannot_unlock" file="/app/vendor/gammamatrix/playground-test/src/Feature/Http/Controllers/Resource/Playground/UnlockJsonTrait.php" line="36" class="Tests\Feature\Playground\Directory\Api\Http\Controllers\Playground\LocationRouteTest" classname="Tests.Feature.Playground.Directory.Api.Http.Controllers.Playground.LocationRouteTest" assertions="3" time="0.168184"/>
        <testcase name="test_json_unlock_as_admin_and_succeed" file="/app/vendor/gammamatrix/playground-test/src/Feature/Http/Controllers/Resource/Playground/UnlockJsonTrait.php" line="68" class="Tests\Feature\Playground\Directory\Api\Http\Controllers\Playground\LocationRouteTest" classname="Tests.Feature.Playground.Directory.Api.Http.Controllers.Playground.LocationRouteTest" assertions="95" time="0.191186"/>
        <testcase name="test_json_unlock_as_admin_and_succeed_with_no_redirect" file="/app/vendor/gammamatrix/playground-test/src/Feature/Http/Controllers/Resource/Playground/UnlockJsonTrait.php" line="104" class="Tests\Feature\Playground\Directory\Api\Http\Controllers\Playground\LocationRouteTest" classname="Tests.Feature.Playground.Directory.Api.Http.Controllers.Playground.LocationRouteTest" assertions="95" time="0.188228"/>
        <testcase name="test_json_unlock_as_user_and_get_denied" file="/app/vendor/gammamatrix/playground-test/src/Feature/Http/Controllers/Resource/Playground/UnlockJsonTrait.php" line="145" class="Tests\Feature\Playground\Directory\Api\Http\Controllers\Playground\LocationRouteTest" classname="Tests.Feature.Playground.Directory.Api.Http.Controllers.Playground.LocationRouteTest" assertions="3" time="0.177393"/>
        <testcase name="test_json_guest_cannot_update" file="/app/vendor/gammamatrix/playground-test/src/Feature/Http/Controllers/Resource/Playground/UpdateJsonTrait.php" line="45" class="Tests\Feature\Playground\Directory\Api\Http\Controllers\Playground\LocationRouteTest" classname="Tests.Feature.Playground.Directory.Api.Http.Controllers.Playground.LocationRouteTest" assertions="1" time="0.168916"/>
        <testcase name="test_json_update_as_admin_without_payload_and_fail_validation" file="/app/vendor/gammamatrix/playground-test/src/Feature/Http/Controllers/Resource/Playground/UpdateJsonTrait.php" line="65" class="Tests\Feature\Playground\Directory\Api\Http\Controllers\Playground\LocationRouteTest" classname="Tests.Feature.Playground.Directory.Api.Http.Controllers.Playground.LocationRouteTest" assertions="4" time="0.188575"/>
        <testcase name="test_json_admin_can_update" file="/app/vendor/gammamatrix/playground-test/src/Feature/Http/Controllers/Resource/Playground/UpdateJsonTrait.php" line="90" class="Tests\Feature\Playground\Directory\Api\Http\Controllers\Playground\LocationRouteTest" classname="Tests.Feature.Playground.Directory.Api.Http.Controllers.Playground.LocationRouteTest" assertions="97" time="0.250474"/>
      </testsuite>
      <testsuite name="Tests\Feature\Playground\Directory\Api\Http\Controllers\Playground\SublocationRouteTest" file="/app/tests/Feature/Http/Controllers/Playground/SublocationRouteTest.php" tests="44" assertions="1350" errors="0" failures="0" skipped="0" time="8.270179">
        <testcase name="test_json_guest_cannot_get_create_info" file="/app/vendor/gammamatrix/playground-test/src/Feature/Http/Controllers/Resource/Playground/CreateJsonTrait.php" line="38" class="Tests\Feature\Playground\Directory\Api\Http\Controllers\Playground\SublocationRouteTest" classname="Tests.Feature.Playground.Directory.Api.Http.Controllers.Playground.SublocationRouteTest" assertions="1" time="0.199299"/>
        <testcase name="test_json_admin_can_get_create_info" file="/app/vendor/gammamatrix/playground-test/src/Feature/Http/Controllers/Resource/Playground/CreateJsonTrait.php" line="53" class="Tests\Feature\Playground\Directory\Api\Http\Controllers\Playground\SublocationRouteTest" classname="Tests.Feature.Playground.Directory.Api.Http.Controllers.Playground.SublocationRouteTest" assertions="94" time="0.176581"/>
        <testcase name="test_json_get_create_info_as_admin_with_invalid_parameter_and_fail_validation" file="/app/vendor/gammamatrix/playground-test/src/Feature/Http/Controllers/Resource/Playground/CreateJsonTrait.php" line="73" class="Tests\Feature\Playground\Directory\Api\Http\Controllers\Playground\SublocationRouteTest" classname="Tests.Feature.Playground.Directory.Api.Http.Controllers.Playground.SublocationRouteTest" assertions="4" time="0.167973"/>
        <testcase name="test_json_guest_cannot_destroy" file="/app/vendor/gammamatrix/playground-test/src/Feature/Http/Controllers/Resource/Playground/DestroyJsonTrait.php" line="31" class="Tests\Feature\Playground\Directory\Api\Http\Controllers\Playground\SublocationRouteTest" classname="Tests.Feature.Playground.Directory.Api.Http.Controllers.Playground.SublocationRouteTest" assertions="3" time="0.168994"/>
        <testcase name="test_json_destroy_as_admin_and_succeed" file="/app/vendor/gammamatrix/playground-test/src/Feature/Http/Controllers/Resource/Playground/DestroyJsonTrait.php" line="61" class="Tests\Feature\Playground\Directory\Api\Http\Controllers\Playground\SublocationRouteTest" classname="Tests.Feature.Playground.Directory.Api.Http.Controllers.Playground.SublocationRouteTest" assertions="5" time="0.171794"/>
        <testcase name="test_json_destroy_as_admin_and_succeed_with_force_delete" file="/app/vendor/gammamatrix/playground-test/src/Feature/Http/Controllers/Resource/Playground/DestroyJsonTrait.php" line="100" class="Tests\Feature\Playground\Directory\Api\Http\Controllers\Playground\SublocationRouteTest" classname="Tests.Feature.Playground.Directory.Api.Http.Controllers.Playground.SublocationRouteTest" assertions="4" time="0.171432"/>
        <testcase name="test_json_destroy_as_admin_and_succeed_with_no_content" file="/app/vendor/gammamatrix/playground-test/src/Feature/Http/Controllers/Resource/Playground/DestroyJsonTrait.php" line="132" class="Tests\Feature\Playground\Directory\Api\Http\Controllers\Playground\SublocationRouteTest" classname="Tests.Feature.Playground.Directory.Api.Http.Controllers.Playground.SublocationRouteTest" assertions="5" time="0.172859"/>
        <testcase name="test_json_destroy_as_admin_and_succeed_and_ignore_redirect" file="/app/vendor/gammamatrix/playground-test/src/Feature/Http/Controllers/Resource/Playground/DestroyJsonTrait.php" line="167" class="Tests\Feature\Playground\Directory\Api\Http\Controllers\Playground\SublocationRouteTest" classname="Tests.Feature.Playground.Directory.Api.Http.Controllers.Playground.SublocationRouteTest" assertions="5" time="0.178036"/>
        <testcase name="test_json_destroy_as_user_and_get_denied_and_no_force_delete_allowed" file="/app/vendor/gammamatrix/playground-test/src/Feature/Http/Controllers/Resource/Playground/DestroyJsonTrait.php" line="209" class="Tests\Feature\Playground\Directory\Api\Http\Controllers\Playground\SublocationRouteTest" classname="Tests.Feature.Playground.Directory.Api.Http.Controllers.Playground.SublocationRouteTest" assertions="3" time="0.170083"/>
        <testcase name="test_json_guest_cannot_get_edit_info" file="/app/vendor/gammamatrix/playground-test/src/Feature/Http/Controllers/Resource/Playground/EditJsonTrait.php" line="38" class="Tests\Feature\Playground\Directory\Api\Http\Controllers\Playground\SublocationRouteTest" classname="Tests.Feature.Playground.Directory.Api.Http.Controllers.Playground.SublocationRouteTest" assertions="1" time="0.165109"/>
        <testcase name="test_json_admin_can_get_edit_info" file="/app/vendor/gammamatrix/playground-test/src/Feature/Http/Controllers/Resource/Playground/EditJsonTrait.php" line="58" class="Tests\Feature\Playground\Directory\Api\Http\Controllers\Playground\SublocationRouteTest" classname="Tests.Feature.Playground.Directory.Api.Http.Controllers.Playground.SublocationRouteTest" assertions="4" time="0.181983"/>
        <testcase name="test_json_edit_as_admin_and_fail_validation_with_invalid_parameter" file="/app/vendor/gammamatrix/playground-test/src/Feature/Http/Controllers/Resource/Playground/EditJsonTrait.php" line="87" class="Tests\Feature\Playground\Directory\Api\Http\Controllers\Playground\SublocationRouteTest" classname="Tests.Feature.Playground.Directory.Api.Http.Controllers.Playground.SublocationRouteTest" assertions="4" time="0.179321"/>
        <testcase name="test_json_guest_cannot_get_index" file="/app/vendor/gammamatrix/playground-test/src/Feature/Http/Controllers/Resource/Playground/IndexJsonTrait.php" line="34" class="Tests\Feature\Playground\Directory\Api\Http\Controllers\Playground\SublocationRouteTest" classname="Tests.Feature.Playground.Directory.Api.Http.Controllers.Playground.SublocationRouteTest" assertions="1" time="0.161724"/>
        <testcase name="test_json_admin_can_get_index" file="/app/vendor/gammamatrix/playground-test/src/Feature/Http/Controllers/Resource/Playground/IndexJsonTrait.php" line="49" class="Tests\Feature\Playground\Directory\Api\Http\Controllers\Playground\SublocationRouteTest" classname="Tests.Feature.Playground.Directory.Api.Http.Controllers.Playground.SublocationRouteTest" assertions="101" time="0.188220"/>
        <testcase name="test_json_admin_can_get_index_with_filters" file="/app/vendor/gammamatrix/playground-test/src/Feature/Http/Controllers/Resource/Playground/IndexJsonTrait.php" line="85" class="Tests\Feature\Playground\Directory\Api\Http\Controllers\Playground\SublocationRouteTest" classname="Tests.Feature.Playground.Directory.Api.Http.Controllers.Playground.SublocationRouteTest" assertions="3" time="0.193222"/>
        <testcase name="test_json_guest_cannot_lock" file="/app/vendor/gammamatrix/playground-test/src/Feature/Http/Controllers/Resource/Playground/LockJsonTrait.php" line="36" class="Tests\Feature\Playground\Directory\Api\Http\Controllers\Playground\SublocationRouteTest" classname="Tests.Feature.Playground.Directory.Api.Http.Controllers.Playground.SublocationRouteTest" assertions="3" time="0.162459"/>
        <testcase name="test_json_lock_as_admin_and_succeed" file="/app/vendor/gammamatrix/playground-test/src/Feature/Http/Controllers/Resource/Playground/LockJsonTrait.php" line="66" class="Tests\Feature\Playground\Directory\Api\Http\Controllers\Playground\SublocationRouteTest" classname="Tests.Feature.Playground.Directory.Api.Http.Controllers.Playground.SublocationRouteTest" assertions="3" time="0.187060"/>
        <testcase name="test_json_lock_as_admin_and_succeed_with_no_redirect" file="/app/vendor/gammamatrix/playground-test/src/Feature/Http/Controllers/Resource/Playground/LockJsonTrait.php" line="98" class="Tests\Feature\Playground\Directory\Api\Http\Controllers\Playground\SublocationRouteTest" classname="Tests.Feature.Playground.Directory.Api.Http.Controllers.Playground.SublocationRouteTest" assertions="96" time="0.182995"/>
        <testcase name="test_json_lock_as_user_and_get_denied" file="/app/vendor/gammamatrix/playground-test/src/Feature/Http/Controllers/Resource/Playground/LockJsonTrait.php" line="143" class="Tests\Feature\Playground\Directory\Api\Http\Controllers\Playground\SublocationRouteTest" classname="Tests.Feature.Playground.Directory.Api.Http.Controllers.Playground.SublocationRouteTest" assertions="3" time="0.186938"/>
        <testcase name="test_json_guest_cannot_restore" file="/app/vendor/gammamatrix/playground-test/src/Feature/Http/Controllers/Resource/Playground/RestoreJsonTrait.php" line="32" class="Tests\Feature\Playground\Directory\Api\Http\Controllers\Playground\SublocationRouteTest" classname="Tests.Feature.Playground.Directory.Api.Http.Controllers.Playground.SublocationRouteTest" assertions="3" time="0.168647"/>
        <testcase name="test_json_restore_as_admin_and_succeed" file="/app/vendor/gammamatrix/playground-test/src/Feature/Http/Controllers/Resource/Playground/RestoreJsonTrait.php" line="64" class="Tests\Feature\Playground\Directory\Api\Http\Controllers\Playground\SublocationRouteTest" classname="Tests.Feature.Playground.Directory.Api.Http.Controllers.Playground.SublocationRouteTest" assertions="96" time="0.193767"/>
        <testcase name="test_json_restore_as_admin_and_succeed_with_no_redirect" file="/app/vendor/gammamatrix/playground-test/src/Feature/Http/Controllers/Resource/Playground/RestoreJsonTrait.php" line="100" class="Tests\Feature\Playground\Directory\Api\Http\Controllers\Playground\SublocationRouteTest" classname="Tests.Feature.Playground.Directory.Api.Http.Controllers.Playground.SublocationRouteTest" assertions="96" time="0.190668"/>
        <testcase name="test_json_restore_as_user_and_get_denied" file="/app/vendor/gammamatrix/playground-test/src/Feature/Http/Controllers/Resource/Playground/RestoreJsonTrait.php" line="143" class="Tests\Feature\Playground\Directory\Api\Http\Controllers\Playground\SublocationRouteTest" classname="Tests.Feature.Playground.Directory.Api.Http.Controllers.Playground.SublocationRouteTest" assertions="3" time="0.177062"/>
        <testcase name="test_json_guest_cannot_restore_revision" file="/app/vendor/gammamatrix/playground-test/src/Feature/Http/Controllers/Resource/Playground/RestoreRevisionJsonTrait.php" line="43" class="Tests\Feature\Playground\Directory\Api\Http\Controllers\Playground\SublocationRouteTest" classname="Tests.Feature.Playground.Directory.Api.Http.Controllers.Playground.SublocationRouteTest" assertions="3" time="0.175680"/>
        <testcase name="test_json_restore_revision_as_admin_and_succeed" file="/app/vendor/gammamatrix/playground-test/src/Feature/Http/Controllers/Resource/Playground/RestoreRevisionJsonTrait.php" line="79" class="Tests\Feature\Playground\Directory\Api\Http\Controllers\Playground\SublocationRouteTest" classname="Tests.Feature.Playground.Directory.Api.Http.Controllers.Playground.SublocationRouteTest" assertions="96" time="0.247221"/>
        <testcase name="test_json_restore_revision_as_admin_and_succeed_without_redirect" file="/app/vendor/gammamatrix/playground-test/src/Feature/Http/Controllers/Resource/Playground/RestoreRevisionJsonTrait.php" line="119" class="Tests\Feature\Playground\Directory\Api\Http\Controllers\Playground\SublocationRouteTest" classname="Tests.Feature.Playground.Directory.Api.Http.Controllers.Playground.SublocationRouteTest" assertions="96" time="0.249241"/>
        <testcase name="test_json_restore_revision_as_user_and_get_denied" file="/app/vendor/gammamatrix/playground-test/src/Feature/Http/Controllers/Resource/Playground/RestoreRevisionJsonTrait.php" line="171" class="Tests\Feature\Playground\Directory\Api\Http\Controllers\Playground\SublocationRouteTest" classname="Tests.Feature.Playground.Directory.Api.Http.Controllers.Playground.SublocationRouteTest" assertions="3" time="0.191231"/>
        <testcase name="test_json_guest_cannot_render_revision_view" file="/app/vendor/gammamatrix/playground-test/src/Feature/Http/Controllers/Resource/Playground/RevisionJsonTrait.php" line="38" class="Tests\Feature\Playground\Directory\Api\Http\Controllers\Playground\SublocationRouteTest" classname="Tests.Feature.Playground.Directory.Api.Http.Controllers.Playground.SublocationRouteTest" assertions="2" time="0.177859"/>
        <testcase name="test_json_admin_can_get_revision_info" file="/app/vendor/gammamatrix/playground-test/src/Feature/Http/Controllers/Resource/Playground/RevisionJsonTrait.php" line="69" class="Tests\Feature\Playground\Directory\Api\Http\Controllers\Playground\SublocationRouteTest" classname="Tests.Feature.Playground.Directory.Api.Http.Controllers.Playground.SublocationRouteTest" assertions="95" time="0.204583"/>
        <testcase name="test_json_guest_cannot_get_revisions" file="/app/vendor/gammamatrix/playground-test/src/Feature/Http/Controllers/Resource/Playground/RevisionsJsonTrait.php" line="34" class="Tests\Feature\Playground\Directory\Api\Http\Controllers\Playground\SublocationRouteTest" classname="Tests.Feature.Playground.Directory.Api.Http.Controllers.Playground.SublocationRouteTest" assertions="2" time="0.174542"/>
        <testcase name="test_json_admin_can_get_revisions" file="/app/vendor/gammamatrix/playground-test/src/Feature/Http/Controllers/Resource/Playground/RevisionsJsonTrait.php" line="63" class="Tests\Feature\Playground\Directory\Api\Http\Controllers\Playground\SublocationRouteTest" classname="Tests.Feature.Playground.Directory.Api.Http.Controllers.Playground.SublocationRouteTest" assertions="2" time="0.268709"/>
        <testcase name="test_json_admin_can_get_revisions_with_filters" file="/app/vendor/gammamatrix/playground-test/src/Feature/Http/Controllers/Resource/Playground/RevisionsJsonTrait.php" line="104" class="Tests\Feature\Playground\Directory\Api\Http\Controllers\Playground\SublocationRouteTest" classname="Tests.Feature.Playground.Directory.Api.Http.Controllers.Playground.SublocationRouteTest" assertions="102" time="0.204355"/>
        <testcase name="test_json_guest_cannot_see_info" file="/app/vendor/gammamatrix/playground-test/src/Feature/Http/Controllers/Resource/Playground/ShowJsonTrait.php" line="29" class="Tests\Feature\Playground\Directory\Api\Http\Controllers\Playground\SublocationRouteTest" classname="Tests.Feature.Playground.Directory.Api.Http.Controllers.Playground.SublocationRouteTest" assertions="1" time="0.170283"/>
        <testcase name="test_json_show_info_for_admin" file="/app/vendor/gammamatrix/playground-test/src/Feature/Http/Controllers/Resource/Playground/ShowJsonTrait.php" line="49" class="Tests\Feature\Playground\Directory\Api\Http\Controllers\Playground\SublocationRouteTest" classname="Tests.Feature.Playground.Directory.Api.Http.Controllers.Playground.SublocationRouteTest" assertions="95" time="0.183325"/>
        <testcase name="test_json_guest_cannot_store" file="/app/vendor/gammamatrix/playground-test/src/Feature/Http/Controllers/Resource/Playground/StoreJsonTrait.php" line="43" class="Tests\Feature\Playground\Directory\Api\Http\Controllers\Playground\SublocationRouteTest" classname="Tests.Feature.Playground.Directory.Api.Http.Controllers.Playground.SublocationRouteTest" assertions="3" time="0.165852"/>
        <testcase name="test_json_store_as_admin_without_payload_and_fail_validation" file="/app/vendor/gammamatrix/playground-test/src/Feature/Http/Controllers/Resource/Playground/StoreJsonTrait.php" line="66" class="Tests\Feature\Playground\Directory\Api\Http\Controllers\Playground\SublocationRouteTest" classname="Tests.Feature.Playground.Directory.Api.Http.Controllers.Playground.SublocationRouteTest" assertions="5" time="0.184336"/>
        <testcase name="test_json_store_as_admin_and_succeed" file="/app/vendor/gammamatrix/playground-test/src/Feature/Http/Controllers/Resource/Playground/StoreJsonTrait.php" line="92" class="Tests\Feature\Playground\Directory\Api\Http\Controllers\Playground\SublocationRouteTest" classname="Tests.Feature.Playground.Directory.Api.Http.Controllers.Playground.SublocationRouteTest" assertions="3" time="0.218765"/>
        <testcase name="test_json_guest_cannot_unlock" file="/app/vendor/gammamatrix/playground-test/src/Feature/Http/Controllers/Resource/Playground/UnlockJsonTrait.php" line="36" class="Tests\Feature\Playground\Directory\Api\Http\Controllers\Playground\SublocationRouteTest" classname="Tests.Feature.Playground.Directory.Api.Http.Controllers.Playground.SublocationRouteTest" assertions="3" time="0.170351"/>
        <testcase name="test_json_unlock_as_admin_and_succeed" file="/app/vendor/gammamatrix/playground-test/src/Feature/Http/Controllers/Resource/Playground/UnlockJsonTrait.php" line="68" class="Tests\Feature\Playground\Directory\Api\Http\Controllers\Playground\SublocationRouteTest" classname="Tests.Feature.Playground.Directory.Api.Http.Controllers.Playground.SublocationRouteTest" assertions="96" time="0.194567"/>
        <testcase name="test_json_unlock_as_admin_and_succeed_with_no_redirect" file="/app/vendor/gammamatrix/playground-test/src/Feature/Http/Controllers/Resource/Playground/UnlockJsonTrait.php" line="104" class="Tests\Feature\Playground\Directory\Api\Http\Controllers\Playground\SublocationRouteTest" classname="Tests.Feature.Playground.Directory.Api.Http.Controllers.Playground.SublocationRouteTest" assertions="96" time="0.199622"/>
        <testcase name="test_json_unlock_as_user_and_get_denied" file="/app/vendor/gammamatrix/playground-test/src/Feature/Http/Controllers/Resource/Playground/UnlockJsonTrait.php" line="145" class="Tests\Feature\Playground\Directory\Api\Http\Controllers\Playground\SublocationRouteTest" classname="Tests.Feature.Playground.Directory.Api.Http.Controllers.Playground.SublocationRouteTest" assertions="3" time="0.179844"/>
        <testcase name="test_json_guest_cannot_update" file="/app/vendor/gammamatrix/playground-test/src/Feature/Http/Controllers/Resource/Playground/UpdateJsonTrait.php" line="45" class="Tests\Feature\Playground\Directory\Api\Http\Controllers\Playground\SublocationRouteTest" classname="Tests.Feature.Playground.Directory.Api.Http.Controllers.Playground.SublocationRouteTest" assertions="1" time="0.169747"/>
        <testcase name="test_json_update_as_admin_without_payload_and_fail_validation" file="/app/vendor/gammamatrix/playground-test/src/Feature/Http/Controllers/Resource/Playground/UpdateJsonTrait.php" line="65" class="Tests\Feature\Playground\Directory\Api\Http\Controllers\Playground\SublocationRouteTest" classname="Tests.Feature.Playground.Directory.Api.Http.Controllers.Playground.SublocationRouteTest" assertions="4" time="0.190313"/>
        <testcase name="test_json_admin_can_update" file="/app/vendor/gammamatrix/playground-test/src/Feature/Http/Controllers/Resource/Playground/UpdateJsonTrait.php" line="90" class="Tests\Feature\Playground\Directory\Api\Http\Controllers\Playground\SublocationRouteTest" classname="Tests.Feature.Playground.Directory.Api.Http.Controllers.Playground.SublocationRouteTest" assertions="98" time="0.253527"/>
      </testsuite>
      <testsuite name="Tests\Feature\Playground\Directory\Api\Http\Requests\FormRequest\InstanceTest" file="/app/tests/Feature/Http/Requests/FormRequest/InstanceTest.php" tests="1" assertions="1" errors="0" failures="0" skipped="0" time="0.156053">
        <testcase name="test_FormRequest_authorize_with_admin" file="/app/tests/Feature/Http/Requests/FormRequest/InstanceTest.php" line="21" class="Tests\Feature\Playground\Directory\Api\Http\Requests\FormRequest\InstanceTest" classname="Tests.Feature.Playground.Directory.Api.Http.Requests.FormRequest.InstanceTest" assertions="1" time="0.156053"/>
      </testsuite>
    </testsuite>
  </testsuite>
</testsuites>
