<?xml version="1.0" encoding="UTF-8"?>
<testsuites>
  <testsuite name="/app/phpunit-ci.xml" tests="96" assertions="2700" errors="0" failures="0" skipped="0" time="18.666009">
    <testsuite name="Unit" tests="6" assertions="10" errors="0" failures="0" skipped="0" time="0.404328">
      <testsuite name="Tests\Unit\Playground\Directory\Api\Policies\LocationPolicy\PolicyTest" file="/app/tests/Unit/Policies/LocationPolicy/PolicyTest.php" tests="1" assertions="1" errors="0" failures="0" skipped="0" time="0.260854">
        <testcase name="test_policy_instance" file="/app/tests/Unit/Policies/LocationPolicy/PolicyTest.php" line="19" class="Tests\Unit\Playground\Directory\Api\Policies\LocationPolicy\PolicyTest" classname="Tests.Unit.Playground.Directory.Api.Policies.LocationPolicy.PolicyTest" assertions="1" time="0.260854"/>
      </testsuite>
      <testsuite name="Tests\Unit\Playground\Directory\Api\Policies\SublocationPolicy\PolicyTest" file="/app/tests/Unit/Policies/SublocationPolicy/PolicyTest.php" tests="1" assertions="1" errors="0" failures="0" skipped="0" time="0.029313">
        <testcase name="test_policy_instance" file="/app/tests/Unit/Policies/SublocationPolicy/PolicyTest.php" line="19" class="Tests\Unit\Playground\Directory\Api\Policies\SublocationPolicy\PolicyTest" classname="Tests.Unit.Playground.Directory.Api.Policies.SublocationPolicy.PolicyTest" assertions="1" time="0.029313"/>
      </testsuite>
      <testsuite name="Tests\Unit\Playground\Directory\Api\ServiceProvider\InstanceTest" file="/app/tests/Unit/ServiceProvider/InstanceTest.php" tests="4" assertions="8" errors="0" failures="0" skipped="0" time="0.114161">
        <testcase name="test_version_matches" file="/app/tests/Unit/ServiceProvider/InstanceTest.php" line="20" class="Tests\Unit\Playground\Directory\Api\ServiceProvider\InstanceTest" classname="Tests.Unit.Playground.Directory.Api.ServiceProvider.InstanceTest" assertions="3" time="0.027667"/>
        <testcase name="test_setPolicies_with_empty_array" file="/app/tests/Unit/ServiceProvider/InstanceTest.php" line="29" class="Tests\Unit\Playground\Directory\Api\ServiceProvider\InstanceTest" classname="Tests.Unit.Playground.Directory.Api.ServiceProvider.InstanceTest" assertions="1" time="0.027473"/>
        <testcase name="test_setPolicies_with_invalid_model" file="/app/tests/Unit/ServiceProvider/InstanceTest.php" line="43" class="Tests\Unit\Playground\Directory\Api\ServiceProvider\InstanceTest" classname="Tests.Unit.Playground.Directory.Api.ServiceProvider.InstanceTest" assertions="2" time="0.030397"/>
        <testcase name="test_setPolicies_with_invalid_policy" file="/app/tests/Unit/ServiceProvider/InstanceTest.php" line="72" class="Tests\Unit\Playground\Directory\Api\ServiceProvider\InstanceTest" classname="Tests.Unit.Playground.Directory.Api.ServiceProvider.InstanceTest" assertions="2" time="0.028622"/>
      </testsuite>
    </testsuite>
    <testsuite name="Feature" tests="90" assertions="2690" errors="0" failures="0" skipped="0" time="18.261681">
      <testsuite name="Tests\Feature\Playground\Directory\Api\Console\Commands\About\CommandTest" file="/app/tests/Feature/Console/Commands/About/CommandTest.php" tests="1" assertions="2" errors="0" failures="0" skipped="0" time="0.349348">
        <testcase name="test_command_about_displays_package_information_and_succeed" file="/app/tests/Feature/Console/Commands/About/CommandTest.php" line="20" class="Tests\Feature\Playground\Directory\Api\Console\Commands\About\CommandTest" classname="Tests.Feature.Playground.Directory.Api.Console.Commands.About.CommandTest" assertions="2" time="0.349348"/>
      </testsuite>
      <testsuite name="Tests\Feature\Playground\Directory\Api\Http\Controllers\Playground\LocationRouteTest" file="/app/tests/Feature/Http/Controllers/Playground/LocationRouteTest.php" tests="44" assertions="1337" errors="0" failures="0" skipped="0" time="8.846942">
        <testcase name="test_json_guest_cannot_get_create_info" file="/app/vendor/gammamatrix/playground-test/src/Feature/Http/Controllers/Resource/Playground/CreateJsonTrait.php" line="38" class="Tests\Feature\Playground\Directory\Api\Http\Controllers\Playground\LocationRouteTest" classname="Tests.Feature.Playground.Directory.Api.Http.Controllers.Playground.LocationRouteTest" assertions="1" time="0.225518"/>
        <testcase name="test_json_admin_can_get_create_info" file="/app/vendor/gammamatrix/playground-test/src/Feature/Http/Controllers/Resource/Playground/CreateJsonTrait.php" line="53" class="Tests\Feature\Playground\Directory\Api\Http\Controllers\Playground\LocationRouteTest" classname="Tests.Feature.Playground.Directory.Api.Http.Controllers.Playground.LocationRouteTest" assertions="93" time="0.236467"/>
        <testcase name="test_json_get_create_info_as_admin_with_invalid_parameter_and_fail_validation" file="/app/vendor/gammamatrix/playground-test/src/Feature/Http/Controllers/Resource/Playground/CreateJsonTrait.php" line="73" class="Tests\Feature\Playground\Directory\Api\Http\Controllers\Playground\LocationRouteTest" classname="Tests.Feature.Playground.Directory.Api.Http.Controllers.Playground.LocationRouteTest" assertions="4" time="0.180091"/>
        <testcase name="test_json_guest_cannot_destroy" file="/app/vendor/gammamatrix/playground-test/src/Feature/Http/Controllers/Resource/Playground/DestroyJsonTrait.php" line="31" class="Tests\Feature\Playground\Directory\Api\Http\Controllers\Playground\LocationRouteTest" classname="Tests.Feature.Playground.Directory.Api.Http.Controllers.Playground.LocationRouteTest" assertions="3" time="0.167118"/>
        <testcase name="test_json_destroy_as_admin_and_succeed" file="/app/vendor/gammamatrix/playground-test/src/Feature/Http/Controllers/Resource/Playground/DestroyJsonTrait.php" line="61" class="Tests\Feature\Playground\Directory\Api\Http\Controllers\Playground\LocationRouteTest" classname="Tests.Feature.Playground.Directory.Api.Http.Controllers.Playground.LocationRouteTest" assertions="5" time="0.184930"/>
        <testcase name="test_json_destroy_as_admin_and_succeed_with_force_delete" file="/app/vendor/gammamatrix/playground-test/src/Feature/Http/Controllers/Resource/Playground/DestroyJsonTrait.php" line="100" class="Tests\Feature\Playground\Directory\Api\Http\Controllers\Playground\LocationRouteTest" classname="Tests.Feature.Playground.Directory.Api.Http.Controllers.Playground.LocationRouteTest" assertions="4" time="0.189710"/>
        <testcase name="test_json_destroy_as_admin_and_succeed_with_no_content" file="/app/vendor/gammamatrix/playground-test/src/Feature/Http/Controllers/Resource/Playground/DestroyJsonTrait.php" line="132" class="Tests\Feature\Playground\Directory\Api\Http\Controllers\Playground\LocationRouteTest" classname="Tests.Feature.Playground.Directory.Api.Http.Controllers.Playground.LocationRouteTest" assertions="5" time="0.179933"/>
        <testcase name="test_json_destroy_as_admin_and_succeed_and_ignore_redirect" file="/app/vendor/gammamatrix/playground-test/src/Feature/Http/Controllers/Resource/Playground/DestroyJsonTrait.php" line="167" class="Tests\Feature\Playground\Directory\Api\Http\Controllers\Playground\LocationRouteTest" classname="Tests.Feature.Playground.Directory.Api.Http.Controllers.Playground.LocationRouteTest" assertions="5" time="0.179942"/>
        <testcase name="test_json_destroy_as_user_and_get_denied_and_no_force_delete_allowed" file="/app/vendor/gammamatrix/playground-test/src/Feature/Http/Controllers/Resource/Playground/DestroyJsonTrait.php" line="209" class="Tests\Feature\Playground\Directory\Api\Http\Controllers\Playground\LocationRouteTest" classname="Tests.Feature.Playground.Directory.Api.Http.Controllers.Playground.LocationRouteTest" assertions="3" time="0.179623"/>
        <testcase name="test_json_guest_cannot_get_edit_info" file="/app/vendor/gammamatrix/playground-test/src/Feature/Http/Controllers/Resource/Playground/EditJsonTrait.php" line="38" class="Tests\Feature\Playground\Directory\Api\Http\Controllers\Playground\LocationRouteTest" classname="Tests.Feature.Playground.Directory.Api.Http.Controllers.Playground.LocationRouteTest" assertions="1" time="0.168255"/>
        <testcase name="test_json_admin_can_get_edit_info" file="/app/vendor/gammamatrix/playground-test/src/Feature/Http/Controllers/Resource/Playground/EditJsonTrait.php" line="58" class="Tests\Feature\Playground\Directory\Api\Http\Controllers\Playground\LocationRouteTest" classname="Tests.Feature.Playground.Directory.Api.Http.Controllers.Playground.LocationRouteTest" assertions="4" time="0.213748"/>
        <testcase name="test_json_edit_as_admin_and_fail_validation_with_invalid_parameter" file="/app/vendor/gammamatrix/playground-test/src/Feature/Http/Controllers/Resource/Playground/EditJsonTrait.php" line="87" class="Tests\Feature\Playground\Directory\Api\Http\Controllers\Playground\LocationRouteTest" classname="Tests.Feature.Playground.Directory.Api.Http.Controllers.Playground.LocationRouteTest" assertions="4" time="0.195323"/>
        <testcase name="test_json_guest_cannot_get_index" file="/app/vendor/gammamatrix/playground-test/src/Feature/Http/Controllers/Resource/Playground/IndexJsonTrait.php" line="34" class="Tests\Feature\Playground\Directory\Api\Http\Controllers\Playground\LocationRouteTest" classname="Tests.Feature.Playground.Directory.Api.Http.Controllers.Playground.LocationRouteTest" assertions="1" time="0.174505"/>
        <testcase name="test_json_admin_can_get_index" file="/app/vendor/gammamatrix/playground-test/src/Feature/Http/Controllers/Resource/Playground/IndexJsonTrait.php" line="49" class="Tests\Feature\Playground\Directory\Api\Http\Controllers\Playground\LocationRouteTest" classname="Tests.Feature.Playground.Directory.Api.Http.Controllers.Playground.LocationRouteTest" assertions="100" time="0.264838"/>
        <testcase name="test_json_admin_can_get_index_with_filters" file="/app/vendor/gammamatrix/playground-test/src/Feature/Http/Controllers/Resource/Playground/IndexJsonTrait.php" line="85" class="Tests\Feature\Playground\Directory\Api\Http\Controllers\Playground\LocationRouteTest" classname="Tests.Feature.Playground.Directory.Api.Http.Controllers.Playground.LocationRouteTest" assertions="3" time="0.194586"/>
        <testcase name="test_json_guest_cannot_lock" file="/app/vendor/gammamatrix/playground-test/src/Feature/Http/Controllers/Resource/Playground/LockJsonTrait.php" line="36" class="Tests\Feature\Playground\Directory\Api\Http\Controllers\Playground\LocationRouteTest" classname="Tests.Feature.Playground.Directory.Api.Http.Controllers.Playground.LocationRouteTest" assertions="3" time="0.170702"/>
        <testcase name="test_json_lock_as_admin_and_succeed" file="/app/vendor/gammamatrix/playground-test/src/Feature/Http/Controllers/Resource/Playground/LockJsonTrait.php" line="66" class="Tests\Feature\Playground\Directory\Api\Http\Controllers\Playground\LocationRouteTest" classname="Tests.Feature.Playground.Directory.Api.Http.Controllers.Playground.LocationRouteTest" assertions="3" time="0.190611"/>
        <testcase name="test_json_lock_as_admin_and_succeed_with_no_redirect" file="/app/vendor/gammamatrix/playground-test/src/Feature/Http/Controllers/Resource/Playground/LockJsonTrait.php" line="98" class="Tests\Feature\Playground\Directory\Api\Http\Controllers\Playground\LocationRouteTest" classname="Tests.Feature.Playground.Directory.Api.Http.Controllers.Playground.LocationRouteTest" assertions="95" time="0.190640"/>
        <testcase name="test_json_lock_as_user_and_get_denied" file="/app/vendor/gammamatrix/playground-test/src/Feature/Http/Controllers/Resource/Playground/LockJsonTrait.php" line="143" class="Tests\Feature\Playground\Directory\Api\Http\Controllers\Playground\LocationRouteTest" classname="Tests.Feature.Playground.Directory.Api.Http.Controllers.Playground.LocationRouteTest" assertions="3" time="0.179543"/>
        <testcase name="test_json_guest_cannot_restore" file="/app/vendor/gammamatrix/playground-test/src/Feature/Http/Controllers/Resource/Playground/RestoreJsonTrait.php" line="32" class="Tests\Feature\Playground\Directory\Api\Http\Controllers\Playground\LocationRouteTest" classname="Tests.Feature.Playground.Directory.Api.Http.Controllers.Playground.LocationRouteTest" assertions="3" time="0.170154"/>
        <testcase name="test_json_restore_as_admin_and_succeed" file="/app/vendor/gammamatrix/playground-test/src/Feature/Http/Controllers/Resource/Playground/RestoreJsonTrait.php" line="64" class="Tests\Feature\Playground\Directory\Api\Http\Controllers\Playground\LocationRouteTest" classname="Tests.Feature.Playground.Directory.Api.Http.Controllers.Playground.LocationRouteTest" assertions="95" time="0.198422"/>
        <testcase name="test_json_restore_as_admin_and_succeed_with_no_redirect" file="/app/vendor/gammamatrix/playground-test/src/Feature/Http/Controllers/Resource/Playground/RestoreJsonTrait.php" line="100" class="Tests\Feature\Playground\Directory\Api\Http\Controllers\Playground\LocationRouteTest" classname="Tests.Feature.Playground.Directory.Api.Http.Controllers.Playground.LocationRouteTest" assertions="95" time="0.209359"/>
        <testcase name="test_json_restore_as_user_and_get_denied" file="/app/vendor/gammamatrix/playground-test/src/Feature/Http/Controllers/Resource/Playground/RestoreJsonTrait.php" line="143" class="Tests\Feature\Playground\Directory\Api\Http\Controllers\Playground\LocationRouteTest" classname="Tests.Feature.Playground.Directory.Api.Http.Controllers.Playground.LocationRouteTest" assertions="3" time="0.181292"/>
        <testcase name="test_json_guest_cannot_restore_revision" file="/app/vendor/gammamatrix/playground-test/src/Feature/Http/Controllers/Resource/Playground/RestoreRevisionJsonTrait.php" line="43" class="Tests\Feature\Playground\Directory\Api\Http\Controllers\Playground\LocationRouteTest" classname="Tests.Feature.Playground.Directory.Api.Http.Controllers.Playground.LocationRouteTest" assertions="3" time="0.178258"/>
        <testcase name="test_json_restore_revision_as_admin_and_succeed" file="/app/vendor/gammamatrix/playground-test/src/Feature/Http/Controllers/Resource/Playground/RestoreRevisionJsonTrait.php" line="79" class="Tests\Feature\Playground\Directory\Api\Http\Controllers\Playground\LocationRouteTest" classname="Tests.Feature.Playground.Directory.Api.Http.Controllers.Playground.LocationRouteTest" assertions="95" time="0.286634"/>
        <testcase name="test_json_restore_revision_as_admin_and_succeed_without_redirect" file="/app/vendor/gammamatrix/playground-test/src/Feature/Http/Controllers/Resource/Playground/RestoreRevisionJsonTrait.php" line="119" class="Tests\Feature\Playground\Directory\Api\Http\Controllers\Playground\LocationRouteTest" classname="Tests.Feature.Playground.Directory.Api.Http.Controllers.Playground.LocationRouteTest" assertions="95" time="0.247583"/>
        <testcase name="test_json_restore_revision_as_user_and_get_denied" file="/app/vendor/gammamatrix/playground-test/src/Feature/Http/Controllers/Resource/Playground/RestoreRevisionJsonTrait.php" line="171" class="Tests\Feature\Playground\Directory\Api\Http\Controllers\Playground\LocationRouteTest" classname="Tests.Feature.Playground.Directory.Api.Http.Controllers.Playground.LocationRouteTest" assertions="3" time="0.193675"/>
        <testcase name="test_json_guest_cannot_render_revision_view" file="/app/vendor/gammamatrix/playground-test/src/Feature/Http/Controllers/Resource/Playground/RevisionJsonTrait.php" line="38" class="Tests\Feature\Playground\Directory\Api\Http\Controllers\Playground\LocationRouteTest" classname="Tests.Feature.Playground.Directory.Api.Http.Controllers.Playground.LocationRouteTest" assertions="2" time="0.182038"/>
        <testcase name="test_json_admin_can_get_revision_info" file="/app/vendor/gammamatrix/playground-test/src/Feature/Http/Controllers/Resource/Playground/RevisionJsonTrait.php" line="69" class="Tests\Feature\Playground\Directory\Api\Http\Controllers\Playground\LocationRouteTest" classname="Tests.Feature.Playground.Directory.Api.Http.Controllers.Playground.LocationRouteTest" assertions="94" time="0.203267"/>
        <testcase name="test_json_guest_cannot_get_revisions" file="/app/vendor/gammamatrix/playground-test/src/Feature/Http/Controllers/Resource/Playground/RevisionsJsonTrait.php" line="34" class="Tests\Feature\Playground\Directory\Api\Http\Controllers\Playground\LocationRouteTest" classname="Tests.Feature.Playground.Directory.Api.Http.Controllers.Playground.LocationRouteTest" assertions="2" time="0.184720"/>
        <testcase name="test_json_admin_can_get_revisions" file="/app/vendor/gammamatrix/playground-test/src/Feature/Http/Controllers/Resource/Playground/RevisionsJsonTrait.php" line="63" class="Tests\Feature\Playground\Directory\Api\Http\Controllers\Playground\LocationRouteTest" classname="Tests.Feature.Playground.Directory.Api.Http.Controllers.Playground.LocationRouteTest" assertions="2" time="0.272438"/>
        <testcase name="test_json_admin_can_get_revisions_with_filters" file="/app/vendor/gammamatrix/playground-test/src/Feature/Http/Controllers/Resource/Playground/RevisionsJsonTrait.php" line="104" class="Tests\Feature\Playground\Directory\Api\Http\Controllers\Playground\LocationRouteTest" classname="Tests.Feature.Playground.Directory.Api.Http.Controllers.Playground.LocationRouteTest" assertions="101" time="0.209067"/>
        <testcase name="test_json_guest_cannot_see_info" file="/app/vendor/gammamatrix/playground-test/src/Feature/Http/Controllers/Resource/Playground/ShowJsonTrait.php" line="29" class="Tests\Feature\Playground\Directory\Api\Http\Controllers\Playground\LocationRouteTest" classname="Tests.Feature.Playground.Directory.Api.Http.Controllers.Playground.LocationRouteTest" assertions="1" time="0.171030"/>
        <testcase name="test_json_show_info_for_admin" file="/app/vendor/gammamatrix/playground-test/src/Feature/Http/Controllers/Resource/Playground/ShowJsonTrait.php" line="49" class="Tests\Feature\Playground\Directory\Api\Http\Controllers\Playground\LocationRouteTest" classname="Tests.Feature.Playground.Directory.Api.Http.Controllers.Playground.LocationRouteTest" assertions="94" time="0.190622"/>
        <testcase name="test_json_guest_cannot_store" file="/app/vendor/gammamatrix/playground-test/src/Feature/Http/Controllers/Resource/Playground/StoreJsonTrait.php" line="43" class="Tests\Feature\Playground\Directory\Api\Http\Controllers\Playground\LocationRouteTest" classname="Tests.Feature.Playground.Directory.Api.Http.Controllers.Playground.LocationRouteTest" assertions="3" time="0.171188"/>
        <testcase name="test_json_store_as_admin_without_payload_and_fail_validation" file="/app/vendor/gammamatrix/playground-test/src/Feature/Http/Controllers/Resource/Playground/StoreJsonTrait.php" line="66" class="Tests\Feature\Playground\Directory\Api\Http\Controllers\Playground\LocationRouteTest" classname="Tests.Feature.Playground.Directory.Api.Http.Controllers.Playground.LocationRouteTest" assertions="5" time="0.213133"/>
        <testcase name="test_json_store_as_admin_and_succeed" file="/app/vendor/gammamatrix/playground-test/src/Feature/Http/Controllers/Resource/Playground/StoreJsonTrait.php" line="92" class="Tests\Feature\Playground\Directory\Api\Http\Controllers\Playground\LocationRouteTest" classname="Tests.Feature.Playground.Directory.Api.Http.Controllers.Playground.LocationRouteTest" assertions="3" time="0.239251"/>
        <testcase name="test_json_guest_cannot_unlock" file="/app/vendor/gammamatrix/playground-test/src/Feature/Http/Controllers/Resource/Playground/UnlockJsonTrait.php" line="36" class="Tests\Feature\Playground\Directory\Api\Http\Controllers\Playground\LocationRouteTest" classname="Tests.Feature.Playground.Directory.Api.Http.Controllers.Playground.LocationRouteTest" assertions="3" time="0.174667"/>
        <testcase name="test_json_unlock_as_admin_and_succeed" file="/app/vendor/gammamatrix/playground-test/src/Feature/Http/Controllers/Resource/Playground/UnlockJsonTrait.php" line="68" class="Tests\Feature\Playground\Directory\Api\Http\Controllers\Playground\LocationRouteTest" classname="Tests.Feature.Playground.Directory.Api.Http.Controllers.Playground.LocationRouteTest" assertions="95" time="0.198370"/>
        <testcase name="test_json_unlock_as_admin_and_succeed_with_no_redirect" file="/app/vendor/gammamatrix/playground-test/src/Feature/Http/Controllers/Resource/Playground/UnlockJsonTrait.php" line="104" class="Tests\Feature\Playground\Directory\Api\Http\Controllers\Playground\LocationRouteTest" classname="Tests.Feature.Playground.Directory.Api.Http.Controllers.Playground.LocationRouteTest" assertions="95" time="0.196010"/>
        <testcase name="test_json_unlock_as_user_and_get_denied" file="/app/vendor/gammamatrix/playground-test/src/Feature/Http/Controllers/Resource/Playground/UnlockJsonTrait.php" line="145" class="Tests\Feature\Playground\Directory\Api\Http\Controllers\Playground\LocationRouteTest" classname="Tests.Feature.Playground.Directory.Api.Http.Controllers.Playground.LocationRouteTest" assertions="3" time="0.189017"/>
        <testcase name="test_json_guest_cannot_update" file="/app/vendor/gammamatrix/playground-test/src/Feature/Http/Controllers/Resource/Playground/UpdateJsonTrait.php" line="45" class="Tests\Feature\Playground\Directory\Api\Http\Controllers\Playground\LocationRouteTest" classname="Tests.Feature.Playground.Directory.Api.Http.Controllers.Playground.LocationRouteTest" assertions="1" time="0.174275"/>
        <testcase name="test_json_update_as_admin_without_payload_and_fail_validation" file="/app/vendor/gammamatrix/playground-test/src/Feature/Http/Controllers/Resource/Playground/UpdateJsonTrait.php" line="65" class="Tests\Feature\Playground\Directory\Api\Http\Controllers\Playground\LocationRouteTest" classname="Tests.Feature.Playground.Directory.Api.Http.Controllers.Playground.LocationRouteTest" assertions="4" time="0.219469"/>
        <testcase name="test_json_admin_can_update" file="/app/vendor/gammamatrix/playground-test/src/Feature/Http/Controllers/Resource/Playground/UpdateJsonTrait.php" line="90" class="Tests\Feature\Playground\Directory\Api\Http\Controllers\Playground\LocationRouteTest" classname="Tests.Feature.Playground.Directory.Api.Http.Controllers.Playground.LocationRouteTest" assertions="97" time="0.326923"/>
      </testsuite>
      <testsuite name="Tests\Feature\Playground\Directory\Api\Http\Controllers\Playground\SublocationRouteTest" file="/app/tests/Feature/Http/Controllers/Playground/SublocationRouteTest.php" tests="44" assertions="1350" errors="0" failures="0" skipped="0" time="8.906564">
        <testcase name="test_json_guest_cannot_get_create_info" file="/app/vendor/gammamatrix/playground-test/src/Feature/Http/Controllers/Resource/Playground/CreateJsonTrait.php" line="38" class="Tests\Feature\Playground\Directory\Api\Http\Controllers\Playground\SublocationRouteTest" classname="Tests.Feature.Playground.Directory.Api.Http.Controllers.Playground.SublocationRouteTest" assertions="1" time="0.205677"/>
        <testcase name="test_json_admin_can_get_create_info" file="/app/vendor/gammamatrix/playground-test/src/Feature/Http/Controllers/Resource/Playground/CreateJsonTrait.php" line="53" class="Tests\Feature\Playground\Directory\Api\Http\Controllers\Playground\SublocationRouteTest" classname="Tests.Feature.Playground.Directory.Api.Http.Controllers.Playground.SublocationRouteTest" assertions="94" time="0.211707"/>
        <testcase name="test_json_get_create_info_as_admin_with_invalid_parameter_and_fail_validation" file="/app/vendor/gammamatrix/playground-test/src/Feature/Http/Controllers/Resource/Playground/CreateJsonTrait.php" line="73" class="Tests\Feature\Playground\Directory\Api\Http\Controllers\Playground\SublocationRouteTest" classname="Tests.Feature.Playground.Directory.Api.Http.Controllers.Playground.SublocationRouteTest" assertions="4" time="0.180939"/>
        <testcase name="test_json_guest_cannot_destroy" file="/app/vendor/gammamatrix/playground-test/src/Feature/Http/Controllers/Resource/Playground/DestroyJsonTrait.php" line="31" class="Tests\Feature\Playground\Directory\Api\Http\Controllers\Playground\SublocationRouteTest" classname="Tests.Feature.Playground.Directory.Api.Http.Controllers.Playground.SublocationRouteTest" assertions="3" time="0.171360"/>
        <testcase name="test_json_destroy_as_admin_and_succeed" file="/app/vendor/gammamatrix/playground-test/src/Feature/Http/Controllers/Resource/Playground/DestroyJsonTrait.php" line="61" class="Tests\Feature\Playground\Directory\Api\Http\Controllers\Playground\SublocationRouteTest" classname="Tests.Feature.Playground.Directory.Api.Http.Controllers.Playground.SublocationRouteTest" assertions="5" time="0.187769"/>
        <testcase name="test_json_destroy_as_admin_and_succeed_with_force_delete" file="/app/vendor/gammamatrix/playground-test/src/Feature/Http/Controllers/Resource/Playground/DestroyJsonTrait.php" line="100" class="Tests\Feature\Playground\Directory\Api\Http\Controllers\Playground\SublocationRouteTest" classname="Tests.Feature.Playground.Directory.Api.Http.Controllers.Playground.SublocationRouteTest" assertions="4" time="0.194079"/>
        <testcase name="test_json_destroy_as_admin_and_succeed_with_no_content" file="/app/vendor/gammamatrix/playground-test/src/Feature/Http/Controllers/Resource/Playground/DestroyJsonTrait.php" line="132" class="Tests\Feature\Playground\Directory\Api\Http\Controllers\Playground\SublocationRouteTest" classname="Tests.Feature.Playground.Directory.Api.Http.Controllers.Playground.SublocationRouteTest" assertions="5" time="0.182785"/>
        <testcase name="test_json_destroy_as_admin_and_succeed_and_ignore_redirect" file="/app/vendor/gammamatrix/playground-test/src/Feature/Http/Controllers/Resource/Playground/DestroyJsonTrait.php" line="167" class="Tests\Feature\Playground\Directory\Api\Http\Controllers\Playground\SublocationRouteTest" classname="Tests.Feature.Playground.Directory.Api.Http.Controllers.Playground.SublocationRouteTest" assertions="5" time="0.184261"/>
        <testcase name="test_json_destroy_as_user_and_get_denied_and_no_force_delete_allowed" file="/app/vendor/gammamatrix/playground-test/src/Feature/Http/Controllers/Resource/Playground/DestroyJsonTrait.php" line="209" class="Tests\Feature\Playground\Directory\Api\Http\Controllers\Playground\SublocationRouteTest" classname="Tests.Feature.Playground.Directory.Api.Http.Controllers.Playground.SublocationRouteTest" assertions="3" time="0.180149"/>
        <testcase name="test_json_guest_cannot_get_edit_info" file="/app/vendor/gammamatrix/playground-test/src/Feature/Http/Controllers/Resource/Playground/EditJsonTrait.php" line="38" class="Tests\Feature\Playground\Directory\Api\Http\Controllers\Playground\SublocationRouteTest" classname="Tests.Feature.Playground.Directory.Api.Http.Controllers.Playground.SublocationRouteTest" assertions="1" time="0.171142"/>
        <testcase name="test_json_admin_can_get_edit_info" file="/app/vendor/gammamatrix/playground-test/src/Feature/Http/Controllers/Resource/Playground/EditJsonTrait.php" line="58" class="Tests\Feature\Playground\Directory\Api\Http\Controllers\Playground\SublocationRouteTest" classname="Tests.Feature.Playground.Directory.Api.Http.Controllers.Playground.SublocationRouteTest" assertions="4" time="0.216929"/>
        <testcase name="test_json_edit_as_admin_and_fail_validation_with_invalid_parameter" file="/app/vendor/gammamatrix/playground-test/src/Feature/Http/Controllers/Resource/Playground/EditJsonTrait.php" line="87" class="Tests\Feature\Playground\Directory\Api\Http\Controllers\Playground\SublocationRouteTest" classname="Tests.Feature.Playground.Directory.Api.Http.Controllers.Playground.SublocationRouteTest" assertions="4" time="0.190503"/>
        <testcase name="test_json_guest_cannot_get_index" file="/app/vendor/gammamatrix/playground-test/src/Feature/Http/Controllers/Resource/Playground/IndexJsonTrait.php" line="34" class="Tests\Feature\Playground\Directory\Api\Http\Controllers\Playground\SublocationRouteTest" classname="Tests.Feature.Playground.Directory.Api.Http.Controllers.Playground.SublocationRouteTest" assertions="1" time="0.171868"/>
        <testcase name="test_json_admin_can_get_index" file="/app/vendor/gammamatrix/playground-test/src/Feature/Http/Controllers/Resource/Playground/IndexJsonTrait.php" line="49" class="Tests\Feature\Playground\Directory\Api\Http\Controllers\Playground\SublocationRouteTest" classname="Tests.Feature.Playground.Directory.Api.Http.Controllers.Playground.SublocationRouteTest" assertions="101" time="0.266685"/>
        <testcase name="test_json_admin_can_get_index_with_filters" file="/app/vendor/gammamatrix/playground-test/src/Feature/Http/Controllers/Resource/Playground/IndexJsonTrait.php" line="85" class="Tests\Feature\Playground\Directory\Api\Http\Controllers\Playground\SublocationRouteTest" classname="Tests.Feature.Playground.Directory.Api.Http.Controllers.Playground.SublocationRouteTest" assertions="3" time="0.197703"/>
        <testcase name="test_json_guest_cannot_lock" file="/app/vendor/gammamatrix/playground-test/src/Feature/Http/Controllers/Resource/Playground/LockJsonTrait.php" line="36" class="Tests\Feature\Playground\Directory\Api\Http\Controllers\Playground\SublocationRouteTest" classname="Tests.Feature.Playground.Directory.Api.Http.Controllers.Playground.SublocationRouteTest" assertions="3" time="0.171660"/>
        <testcase name="test_json_lock_as_admin_and_succeed" file="/app/vendor/gammamatrix/playground-test/src/Feature/Http/Controllers/Resource/Playground/LockJsonTrait.php" line="66" class="Tests\Feature\Playground\Directory\Api\Http\Controllers\Playground\SublocationRouteTest" classname="Tests.Feature.Playground.Directory.Api.Http.Controllers.Playground.SublocationRouteTest" assertions="3" time="0.198602"/>
        <testcase name="test_json_lock_as_admin_and_succeed_with_no_redirect" file="/app/vendor/gammamatrix/playground-test/src/Feature/Http/Controllers/Resource/Playground/LockJsonTrait.php" line="98" class="Tests\Feature\Playground\Directory\Api\Http\Controllers\Playground\SublocationRouteTest" classname="Tests.Feature.Playground.Directory.Api.Http.Controllers.Playground.SublocationRouteTest" assertions="96" time="0.198470"/>
        <testcase name="test_json_lock_as_user_and_get_denied" file="/app/vendor/gammamatrix/playground-test/src/Feature/Http/Controllers/Resource/Playground/LockJsonTrait.php" line="143" class="Tests\Feature\Playground\Directory\Api\Http\Controllers\Playground\SublocationRouteTest" classname="Tests.Feature.Playground.Directory.Api.Http.Controllers.Playground.SublocationRouteTest" assertions="3" time="0.181176"/>
        <testcase name="test_json_guest_cannot_restore" file="/app/vendor/gammamatrix/playground-test/src/Feature/Http/Controllers/Resource/Playground/RestoreJsonTrait.php" line="32" class="Tests\Feature\Playground\Directory\Api\Http\Controllers\Playground\SublocationRouteTest" classname="Tests.Feature.Playground.Directory.Api.Http.Controllers.Playground.SublocationRouteTest" assertions="3" time="0.177328"/>
        <testcase name="test_json_restore_as_admin_and_succeed" file="/app/vendor/gammamatrix/playground-test/src/Feature/Http/Controllers/Resource/Playground/RestoreJsonTrait.php" line="64" class="Tests\Feature\Playground\Directory\Api\Http\Controllers\Playground\SublocationRouteTest" classname="Tests.Feature.Playground.Directory.Api.Http.Controllers.Playground.SublocationRouteTest" assertions="96" time="0.201545"/>
        <testcase name="test_json_restore_as_admin_and_succeed_with_no_redirect" file="/app/vendor/gammamatrix/playground-test/src/Feature/Http/Controllers/Resource/Playground/RestoreJsonTrait.php" line="100" class="Tests\Feature\Playground\Directory\Api\Http\Controllers\Playground\SublocationRouteTest" classname="Tests.Feature.Playground.Directory.Api.Http.Controllers.Playground.SublocationRouteTest" assertions="96" time="0.196736"/>
        <testcase name="test_json_restore_as_user_and_get_denied" file="/app/vendor/gammamatrix/playground-test/src/Feature/Http/Controllers/Resource/Playground/RestoreJsonTrait.php" line="143" class="Tests\Feature\Playground\Directory\Api\Http\Controllers\Playground\SublocationRouteTest" classname="Tests.Feature.Playground.Directory.Api.Http.Controllers.Playground.SublocationRouteTest" assertions="3" time="0.183810"/>
        <testcase name="test_json_guest_cannot_restore_revision" file="/app/vendor/gammamatrix/playground-test/src/Feature/Http/Controllers/Resource/Playground/RestoreRevisionJsonTrait.php" line="43" class="Tests\Feature\Playground\Directory\Api\Http\Controllers\Playground\SublocationRouteTest" classname="Tests.Feature.Playground.Directory.Api.Http.Controllers.Playground.SublocationRouteTest" assertions="3" time="0.187118"/>
        <testcase name="test_json_restore_revision_as_admin_and_succeed" file="/app/vendor/gammamatrix/playground-test/src/Feature/Http/Controllers/Resource/Playground/RestoreRevisionJsonTrait.php" line="79" class="Tests\Feature\Playground\Directory\Api\Http\Controllers\Playground\SublocationRouteTest" classname="Tests.Feature.Playground.Directory.Api.Http.Controllers.Playground.SublocationRouteTest" assertions="96" time="0.276964"/>
        <testcase name="test_json_restore_revision_as_admin_and_succeed_without_redirect" file="/app/vendor/gammamatrix/playground-test/src/Feature/Http/Controllers/Resource/Playground/RestoreRevisionJsonTrait.php" line="119" class="Tests\Feature\Playground\Directory\Api\Http\Controllers\Playground\SublocationRouteTest" classname="Tests.Feature.Playground.Directory.Api.Http.Controllers.Playground.SublocationRouteTest" assertions="96" time="0.273371"/>
        <testcase name="test_json_restore_revision_as_user_and_get_denied" file="/app/vendor/gammamatrix/playground-test/src/Feature/Http/Controllers/Resource/Playground/RestoreRevisionJsonTrait.php" line="171" class="Tests\Feature\Playground\Directory\Api\Http\Controllers\Playground\SublocationRouteTest" classname="Tests.Feature.Playground.Directory.Api.Http.Controllers.Playground.SublocationRouteTest" assertions="3" time="0.198189"/>
        <testcase name="test_json_guest_cannot_render_revision_view" file="/app/vendor/gammamatrix/playground-test/src/Feature/Http/Controllers/Resource/Playground/RevisionJsonTrait.php" line="38" class="Tests\Feature\Playground\Directory\Api\Http\Controllers\Playground\SublocationRouteTest" classname="Tests.Feature.Playground.Directory.Api.Http.Controllers.Playground.SublocationRouteTest" assertions="2" time="0.188770"/>
        <testcase name="test_json_admin_can_get_revision_info" file="/app/vendor/gammamatrix/playground-test/src/Feature/Http/Controllers/Resource/Playground/RevisionJsonTrait.php" line="69" class="Tests\Feature\Playground\Directory\Api\Http\Controllers\Playground\SublocationRouteTest" classname="Tests.Feature.Playground.Directory.Api.Http.Controllers.Playground.SublocationRouteTest" assertions="95" time="0.213107"/>
        <testcase name="test_json_guest_cannot_get_revisions" file="/app/vendor/gammamatrix/playground-test/src/Feature/Http/Controllers/Resource/Playground/RevisionsJsonTrait.php" line="34" class="Tests\Feature\Playground\Directory\Api\Http\Controllers\Playground\SublocationRouteTest" classname="Tests.Feature.Playground.Directory.Api.Http.Controllers.Playground.SublocationRouteTest" assertions="2" time="0.185366"/>
        <testcase name="test_json_admin_can_get_revisions" file="/app/vendor/gammamatrix/playground-test/src/Feature/Http/Controllers/Resource/Playground/RevisionsJsonTrait.php" line="63" class="Tests\Feature\Playground\Directory\Api\Http\Controllers\Playground\SublocationRouteTest" classname="Tests.Feature.Playground.Directory.Api.Http.Controllers.Playground.SublocationRouteTest" assertions="2" time="0.295530"/>
        <testcase name="test_json_admin_can_get_revisions_with_filters" file="/app/vendor/gammamatrix/playground-test/src/Feature/Http/Controllers/Resource/Playground/RevisionsJsonTrait.php" line="104" class="Tests\Feature\Playground\Directory\Api\Http\Controllers\Playground\SublocationRouteTest" classname="Tests.Feature.Playground.Directory.Api.Http.Controllers.Playground.SublocationRouteTest" assertions="102" time="0.211289"/>
        <testcase name="test_json_guest_cannot_see_info" file="/app/vendor/gammamatrix/playground-test/src/Feature/Http/Controllers/Resource/Playground/ShowJsonTrait.php" line="29" class="Tests\Feature\Playground\Directory\Api\Http\Controllers\Playground\SublocationRouteTest" classname="Tests.Feature.Playground.Directory.Api.Http.Controllers.Playground.SublocationRouteTest" assertions="1" time="0.177942"/>
        <testcase name="test_json_show_info_for_admin" file="/app/vendor/gammamatrix/playground-test/src/Feature/Http/Controllers/Resource/Playground/ShowJsonTrait.php" line="49" class="Tests\Feature\Playground\Directory\Api\Http\Controllers\Playground\SublocationRouteTest" classname="Tests.Feature.Playground.Directory.Api.Http.Controllers.Playground.SublocationRouteTest" assertions="95" time="0.196201"/>
        <testcase name="test_json_guest_cannot_store" file="/app/vendor/gammamatrix/playground-test/src/Feature/Http/Controllers/Resource/Playground/StoreJsonTrait.php" line="43" class="Tests\Feature\Playground\Directory\Api\Http\Controllers\Playground\SublocationRouteTest" classname="Tests.Feature.Playground.Directory.Api.Http.Controllers.Playground.SublocationRouteTest" assertions="3" time="0.175630"/>
        <testcase name="test_json_store_as_admin_without_payload_and_fail_validation" file="/app/vendor/gammamatrix/playground-test/src/Feature/Http/Controllers/Resource/Playground/StoreJsonTrait.php" line="66" class="Tests\Feature\Playground\Directory\Api\Http\Controllers\Playground\SublocationRouteTest" classname="Tests.Feature.Playground.Directory.Api.Http.Controllers.Playground.SublocationRouteTest" assertions="5" time="0.209652"/>
        <testcase name="test_json_store_as_admin_and_succeed" file="/app/vendor/gammamatrix/playground-test/src/Feature/Http/Controllers/Resource/Playground/StoreJsonTrait.php" line="92" class="Tests\Feature\Playground\Directory\Api\Http\Controllers\Playground\SublocationRouteTest" classname="Tests.Feature.Playground.Directory.Api.Http.Controllers.Playground.SublocationRouteTest" assertions="3" time="0.225262"/>
        <testcase name="test_json_guest_cannot_unlock" file="/app/vendor/gammamatrix/playground-test/src/Feature/Http/Controllers/Resource/Playground/UnlockJsonTrait.php" line="36" class="Tests\Feature\Playground\Directory\Api\Http\Controllers\Playground\SublocationRouteTest" classname="Tests.Feature.Playground.Directory.Api.Http.Controllers.Playground.SublocationRouteTest" assertions="3" time="0.181887"/>
        <testcase name="test_json_unlock_as_admin_and_succeed" file="/app/vendor/gammamatrix/playground-test/src/Feature/Http/Controllers/Resource/Playground/UnlockJsonTrait.php" line="68" class="Tests\Feature\Playground\Directory\Api\Http\Controllers\Playground\SublocationRouteTest" classname="Tests.Feature.Playground.Directory.Api.Http.Controllers.Playground.SublocationRouteTest" assertions="96" time="0.206644"/>
        <testcase name="test_json_unlock_as_admin_and_succeed_with_no_redirect" file="/app/vendor/gammamatrix/playground-test/src/Feature/Http/Controllers/Resource/Playground/UnlockJsonTrait.php" line="104" class="Tests\Feature\Playground\Directory\Api\Http\Controllers\Playground\SublocationRouteTest" classname="Tests.Feature.Playground.Directory.Api.Http.Controllers.Playground.SublocationRouteTest" assertions="96" time="0.201521"/>
        <testcase name="test_json_unlock_as_user_and_get_denied" file="/app/vendor/gammamatrix/playground-test/src/Feature/Http/Controllers/Resource/Playground/UnlockJsonTrait.php" line="145" class="Tests\Feature\Playground\Directory\Api\Http\Controllers\Playground\SublocationRouteTest" classname="Tests.Feature.Playground.Directory.Api.Http.Controllers.Playground.SublocationRouteTest" assertions="3" time="0.189377"/>
        <testcase name="test_json_guest_cannot_update" file="/app/vendor/gammamatrix/playground-test/src/Feature/Http/Controllers/Resource/Playground/UpdateJsonTrait.php" line="45" class="Tests\Feature\Playground\Directory\Api\Http\Controllers\Playground\SublocationRouteTest" classname="Tests.Feature.Playground.Directory.Api.Http.Controllers.Playground.SublocationRouteTest" assertions="1" time="0.184160"/>
        <testcase name="test_json_update_as_admin_without_payload_and_fail_validation" file="/app/vendor/gammamatrix/playground-test/src/Feature/Http/Controllers/Resource/Playground/UpdateJsonTrait.php" line="65" class="Tests\Feature\Playground\Directory\Api\Http\Controllers\Playground\SublocationRouteTest" classname="Tests.Feature.Playground.Directory.Api.Http.Controllers.Playground.SublocationRouteTest" assertions="4" time="0.224918"/>
        <testcase name="test_json_admin_can_update" file="/app/vendor/gammamatrix/playground-test/src/Feature/Http/Controllers/Resource/Playground/UpdateJsonTrait.php" line="90" class="Tests\Feature\Playground\Directory\Api\Http\Controllers\Playground\SublocationRouteTest" classname="Tests.Feature.Playground.Directory.Api.Http.Controllers.Playground.SublocationRouteTest" assertions="98" time="0.280781"/>
      </testsuite>
      <testsuite name="Tests\Feature\Playground\Directory\Api\Http\Requests\FormRequest\InstanceTest" file="/app/tests/Feature/Http/Requests/FormRequest/InstanceTest.php" tests="1" assertions="1" errors="0" failures="0" skipped="0" time="0.158827">
        <testcase name="test_FormRequest_authorize_with_admin" file="/app/tests/Feature/Http/Requests/FormRequest/InstanceTest.php" line="21" class="Tests\Feature\Playground\Directory\Api\Http\Requests\FormRequest\InstanceTest" classname="Tests.Feature.Playground.Directory.Api.Http.Requests.FormRequest.InstanceTest" assertions="1" time="0.158827"/>
      </testsuite>
    </testsuite>
  </testsuite>
</testsuites>
